BLOCK00/SES002/SA002S12	SES002	-0.0102572	-5.85203	-5.84177
BLOCK00/SES002/SA002S13	SES002	0.165731	-7.31902	-7.48476
BLOCK00/SES002/SA002S23	SES002	-0.869087	-7.01819	-6.1491
BLOCK00/SES002/SA002S26	SES002	-0.297398	-9.33662	-9.03923
BLOCK00/SES002/SA002S28	SES002	-0.761356	-8.66773	-7.90637
BLOCK00/SES007/SA007S14	SES007	-0.233219	-6.22824	-5.99502
BLOCK00/SES007/SA007S15	SES007	-0.623078	-6.94559	-6.32251
BLOCK00/SES007/SA007S24	SES007	-0.313004	-5.8144	-5.5014
BLOCK00/SES007/SA007S27	SES007	-2.01738	-9.36389	-7.3465
BLOCK00/SES007/SA007S29	SES007	-0.351895	-5.35942	-5.00752
BLOCK00/SES008/SA008S11	SES008	0.738314	-3.62171	-4.36002
BLOCK00/SES008/SA008S12	SES008	-0.609356	-4.72963	-4.12028
BLOCK00/SES008/SA008S19	SES008	0.131479	-4.05054	-4.18202
BLOCK00/SES008/SA008S22	SES008	0.309175	-5.36226	-5.67144
BLOCK00/SES008/SA008S29	SES008	1.09761	-3.02961	-4.12722
BLOCK01/SES014/SA014S10	SES014	-0.49235	-5.9897	-5.49735
BLOCK01/SES014/SA014S12	SES014	0.136667	-5.24578	-5.38245
BLOCK01/SES014/SA014S24	SES014	1.11412	-5.61626	-6.73038
BLOCK01/SES014/SA014S26	SES014	0.466774	-6.59312	-7.0599
BLOCK01/SES014/SA014S28	SES014	1.57425	-3.11152	-4.68577
BLOCK01/SES016/SA016S12	SES016	0.612829	-7.87688	-8.48971
BLOCK01/SES016/SA016S13	SES016	-0.338815	-7.2939	-6.95509
BLOCK01/SES016/SA016S22	SES016	0.382069	-7.00583	-7.3879
BLOCK01/SES016/SA016S25	SES016	0.0344625	-5.22913	-5.2636
BLOCK01/SES016/SA016S27	SES016	0.00896549	-8.77417	-8.78313
BLOCK01/SES019/SA019S13	SES019	1.27061	-6.39254	-7.66315
BLOCK01/SES019/SA019S14	SES019	0.479261	-6.85447	-7.33373
BLOCK01/SES019/SA019S22	SES019	1.15965	-5.38496	-6.54461
BLOCK01/SES019/SA019S25	SES019	0.767735	-6.85517	-7.62291
BLOCK01/SES019/SA019S29	SES019	1.03871	-8.444	-9.48271
BLOCK02/SES029/SA029S11	SES029	0.455552	-4.91429	-5.36984
BLOCK02/SES029/SA029S12	SES029	-0.817769	-6.76429	-5.94652
BLOCK02/SES029/SA029S20	SES029	-0.0186534	-4.15113	-4.13248
BLOCK02/SES029/SA029S25	SES029	-0.626782	-6.27353	-5.64675
BLOCK02/SES029/SA029S28	SES029	-0.286422	-5.87044	-5.58401
BLOCK04/SES042/SA042S12	SES042	0.28364	-6.24727	-6.53091
BLOCK04/SES042/SA042S15	SES042	0.076211	-6.73445	-6.81066
BLOCK04/SES042/SA042S22	SES042	2.38194	-9.84929	-12.2312
BLOCK04/SES042/SA042S25	SES042	0.877894	-8.6498	-9.52769
BLOCK04/SES042/SA042S27	SES042	1.00143	-9.40517	-10.4066
BLOCK04/SES048/SA048S11	SES048	-0.374989	-4.9252	-4.55021
BLOCK04/SES048/SA048S12	SES048	-0.432787	-6.84136	-6.40857
BLOCK04/SES048/SA048S20	SES048	-0.276401	-6.25254	-5.97614
BLOCK04/SES048/SA048S23	SES048	0.221788	-4.57041	-4.7922
BLOCK04/SES048/SA048S27	SES048	-0.96488	-7.09756	-6.13268
BLOCK06/SES060/SA060S11	SES060	-0.0306234	-7.02648	-6.99586
BLOCK06/SES060/SA060S12	SES060	-0.820876	-9.70509	-8.88422
BLOCK06/SES060/SA060S22	SES060	-1.58769	-8.62338	-7.03569
BLOCK06/SES060/SA060S24	SES060	-0.264607	-4.4816	-4.21699
BLOCK06/SES060/SA060S28	SES060	0.0945463	-3.41683	-3.51138
BLOCK06/SES062/SA062S10	SES062	-1.18451	-7.20933	-6.02482
BLOCK06/SES062/SA062S11	SES062	-0.256632	-8.28284	-8.02621
BLOCK06/SES062/SA062S21	SES062	-0.244982	-3.0848	-2.83982
BLOCK06/SES062/SA062S26	SES062	-0.328618	-5.75594	-5.42732
BLOCK06/SES062/SA062S29	SES062	0.157708	-4.3644	-4.5221
BLOCK06/SES068/SA068S14	SES068	-0.83846	-6.18945	-5.35099
BLOCK06/SES068/SA068S15	SES068	0.188244	-5.74795	-5.93619
BLOCK06/SES068/SA068S23	SES068	-0.458295	-6.79116	-6.33286
BLOCK06/SES068/SA068S27	SES068	0.515547	-5.47268	-5.98822
BLOCK06/SES068/SA068S29	SES068	-0.433267	-7.14934	-6.71608
BLOCK08/SES082/SA082S12	SES082	-1.46731	-6.7953	-5.32799
BLOCK08/SES082/SA082S14	SES082	-0.0858736	-5.66668	-5.5808
BLOCK08/SES082/SA082S21	SES082	-0.515033	-5.39282	-4.87779
BLOCK08/SES082/SA082S24	SES082	-0.335981	-6.93468	-6.5987
BLOCK08/SES082/SA082S28	SES082	-0.406949	-7.30992	-6.90297
BLOCK08/SES083/SA083S14	SES083	-1.02965	-5.68556	-4.65591
BLOCK08/SES083/SA083S15	SES083	-0.595916	-7.0118	-6.41588
BLOCK08/SES083/SA083S24	SES083	-0.863396	-6.65897	-5.79557
BLOCK08/SES083/SA083S26	SES083	-1.04425	-8.96793	-7.92369
BLOCK08/SES083/SA083S29	SES083	-0.98232	-7.4542	-6.47188
BLOCK08/SES085/SA085S10	SES085	0.0591984	-4.34682	-4.40602
BLOCK08/SES085/SA085S13	SES085	-1.40091	-8.24351	-6.8426
BLOCK08/SES085/SA085S22	SES085	0.0919933	-4.84596	-4.93796
BLOCK08/SES085/SA085S26	SES085	-0.609265	-8.28946	-7.6802
BLOCK08/SES085/SA085S28	SES085	-0.0902438	-4.92017	-4.82993
BLOCK08/SES087/SA087S15	SES087	0.42707	-6.24019	-6.66726
BLOCK08/SES087/SA087S16	SES087	0.870904	-5.27227	-6.14317
BLOCK08/SES087/SA087S24	SES087	0.632977	-9.22579	-9.85877
BLOCK08/SES087/SA087S26	SES087	0.201295	-6.332	-6.53329
BLOCK08/SES087/SA087S29	SES087	0.538409	-4.51544	-5.05385
BLOCK09/SES099/SA099S15	SES099	0.632312	-7.26737	-7.89968
BLOCK09/SES099/SA099S16	SES099	0.127254	-4.45571	-4.58296
BLOCK09/SES099/SA099S24	SES099	0.654777	-5.52452	-6.1793
BLOCK09/SES099/SA099S26	SES099	0.0373359	-6.70697	-6.74431
BLOCK09/SES099/SA099S29	SES099	0.969019	-6.65201	-7.62103
BLOCK10/SES101/SA101S11	SES101	-0.75135	-6.03019	-5.27884
BLOCK10/SES101/SA101S13	SES101	0.0375473	-2.41208	-2.44962
BLOCK10/SES101/SA101S22	SES101	0.331613	-6.13375	-6.46536
BLOCK10/SES101/SA101S24	SES101	0.0354543	-5.88988	-5.92534
BLOCK10/SES101/SA101S28	SES101	0.428576	-5.48026	-5.90883
BLOCK10/SES104/SA104S11	SES104	0.457183	-4.87519	-5.33237
BLOCK10/SES104/SA104S12	SES104	0.307943	-5.98735	-6.29529
BLOCK10/SES104/SA104S21	SES104	0.871336	-5.59188	-6.46322
BLOCK10/SES104/SA104S24	SES104	-0.751675	-9.04276	-8.29108
BLOCK10/SES104/SA104S28	SES104	0.442274	-8.24353	-8.68581
BLOCK10/SES105/SA105S12	SES105	0.387518	-7.03061	-7.41813
BLOCK10/SES105/SA105S13	SES105	-0.960444	-7.28745	-6.32701
BLOCK10/SES105/SA105S22	SES105	-0.805265	-7.39165	-6.58639
BLOCK10/SES105/SA105S26	SES105	-0.965502	-8.6262	-7.6607
BLOCK10/SES105/SA105S29	SES105	0.104226	-4.96633	-5.07055
BLOCK10/SES106/SA106S09	SES106	-0.52828	-9.45379	-8.92551
BLOCK10/SES106/SA106S11	SES106	0.165621	-5.89471	-6.06033
BLOCK10/SES106/SA106S22	SES106	1.24053	-8.78778	-10.0283
BLOCK10/SES106/SA106S27	SES106	0.132231	-6.00176	-6.13399
BLOCK10/SES106/SA106S29	SES106	0.193963	-6.63862	-6.83258
BLOCK11/SES117/SA117S12	SES117	-0.339691	-7.6156	-7.27591
BLOCK11/SES117/SA117S13	SES117	-0.771421	-6.33161	-5.56019
BLOCK11/SES117/SA117S23	SES117	0.423759	-9.03602	-9.45978
BLOCK11/SES117/SA117S25	SES117	0.0996323	-6.71922	-6.81885
BLOCK11/SES117/SA117S28	SES117	0.153984	-8.58486	-8.73884
BLOCK12/SES120/SA120S08	SES120	0.0479031	-9.34177	-9.38968
BLOCK12/SES120/SA120S11	SES120	0.0534334	-13.2893	-13.3427
BLOCK12/SES120/SA120S22	SES120	-0.881517	-6.73883	-5.85731
BLOCK12/SES120/SA120S24	SES120	-1.14725	-10.9455	-9.79821
BLOCK12/SES120/SA120S28	SES120	-1.08627	-9.63384	-8.54757
BLOCK12/SES125/SA125S13	SES125	0.69176	-9.01846	-9.71022
BLOCK12/SES125/SA125S14	SES125	0.467163	-9.66238	-10.1295
BLOCK12/SES125/SA125S25	SES125	1.29252	-7.40308	-8.69559
BLOCK12/SES125/SA125S27	SES125	0.415695	-7.80962	-8.22532
BLOCK12/SES125/SA125S29	SES125	0.122013	-6.41195	-6.53397
BLOCK12/SES127/SA127S11	SES127	-0.167146	-5.30004	-5.1329
BLOCK12/SES127/SA127S12	SES127	0.0363326	-2.80444	-2.84077
BLOCK12/SES127/SA127S23	SES127	-0.341584	-4.41881	-4.07723
BLOCK12/SES127/SA127S25	SES127	-1.19419	-4.48847	-3.29428
BLOCK12/SES127/SA127S27	SES127	-0.400138	-4.61102	-4.21088
BLOCK12/SES129/SA129S11	SES129	0.380565	-4.11564	-4.49621
BLOCK12/SES129/SA129S12	SES129	-0.0836022	-3.84507	-3.76147
BLOCK12/SES129/SA129S22	SES129	-0.0264649	-4.13349	-4.10702
BLOCK12/SES129/SA129S27	SES129	0.844111	-3.76539	-4.6095
BLOCK12/SES129/SA129S29	SES129	-0.212804	-8.59225	-8.37944
BLOCK14/SES142/SA142S11	SES142	0.438018	-4.80189	-5.23991
BLOCK14/SES142/SA142S12	SES142	-0.0400782	-8.65172	-8.61164
BLOCK14/SES142/SA142S24	SES142	-0.315675	-7.669	-7.35333
BLOCK14/SES142/SA142S27	SES142	-0.47876	-7.40249	-6.92373
BLOCK14/SES142/SA142S29	SES142	-0.0566139	-7.19363	-7.13702
BLOCK14/SES143/SA143S12	SES143	-0.317858	-5.8271	-5.50925
BLOCK14/SES143/SA143S13	SES143	-0.298363	-5.7224	-5.42404
BLOCK14/SES143/SA143S23	SES143	-0.553049	-6.12798	-5.57493
BLOCK14/SES143/SA143S25	SES143	-0.327383	-8.13913	-7.81174
BLOCK14/SES143/SA143S28	SES143	-0.529577	-7.6468	-7.11722
BLOCK14/SES144/SA144S09	SES144	-0.330208	-5.4849	-5.15469
BLOCK14/SES144/SA144S11	SES144	-0.591819	-5.93121	-5.33939
BLOCK14/SES144/SA144S21	SES144	-1.04373	-5.79927	-4.75554
BLOCK14/SES144/SA144S25	SES144	-0.0458651	-5.87251	-5.82664
BLOCK14/SES144/SA144S29	SES144	-1.34797	-7.60923	-6.26126
BLOCK14/SES146/SA146S14	SES146	-0.303729	-6.44032	-6.13659
BLOCK14/SES146/SA146S15	SES146	-1.05297	-7.75788	-6.7049
BLOCK14/SES146/SA146S24	SES146	0.0153189	-7.15249	-7.16781
BLOCK14/SES146/SA146S26	SES146	-0.195811	-6.79629	-6.60048
BLOCK14/SES146/SA146S29	SES146	-0.317654	-8.22411	-7.90645
BLOCK14/SES147/SA147S11	SES147	-0.27605	-7.0201	-6.74405
BLOCK14/SES147/SA147S13	SES147	-0.259997	-4.3825	-4.1225
BLOCK14/SES147/SA147S23	SES147	-0.311259	-5.46123	-5.14997
BLOCK14/SES147/SA147S26	SES147	-0.0227075	-4.79804	-4.77533
BLOCK14/SES147/SA147S28	SES147	0.356576	-3.37679	-3.73336
BLOCK14/SES148/SA148S10	SES148	-0.675102	-4.52783	-3.85272
BLOCK14/SES148/SA148S12	SES148	-0.0145826	-5.88609	-5.87151
BLOCK14/SES148/SA148S22	SES148	0.0362639	-4.04332	-4.07959
BLOCK14/SES148/SA148S26	SES148	-0.937948	-3.49607	-2.55812
BLOCK14/SES148/SA148S29	SES148	-1.3423	-7.18088	-5.83858
BLOCK14/SES149/SA149S13	SES149	-1.04448	-5.96122	-4.91674
BLOCK14/SES149/SA149S14	SES149	-0.931516	-4.63543	-3.70392
BLOCK14/SES149/SA149S24	SES149	-0.309941	-5.43322	-5.12328
BLOCK14/SES149/SA149S26	SES149	0.0871172	-5.72693	-5.81404
BLOCK14/SES149/SA149S28	SES149	0.328781	-1.76056	-2.08935
BLOCK15/SES158/SA158S13	SES158	1.29621	-8.22165	-9.51786
BLOCK15/SES158/SA158S14	SES158	1.26707	-9.12562	-10.3927
BLOCK15/SES158/SA158S23	SES158	0.735785	-6.86462	-7.60041
BLOCK15/SES158/SA158S26	SES158	1.17075	-8.75245	-9.92319
BLOCK15/SES158/SA158S28	SES158	0.271829	-8.18575	-8.45757
BLOCK16/SES162/SA162S10	SES162	-0.104545	-7.6711	-7.56656
BLOCK16/SES162/SA162S11	SES162	-0.321851	-4.81186	-4.49001
BLOCK16/SES162/SA162S21	SES162	0.294565	-5.00684	-5.3014
BLOCK16/SES162/SA162S24	SES162	0.65306	-4.72417	-5.37723
BLOCK16/SES162/SA162S27	SES162	0.797379	-7.99293	-8.79031
BLOCK16/SES167/SA167S14	SES167	0.635344	-3.38755	-4.0229
BLOCK16/SES167/SA167S15	SES167	0.623011	-2.52062	-3.14363
BLOCK16/SES167/SA167S21	SES167	0.294537	-2.1225	-2.41704
BLOCK16/SES167/SA167S25	SES167	1.74498	-3.58615	-5.33113
BLOCK16/SES167/SA167S29	SES167	1.33713	-1.0792	-2.41634
BLOCK17/SES172/SA172S12	SES172	-0.303937	-7.08281	-6.77887
BLOCK17/SES172/SA172S13	SES172	-0.133042	-7.40311	-7.27007
BLOCK17/SES172/SA172S23	SES172	-0.230226	-4.54527	-4.31505
BLOCK17/SES172/SA172S27	SES172	-0.586575	-7.86494	-7.27836
BLOCK17/SES172/SA172S29	SES172	0.0671973	-5.41042	-5.47761
BLOCK17/SES175/SA175S11	SES175	-0.507786	-7.70663	-7.19885
BLOCK17/SES175/SA175S13	SES175	0.186414	-2.40762	-2.59404
BLOCK17/SES175/SA175S23	SES175	-0.0458198	-4.2976	-4.25178
BLOCK17/SES175/SA175S25	SES175	-0.470579	-6.68767	-6.21709
BLOCK17/SES175/SA175S28	SES175	-0.369621	-5.85841	-5.48879
BLOCK17/SES177/SA177S15	SES177	-0.757813	-7.13909	-6.38128
BLOCK17/SES177/SA177S17	SES177	-1.00058	-7.1773	-6.17673
BLOCK17/SES177/SA177S23	SES177	-0.95165	-6.92597	-5.97432
BLOCK17/SES177/SA177S26	SES177	-0.524148	-3.90074	-3.37659
BLOCK17/SES177/SA177S28	SES177	-0.574413	-8.19489	-7.62048
BLOCK18/SES180/SA180S13	SES180	-0.69242	-9.16723	-8.47481
BLOCK18/SES180/SA180S15	SES180	-0.35297	-4.98647	-4.6335
BLOCK18/SES180/SA180S24	SES180	-0.868357	-5.12987	-4.26151
BLOCK18/SES180/SA180S26	SES180	-1.18778	-6.50004	-5.31226
BLOCK18/SES180/SA180S29	SES180	-1.16501	-8.71163	-7.54663
BLOCK18/SES183/SA183S13	SES183	0.236628	-6.07385	-6.31048
BLOCK18/SES183/SA183S14	SES183	-0.781169	-6.39511	-5.61394
BLOCK18/SES183/SA183S24	SES183	-0.175602	-7.50774	-7.33214
BLOCK18/SES183/SA183S27	SES183	0.0875044	-6.76028	-6.84779
BLOCK18/SES183/SA183S29	SES183	0.112118	-5.20493	-5.31705
BLOCK18/SES187/SA187S13	SES187	-0.354038	-7.73037	-7.37633
BLOCK18/SES187/SA187S14	SES187	-1.03534	-8.4021	-7.36676
BLOCK18/SES187/SA187S24	SES187	-0.161525	-7.40466	-7.24314
BLOCK18/SES187/SA187S27	SES187	-1.14029	-6.6531	-5.51281
BLOCK18/SES187/SA187S29	SES187	-0.088583	-9.35928	-9.2707
BLOCK18/SES189/SA189S10	SES189	0.216886	-7.61577	-7.83266
BLOCK18/SES189/SA189S13	SES189	0.163425	-11.3894	-11.5528
BLOCK18/SES189/SA189S24	SES189	0.252196	-7.21455	-7.46675
BLOCK18/SES189/SA189S26	SES189	0.632751	-7.67938	-8.31213
BLOCK18/SES189/SA189S29	SES189	-0.0333629	-6.85321	-6.81985
BLOCK20/SES202/SA202S12	SES202	-0.328197	-9.19239	-8.86419
BLOCK20/SES202/SA202S14	SES202	-0.290112	-8.00843	-7.71832
BLOCK20/SES202/SA202S24	SES202	-0.650349	-8.69059	-8.04025
BLOCK20/SES202/SA202S27	SES202	-0.167931	-5.65044	-5.48251
BLOCK20/SES202/SA202S29	SES202	-0.239743	-6.63158	-6.39184
BLOCK20/SES206/SA206S15	SES206	-1.12152	-5.1203	-3.99878
BLOCK20/SES206/SA206S17	SES206	0.549022	-6.71938	-7.2684
BLOCK20/SES206/SA206S24	SES206	-0.133416	-5.59676	-5.46334
BLOCK20/SES206/SA206S27	SES206	0.92605	-7.88522	-8.81127
BLOCK20/SES206/SA206S29	SES206	0.180284	-8.2023	-8.38258
BLOCK22/SES226/SA226S12	SES226	0.658109	-5.89244	-6.55055
BLOCK22/SES226/SA226S13	SES226	-2.07566	-7.1467	-5.07104
BLOCK22/SES226/SA226S20	SES226	-0.335201	-6.14381	-5.80861
BLOCK22/SES226/SA226S23	SES226	-0.371583	-5.23522	-4.86364
BLOCK22/SES226/SA226S28	SES226	0.435633	-5.06719	-5.50282
BLOCK25/SES259/SA259S13	SES259	1.82423	-5.98135	-7.80557
BLOCK25/SES259/SA259S14	SES259	1.35075	-5.23917	-6.58991
BLOCK25/SES259/SA259S22	SES259	0.864358	-5.8171	-6.68145
BLOCK25/SES259/SA259S24	SES259	1.00164	-6.80876	-7.8104
BLOCK25/SES259/SA259S28	SES259	0.467607	-6.55926	-7.02687
BLOCK27/SES270/SA270S14	SES270	1.24032	-5.74393	-6.98425
BLOCK27/SES270/SA270S16	SES270	-0.220341	-5.5306	-5.31026
BLOCK27/SES270/SA270S22	SES270	0.996675	-5.3566	-6.35327
BLOCK27/SES270/SA270S26	SES270	1.82388	-6.26216	-8.08603
BLOCK27/SES270/SA270S28	SES270	0.859705	-4.12759	-4.9873
BLOCK27/SES275/SA275S17	SES275	-0.513831	-5.97041	-5.45658
BLOCK27/SES275/SA275S18	SES275	-0.838943	-6.68002	-5.84108
BLOCK27/SES275/SA275S24	SES275	-0.469529	-6.68205	-6.21252
BLOCK27/SES275/SA275S26	SES275	-0.0641813	-5.45993	-5.39575
BLOCK27/SES275/SA275S28	SES275	-0.875979	-6.45657	-5.58059
BLOCK29/SES292/SA292S10	SES292	-0.867619	-6.33784	-5.47022
BLOCK29/SES292/SA292S12	SES292	-1.16975	-8.55736	-7.38761
BLOCK29/SES292/SA292S22	SES292	-0.737748	-7.00675	-6.26901
BLOCK29/SES292/SA292S24	SES292	-0.717595	-4.85258	-4.13498
BLOCK29/SES292/SA292S27	SES292	-1.51496	-6.29182	-4.77687
BLOCK00/SES001/SA001S14	SES062	-2.96477	-11.3046	-8.33979
BLOCK00/SES001/SA001S14	SES082	-1.21169	-9.55148	-8.33979
BLOCK00/SES001/SA001S14	SES106	-1.85648	-10.1963	-8.33979
BLOCK00/SES001/SA001S14	SES206	-2.33693	-10.6767	-8.33979
BLOCK00/SES001/SA001S15	SES062	-1.92299	-8.72281	-6.79981
BLOCK00/SES001/SA001S15	SES104	-0.956611	-7.75642	-6.79981
BLOCK00/SES001/SA001S15	SES106	-0.888302	-7.68812	-6.79981
BLOCK00/SES001/SA001S15	SES206	-2.49243	-9.29224	-6.79981
BLOCK00/SES001/SA001S24	SES062	-3.90317	-11.8877	-7.98455
BLOCK00/SES001/SA001S24	SES082	-1.83601	-9.82057	-7.98455
BLOCK00/SES001/SA001S24	SES087	-4.64867	-12.6332	-7.98455
BLOCK00/SES001/SA001S24	SES206	-1.49349	-9.47804	-7.98455
BLOCK00/SES001/SA001S27	SES062	-1.58507	-5.69117	-4.1061
BLOCK00/SES001/SA001S27	SES082	-1.49618	-5.60228	-4.1061
BLOCK00/SES001/SA001S27	SES087	-1.76723	-5.87334	-4.1061
BLOCK00/SES001/SA001S27	SES206	-2.41535	-6.52145	-4.1061
BLOCK00/SES001/SA001S29	SES062	-2.75319	-10.4233	-7.67012
BLOCK00/SES001/SA001S29	SES082	-1.00505	-8.67517	-7.67012
BLOCK00/SES001/SA001S29	SES158	-1.51591	-9.18603	-7.67012
BLOCK00/SES001/SA001S29	SES206	-2.98494	-10.6551	-7.67012
BLOCK00/SES003/SA003S11	SES002	-0.422021	-5.41483	-4.99281
BLOCK00/SES003/SA003S11	SES019	-1.80861	-6.80143	-4.99281
BLOCK00/SES003/SA003S11	SES082	-0.797164	-5.78998	-4.99281
BLOCK00/SES003/SA003S11	SES125	-1.62022	-6.61303	-4.99281
BLOCK00/SES003/SA003S15	SES016	-1.9973	-7.83672	-5.83942
BLOCK00/SES003/SA003S15	SES019	-2.34354	-8.18296	-5.83942
BLOCK00/SES003/SA003S15	SES062	-1.10216	-6.94158	-5.83942
BLOCK00/SES003/SA003S15	SES206	-1.45239	-7.29181	-5.83942
BLOCK00/SES003/SA003S22	SES002	-0.402762	-5.95727	-5.55451
BLOCK00/SES003/SA003S22	SES062	-1.16002	-6.71453	-5.55451
BLOCK00/SES003/SA003S22	SES082	-1.53979	-7.0943	-5.55451
BLOCK00/SES003/SA003S22	SES087	-2.15375	-7.70825	-5.55451
BLOCK00/SES003/SA003S25	SES062	-2.1872	-10.0252	-7.83801
BLOCK00/SES003/SA003S25	SES082	-1.46828	-9.30629	-7.83801
BLOCK00/SES003/SA003S25	SES087	-0.0764666	-7.91447	-7.83801
BLOCK00/SES003/SA003S25	SES206	-1.52812	-9.36613	-7.83801
BLOCK00/SES003/SA003S29	SES002	-0.721435	-6.02321	-5.30177
BLOCK00/SES003/SA003S29	SES062	-2.05903	-7.3608	-5.30177
BLOCK00/SES003/SA003S29	SES082	-1.71273	-7.01451	-5.30177
BLOCK00/SES003/SA003S29	SES087	-1.36879	-6.67056	-5.30177
BLOCK00/SES004/SA004S12	SES083	-1.57614	-5.87355	-4.29741
BLOCK00/SES004/SA004S12	SES148	-1.72272	-6.02013	-4.29741
BLOCK00/SES004/SA004S12	SES172	-0.745253	-5.04266	-4.29741
BLOCK00/SES004/SA004S12	SES292	-2.13589	-6.4333	-4.29741
BLOCK00/SES004/SA004S17	SES083	-1.6519	-6.36319	-4.71129
BLOCK00/SES004/SA004S17	SES162	-0.981329	-5.69262	-4.71129
BLOCK00/SES004/SA004S17	SES172	-0.853802	-5.56509	-4.71129
BLOCK00/SES004/SA004S17	SES292	-1.77802	-6.48931	-4.71129
BLOCK00/SES004/SA004S24	SES083	-1.04284	-6.25039	-5.20755
BLOCK00/SES004/SA004S24	SES148	-2.9137	-8.12124	-5.20755
BLOCK00/SES004/SA004S24	SES172	-0.574801	-5.78235	-5.20755
BLOCK00/SES004/SA004S24	SES292	-1.58507	-6.79262	-5.20755
BLOCK00/SES004/SA004S26	SES083	-1.32002	-7.62457	-6.30456
BLOCK00/SES004/SA004S26	SES127	-1.76559	-8.07014	-6.30456
BLOCK00/SES004/SA004S26	SES148	-2.62249	-8.92704	-6.30456
BLOCK00/SES004/SA004S26	SES292	-2.26722	-8.57177	-6.30456
BLOCK00/SES004/SA004S28	SES083	-1.83207	-4.37768	-2.54561
BLOCK00/SES004/SA004S28	SES127	-1.0273	-3.57291	-2.54561
BLOCK00/SES004/SA004S28	SES187	-1.02843	-3.57404	-2.54561
BLOCK00/SES004/SA004S28	SES292	-1.64308	-4.18869	-2.54561
BLOCK00/SES006/SA006S10	SES014	-4.38913	-14.6985	-10.3094
BLOCK00/SES006/SA006S10	SES158	-4.00884	-14.3182	-10.3094
BLOCK00/SES006/SA006S10	SES226	-4.42462	-14.734	-10.3094
BLOCK00/SES006/SA006S10	SES270	-2.48433	-12.7937	-10.3094
BLOCK00/SES006/SA006S11	SES158	-3.75067	-12.8621	-9.11145
BLOCK00/SES006/SA006S11	SES226	-2.66558	-11.777	-9.11145
BLOCK00/SES006/SA006S11	SES270	-1.79278	-10.9042	-9.11145
BLOCK00/SES006/SA006S11	SES275	-2.15181	-11.2633	-9.11145
BLOCK00/SES006/SA006S23	SES062	-3.6101	-12.1403	-8.53019
BLOCK00/SES006/SA006S23	SES105	-3.67559	-12.2058	-8.53019
BLOCK00/SES006/SA006S23	SES158	-3.31944	-11.8496	-8.53019
BLOCK00/SES006/SA006S23	SES275	-2.27567	-10.8059	-8.53019
BLOCK00/SES006/SA006S26	SES104	-4.55401	-13.5127	-8.95866
BLOCK00/SES006/SA006S26	SES158	-3.56842	-12.5271	-8.95866
BLOCK00/SES006/SA006S26	SES270	-1.86517	-10.8238	-8.95866
BLOCK00/SES006/SA006S26	SES275	-2.90721	-11.8659	-8.95866
BLOCK00/SES006/SA006S28	SES007	-2.48953	-11.4103	-8.9208
BLOCK00/SES006/SA006S28	SES105	-3.56719	-12.488	-8.9208
BLOCK00/SES006/SA006S28	SES158	-2.91509	-11.8359	-8.9208
BLOCK00/SES006/SA006S28	SES275	-2.88745	-11.8083	-8.9208
BLOCK00/SES009/SA009S12	SES083	-2.39697	-9.70935	-7.31238
BLOCK00/SES009/SA009S12	SES148	-4.56766	-11.88	-7.31238
BLOCK00/SES009/SA009S12	SES177	-1.32641	-8.63879	-7.31238
BLOCK00/SES009/SA009S12	SES292	-1.78622	-9.0986	-7.31238
BLOCK00/SES009/SA009S15	SES007	-1.23459	-7.74327	-6.50868
BLOCK00/SES009/SA009S15	SES099	-4.17246	-10.6811	-6.50868
BLOCK00/SES009/SA009S15	SES148	-5.42498	-11.9337	-6.50868
BLOCK00/SES009/SA009S15	SES172	-0.979393	-7.48807	-6.50868
BLOCK00/SES009/SA009S24	SES146	-2.00628	-9.54211	-7.53583
BLOCK00/SES009/SA009S24	SES148	-4.77399	-12.3098	-7.53583
BLOCK00/SES009/SA009S24	SES177	-1.57626	-9.11209	-7.53583
BLOCK00/SES009/SA009S24	SES292	-1.94724	-9.48306	-7.53583
BLOCK00/SES009/SA009S26	SES083	-2.84223	-9.00428	-6.16206
BLOCK00/SES009/SA009S26	SES101	-2.85924	-9.02129	-6.16206
BLOCK00/SES009/SA009S26	SES120	-2.1956	-8.35766	-6.16206
BLOCK00/SES009/SA009S26	SES177	-1.81176	-7.97381	-6.16206
BLOCK00/SES009/SA009S29	SES083	-2.67919	-8.76666	-6.08747
BLOCK00/SES009/SA009S29	SES101	-2.24015	-8.32762	-6.08747
BLOCK00/SES009/SA009S29	SES177	-1.31221	-7.39968	-6.08747
BLOCK00/SES009/SA009S29	SES292	-1.93924	-8.02671	-6.08747
BLOCK01/SES011/SA011S10	SES019	-3.8215	-14.0289	-10.2074
BLOCK01/SES011/SA011S10	SES042	-1.29137	-11.4988	-10.2074
BLOCK01/SES011/SA011S10	SES082	-2.43945	-12.6468	-10.2074
BLOCK01/SES011/SA011S10	SES206	-1.39625	-11.6037	-10.2074
BLOCK01/SES011/SA011S11	SES019	-2.19205	-10.7089	-8.51687
BLOCK01/SES011/SA011S11	SES042	-0.851166	-9.36804	-8.51687
BLOCK01/SES011/SA011S11	SES082	-1.35175	-9.86863	-8.51687
BLOCK01/SES011/SA011S11	SES206	-2.13555	-10.6524	-8.51687
BLOCK01/SES011/SA011S22	SES019	-1.60096	-11.2898	-9.6888
BLOCK01/SES011/SA011S22	SES042	0.132486	-9.55631	-9.6888
BLOCK01/SES011/SA011S22	SES082	-1.05361	-10.7424	-9.6888
BLOCK01/SES011/SA011S22	SES206	-1.37829	-11.0671	-9.6888
BLOCK01/SES011/SA011S24	SES019	-3.37497	-12.0383	-8.66336
BLOCK01/SES011/SA011S24	SES042	-0.597293	-9.26065	-8.66336
BLOCK01/SES011/SA011S24	SES104	-1.16588	-9.82924	-8.66336
BLOCK01/SES011/SA011S24	SES206	-0.988731	-9.65209	-8.66336
BLOCK01/SES011/SA011S27	SES082	-0.992084	-8.88913	-7.89704
BLOCK01/SES011/SA011S27	SES087	-3.74703	-11.6441	-7.89704
BLOCK01/SES011/SA011S27	SES125	-2.09554	-9.99258	-7.89704
BLOCK01/SES011/SA011S27	SES206	-1.79648	-9.69352	-7.89704
BLOCK01/SES012/SA012S11	SES007	-1.16327	-6.46843	-5.30516
BLOCK01/SES012/SA012S11	SES082	-1.23135	-6.53651	-5.30516
BLOCK01/SES012/SA012S11	SES083	-1.74773	-7.05289	-5.30516
BLOCK01/SES012/SA012S11	SES206	-1.02787	-6.33303	-5.30516
BLOCK01/SES012/SA012S14	SES082	-1.19773	-8.88161	-7.68388
BLOCK01/SES012/SA012S14	SES087	-2.74426	-10.4281	-7.68388
BLOCK01/SES012/SA012S14	SES206	-1.01687	-8.70075	-7.68388
BLOCK01/SES012/SA012S14	SES292	-1.41649	-9.10038	-7.68388
BLOCK01/SES012/SA012S24	SES082	-1.7131	-10.9174	-9.20427
BLOCK01/SES012/SA012S24	SES087	-2.09282	-11.2971	-9.20427
BLOCK01/SES012/SA012S24	SES120	-1.64433	-10.8486	-9.20427
BLOCK01/SES012/SA012S24	SES206	-1.80516	-11.0094	-9.20427
BLOCK01/SES012/SA012S26	SES019	-4.82327	-14.1546	-9.33129
BLOCK01/SES012/SA012S26	SES082	-1.30085	-10.6321	-9.33129
BLOCK01/SES012/SA012S26	SES206	-0.436382	-9.76768	-9.33129
BLOCK01/SES012/SA012S26	SES292	-1.44588	-10.7772	-9.33129
BLOCK01/SES012/SA012S29	SES062	-1.83782	-5.26951	-3.43169
BLOCK01/SES012/SA012S29	SES082	-0.840708	-4.2724	-3.43169
BLOCK01/SES012/SA012S29	SES083	-1.64905	-5.08074	-3.43169
BLOCK01/SES012/SA012S29	SES206	-0.774342	-4.20603	-3.43169
BLOCK01/SES013/SA013S16	SES062	-3.4411	-12.087	-8.6459
BLOCK01/SES013/SA013S16	SES106	-2.31388	-10.9598	-8.6459
BLOCK01/SES013/SA013S16	SES206	-2.10336	-10.7493	-8.6459
BLOCK01/SES013/SA013S16	SES226	-2.02896	-10.6749	-8.6459
BLOCK01/SES013/SA013S17	SES062	-2.36373	-8.9088	-6.54507
BLOCK01/SES013/SA013S17	SES106	-2.79571	-9.34078	-6.54507
BLOCK01/SES013/SA013S17	SES206	-1.3316	-7.87666	-6.54507
BLOCK01/SES013/SA013S17	SES226	-1.77068	-8.31575	-6.54507
BLOCK01/SES013/SA013S23	SES104	-0.72471	-8.37863	-7.65392
BLOCK01/SES013/SA013S23	SES106	-1.64498	-9.2989	-7.65392
BLOCK01/SES013/SA013S23	SES206	-1.74404	-9.39796	-7.65392
BLOCK01/SES013/SA013S23	SES270	-1.74943	-9.40335	-7.65392
BLOCK01/SES013/SA013S25	SES042	-3.97385	-11.7019	-7.72801
BLOCK01/SES013/SA013S25	SES104	0.0704231	-7.65758	-7.72801
BLOCK01/SES013/SA013S25	SES106	-0.533593	-8.2616	-7.72801
BLOCK01/SES013/SA013S25	SES206	-1.4434	-9.17141	-7.72801
BLOCK01/SES013/SA013S29	SES062	-3.16031	-11.6946	-8.53429
BLOCK01/SES013/SA013S29	SES104	-0.913664	-9.44795	-8.53429
BLOCK01/SES013/SA013S29	SES106	-1.42834	-9.96263	-8.53429
BLOCK01/SES013/SA013S29	SES206	-1.93295	-10.4672	-8.53429
BLOCK02/SES021/SA021S13	SES016	-1.9425	-8.27382	-6.33132
BLOCK02/SES021/SA021S13	SES029	-1.84501	-8.17633	-6.33132
BLOCK02/SES021/SA021S13	SES087	-3.85415	-10.1855	-6.33132
BLOCK02/SES021/SA021S13	SES206	-2.12485	-8.45617	-6.33132
BLOCK02/SES021/SA021S15	SES087	-1.94051	-8.30663	-6.36612
BLOCK02/SES021/SA021S15	SES125	-1.37605	-7.74217	-6.36612
BLOCK02/SES021/SA021S15	SES206	-2.14814	-8.51426	-6.36612
BLOCK02/SES021/SA021S15	SES226	-1.25631	-7.62243	-6.36612
BLOCK02/SES021/SA021S23	SES062	-2.98932	-10.1773	-7.18794
BLOCK02/SES021/SA021S23	SES087	-1.07952	-8.26746	-7.18794
BLOCK02/SES021/SA021S23	SES206	-1.80819	-8.99613	-7.18794
BLOCK02/SES021/SA021S23	SES226	-0.856694	-8.04463	-7.18794
BLOCK02/SES021/SA021S27	SES002	-2.47304	-6.55208	-4.07903
BLOCK02/SES021/SA021S27	SES016	-4.29416	-8.37319	-4.07903
BLOCK02/SES021/SA021S27	SES019	-2.44424	-6.52327	-4.07903
BLOCK02/SES021/SA021S27	SES062	-2.414	-6.49303	-4.07903
BLOCK02/SES021/SA021S29	SES087	-1.9362	-8.05009	-6.11388
BLOCK02/SES021/SA021S29	SES125	-2.84673	-8.96062	-6.11388
BLOCK02/SES021/SA021S29	SES206	-1.0307	-7.14458	-6.11388
BLOCK02/SES021/SA021S29	SES226	-2.03756	-8.15144	-6.11388
BLOCK04/SES043/SA043S09	SES083	-0.665781	-8.30522	-7.63943
BLOCK04/SES043/SA043S09	SES101	-0.939126	-8.57856	-7.63943
BLOCK04/SES043/SA043S09	SES144	-0.673856	-8.31329	-7.63943
BLOCK04/SES043/SA043S09	SES172	-1.18255	-8.82199	-7.63943
BLOCK04/SES043/SA043S11	SES083	-0.761871	-5.27874	-4.51687
BLOCK04/SES043/SA043S11	SES101	-1.2356	-5.75247	-4.51687
BLOCK04/SES043/SA043S11	SES144	-0.403457	-4.92033	-4.51687
BLOCK04/SES043/SA043S11	SES172	-1.91517	-6.43204	-4.51687
BLOCK04/SES043/SA043S23	SES083	-0.919238	-5.92768	-5.00844
BLOCK04/SES043/SA043S23	SES144	-0.454484	-5.46293	-5.00844
BLOCK04/SES043/SA043S23	SES177	-1.37903	-6.38747	-5.00844
BLOCK04/SES043/SA043S23	SES275	-1.36057	-6.36902	-5.00844
BLOCK04/SES043/SA043S26	SES083	-1.34374	-10.8541	-9.51037
BLOCK04/SES043/SA043S26	SES101	-1.10797	-10.6183	-9.51037
BLOCK04/SES043/SA043S26	SES144	-0.82419	-10.3346	-9.51037
BLOCK04/SES043/SA043S26	SES177	-2.01068	-11.521	-9.51037
BLOCK04/SES043/SA043S28	SES016	-1.59771	-7.87882	-6.2811
BLOCK04/SES043/SA043S28	SES083	-1.12734	-7.40845	-6.2811
BLOCK04/SES043/SA043S28	SES101	-1.2579	-7.539	-6.2811
BLOCK04/SES043/SA043S28	SES144	-1.47251	-7.75361	-6.2811
BLOCK04/SES044/SA044S10	SES127	-3.92118	-14.0548	-10.1336
BLOCK04/SES044/SA044S10	SES144	-1.04994	-11.1836	-10.1336
BLOCK04/SES044/SA044S10	SES147	-3.49922	-13.6329	-10.1336
BLOCK04/SES044/SA044S10	SES148	-1.7594	-11.893	-10.1336
BLOCK04/SES044/SA044S11	SES101	-1.71301	-9.58986	-7.87685
BLOCK04/SES044/SA044S11	SES144	-0.583287	-8.46014	-7.87685
BLOCK04/SES044/SA044S11	SES147	-2.13848	-10.0153	-7.87685
BLOCK04/SES044/SA044S11	SES177	-1.85835	-9.7352	-7.87685
BLOCK04/SES044/SA044S24	SES007	-2.67153	-10.0607	-7.38912
BLOCK04/SES044/SA044S24	SES101	-1.35704	-8.74617	-7.38912
BLOCK04/SES044/SA044S24	SES147	-2.6541	-10.0432	-7.38912
BLOCK04/SES044/SA044S24	SES177	-1.96709	-9.35621	-7.38912
BLOCK04/SES044/SA044S26	SES007	-1.93633	-6.65666	-4.72033
BLOCK04/SES044/SA044S26	SES016	-1.39726	-6.11759	-4.72033
BLOCK04/SES044/SA044S26	SES101	-1.78708	-6.50741	-4.72033
BLOCK04/SES044/SA044S26	SES147	-1.14249	-5.86283	-4.72033
BLOCK04/SES044/SA044S29	SES007	-2.7297	-8.66111	-5.93141
BLOCK04/SES044/SA044S29	SES101	-1.29069	-7.2221	-5.93141
BLOCK04/SES044/SA044S29	SES147	-1.60517	-7.53658	-5.93141
BLOCK04/SES044/SA044S29	SES177	-2.40402	-8.33543	-5.93141
BLOCK04/SES046/SA046S13	SES101	-0.696844	-8.70102	-8.00418
BLOCK04/SES046/SA046S13	SES144	-0.714972	-8.71915	-8.00418
BLOCK04/SES046/SA046S13	SES147	-1.18992	-9.1941	-8.00418
BLOCK04/SES046/SA046S13	SES177	-1.51544	-9.51962	-8.00418
BLOCK04/SES046/SA046S15	SES048	-0.8546	-5.12622	-4.27162
BLOCK04/SES046/SA046S15	SES083	-2.06656	-6.33818	-4.27162
BLOCK04/SES046/SA046S15	SES120	-2.38295	-6.65456	-4.27162
BLOCK04/SES046/SA046S15	SES148	-1.75376	-6.02538	-4.27162
BLOCK04/SES046/SA046S22	SES101	-0.99109	-8.04376	-7.05267
BLOCK04/SES046/SA046S22	SES144	-0.34686	-7.39953	-7.05267
BLOCK04/SES046/SA046S22	SES147	-1.21842	-8.2711	-7.05267
BLOCK04/SES046/SA046S22	SES172	-0.927967	-7.98064	-7.05267
BLOCK04/SES046/SA046S25	SES083	-1.08443	-5.22817	-4.14373
BLOCK04/SES046/SA046S25	SES127	-1.45913	-5.60286	-4.14373
BLOCK04/SES046/SA046S25	SES144	-1.02043	-5.16417	-4.14373
BLOCK04/SES046/SA046S25	SES148	-1.23682	-5.38055	-4.14373
BLOCK04/SES046/SA046S28	SES007	-1.88116	-7.25687	-5.37572
BLOCK04/SES046/SA046S28	SES105	-2.56823	-7.94394	-5.37572
BLOCK04/SES046/SA046S28	SES147	-1.33447	-6.71019	-5.37572
BLOCK04/SES046/SA046S28	SES148	-2.43948	-7.8152	-5.37572
BLOCK04/SES049/SA049S16	SES104	-1.05403	-9.3346	-8.28057
BLOCK04/SES049/SA049S16	SES106	-2.66839	-10.949	-8.28057
BLOCK04/SES049/SA049S16	SES120	-1.91706	-10.1976	-8.28057
BLOCK04/SES049/SA049S16	SES206	-2.06463	-10.3452	-8.28057
BLOCK04/SES049/SA049S18	SES099	-0.144159	-8.34414	-8.19998
BLOCK04/SES049/SA049S18	SES104	-1.4493	-9.64928	-8.19998
BLOCK04/SES049/SA049S18	SES125	-2.06701	-10.267	-8.19998
BLOCK04/SES049/SA049S18	SES206	-2.1894	-10.3894	-8.19998
BLOCK04/SES049/SA049S25	SES087	-1.19803	-9.69372	-8.49569
BLOCK04/SES049/SA049S25	SES104	-0.395042	-8.89073	-8.49569
BLOCK04/SES049/SA049S25	SES125	-1.93073	-10.4264	-8.49569
BLOCK04/SES049/SA049S25	SES206	-1.45172	-9.94741	-8.49569
BLOCK04/SES049/SA049S27	SES099	-1.49506	-4.70369	-3.20863
BLOCK04/SES049/SA049S27	SES104	-0.486489	-3.69512	-3.20863
BLOCK04/SES049/SA049S27	SES125	-1.7758	-4.98443	-3.20863
BLOCK04/SES049/SA049S27	SES206	-1.78791	-4.99655	-3.20863
BLOCK04/SES049/SA049S29	SES099	0.171301	-4.58463	-4.75593
BLOCK04/SES049/SA049S29	SES104	0.262257	-4.49367	-4.75593
BLOCK04/SES049/SA049S29	SES125	-0.723571	-5.4795	-4.75593
BLOCK04/SES049/SA049S29	SES206	-0.928566	-5.6845	-4.75593
BLOCK06/SES063/SA063S09	SES068	-2.03333	-10.581	-8.54765
BLOCK06/SES063/SA063S09	SES083	-1.02978	-9.57744	-8.54765
BLOCK06/SES063/SA063S09	SES177	-1.49997	-10.0476	-8.54765
BLOCK06/SES063/SA063S09	SES187	-2.19571	-10.7434	-8.54765
BLOCK06/SES063/SA063S10	SES068	-2.3655	-10.4011	-8.03563
BLOCK06/SES063/SA063S10	SES083	-1.56266	-9.59829	-8.03563
BLOCK06/SES063/SA063S10	SES172	-1.50089	-9.53652	-8.03563
BLOCK06/SES063/SA063S10	SES187	-1.52838	-9.56401	-8.03563
BLOCK06/SES063/SA063S20	SES068	-2.5407	-11.2533	-8.71263
BLOCK06/SES063/SA063S20	SES083	-1.64232	-10.355	-8.71263
BLOCK06/SES063/SA063S20	SES172	-1.65144	-10.3641	-8.71263
BLOCK06/SES063/SA063S20	SES187	-1.65236	-10.365	-8.71263
BLOCK06/SES063/SA063S24	SES029	-2.51781	-11.3517	-8.83387
BLOCK06/SES063/SA063S24	SES083	-0.248558	-9.08243	-8.83387
BLOCK06/SES063/SA063S24	SES177	-1.23036	-10.0642	-8.83387
BLOCK06/SES063/SA063S24	SES189	-1.40584	-10.2397	-8.83387
BLOCK06/SES063/SA063S27	SES083	-1.10019	-9.87244	-8.77225
BLOCK06/SES063/SA063S27	SES172	-1.75695	-10.5292	-8.77225
BLOCK06/SES063/SA063S27	SES187	-1.9537	-10.7259	-8.77225
BLOCK06/SES063/SA063S27	SES292	-1.78347	-10.5557	-8.77225
BLOCK06/SES067/SA067S12	SES083	-1.65324	-7.69605	-6.04281
BLOCK06/SES067/SA067S12	SES172	-2.30981	-8.35261	-6.04281
BLOCK06/SES067/SA067S12	SES202	-1.56895	-7.61175	-6.04281
BLOCK06/SES067/SA067S12	SES292	-1.58402	-7.62683	-6.04281
BLOCK06/SES067/SA067S14	SES085	-1.35379	-4.51828	-3.16449
BLOCK06/SES067/SA067S14	SES177	-2.74283	-5.90733	-3.16449
BLOCK06/SES067/SA067S14	SES183	-0.381113	-3.54561	-3.16449
BLOCK06/SES067/SA067S14	SES202	-2.21625	-5.38074	-3.16449
BLOCK06/SES067/SA067S21	SES144	-1.52443	-7.98011	-6.45568
BLOCK06/SES067/SA067S21	SES177	-1.67324	-8.12892	-6.45568
BLOCK06/SES067/SA067S21	SES183	-0.626745	-7.08243	-6.45568
BLOCK06/SES067/SA067S21	SES189	-1.70077	-8.15645	-6.45568
BLOCK06/SES067/SA067S25	SES085	-1.84927	-8.43534	-6.58607
BLOCK06/SES067/SA067S25	SES177	-1.55259	-8.13867	-6.58607
BLOCK06/SES067/SA067S25	SES183	-1.7375	-8.32357	-6.58607
BLOCK06/SES067/SA067S25	SES202	-2.80115	-9.38722	-6.58607
BLOCK06/SES067/SA067S29	SES085	-2.93935	-10.7877	-7.84831
BLOCK06/SES067/SA067S29	SES177	-2.94751	-10.7958	-7.84831
BLOCK06/SES067/SA067S29	SES183	-1.20738	-9.05569	-7.84831
BLOCK06/SES067/SA067S29	SES202	-3.10734	-10.9557	-7.84831
BLOCK06/SES069/SA069S12	SES029	-1.85597	-7.00921	-5.15324
BLOCK06/SES069/SA069S12	SES082	-0.916529	-6.06977	-5.15324
BLOCK06/SES069/SA069S12	SES087	-1.40925	-6.56249	-5.15324
BLOCK06/SES069/SA069S12	SES206	-1.20843	-6.36167	-5.15324
BLOCK06/SES069/SA069S13	SES029	-1.50597	-6.11444	-4.60847
BLOCK06/SES069/SA069S13	SES087	-0.501751	-5.11022	-4.60847
BLOCK06/SES069/SA069S13	SES206	-1.71521	-6.32368	-4.60847
BLOCK06/SES069/SA069S13	SES226	-0.0564675	-4.66494	-4.60847
BLOCK06/SES069/SA069S23	SES029	-0.614447	-3.69611	-3.08166
BLOCK06/SES069/SA069S23	SES087	0.326765	-2.7549	-3.08166
BLOCK06/SES069/SA069S23	SES206	-0.730524	-3.81219	-3.08166
BLOCK06/SES069/SA069S23	SES226	-0.0326028	-3.11427	-3.08166
BLOCK06/SES069/SA069S25	SES087	-0.701095	-5.81207	-5.11097
BLOCK06/SES069/SA069S25	SES206	-2.60333	-7.7143	-5.11097
BLOCK06/SES069/SA069S25	SES226	-0.847119	-5.95809	-5.11097
BLOCK06/SES069/SA069S25	SES270	-2.10125	-7.21222	-5.11097
BLOCK06/SES069/SA069S27	SES087	-1.89912	-7.51256	-5.61344
BLOCK06/SES069/SA069S27	SES206	-1.3841	-6.99754	-5.61344
BLOCK06/SES069/SA069S27	SES226	-1.01344	-6.62688	-5.61344
BLOCK06/SES069/SA069S27	SES270	-2.40837	-8.02181	-5.61344
BLOCK08/SES081/SA081S11	SES060	-2.78224	-10.8114	-8.02912
BLOCK08/SES081/SA081S11	SES062	-2.0645	-10.0936	-8.02912
BLOCK08/SES081/SA081S11	SES117	-2.99272	-11.0218	-8.02912
BLOCK08/SES081/SA081S11	SES162	-3.01273	-11.0418	-8.02912
BLOCK08/SES081/SA081S13	SES016	-1.89312	-7.58431	-5.69119
BLOCK08/SES081/SA081S13	SES060	-1.2836	-6.97478	-5.69119
BLOCK08/SES081/SA081S13	SES068	-1.66991	-7.3611	-5.69119
BLOCK08/SES081/SA081S13	SES129	-2.42136	-8.11255	-5.69119
BLOCK08/SES081/SA081S24	SES060	-1.67473	-7.70842	-6.03369
BLOCK08/SES081/SA081S24	SES068	-1.57973	-7.61343	-6.03369
BLOCK08/SES081/SA081S24	SES117	-2.33559	-8.36928	-6.03369
BLOCK08/SES081/SA081S24	SES275	-1.86985	-7.90354	-6.03369
BLOCK08/SES081/SA081S27	SES007	-2.15764	-12.5551	-10.3975
BLOCK08/SES081/SA081S27	SES060	-3.14979	-13.5473	-10.3975
BLOCK08/SES081/SA081S27	SES117	-2.00819	-12.4057	-10.3975
BLOCK08/SES081/SA081S27	SES275	-3.13263	-13.5301	-10.3975
BLOCK08/SES081/SA081S29	SES007	-1.04513	-11.1218	-10.0766
BLOCK08/SES081/SA081S29	SES060	-1.10699	-11.1836	-10.0766
BLOCK08/SES081/SA081S29	SES117	-1.24586	-11.3225	-10.0766
BLOCK08/SES081/SA081S29	SES275	-2.30525	-12.3819	-10.0766
BLOCK08/SES086/SA086S11	SES029	-3.35187	-13.5939	-10.242
BLOCK08/SES086/SA086S11	SES082	-1.6792	-11.9212	-10.242
BLOCK08/SES086/SA086S11	SES087	-0.165983	-10.408	-10.242
BLOCK08/SES086/SA086S11	SES206	-1.74678	-11.9888	-10.242
BLOCK08/SES086/SA086S12	SES029	-1.9968	-9.97879	-7.98199
BLOCK08/SES086/SA086S12	SES082	-1.79129	-9.77328	-7.98199
BLOCK08/SES086/SA086S12	SES087	-0.14198	-8.12397	-7.98199
BLOCK08/SES086/SA086S12	SES206	-1.36846	-9.35045	-7.98199
BLOCK08/SES086/SA086S20	SES029	-1.78244	-9.30099	-7.51855
BLOCK08/SES086/SA086S20	SES082	-1.66584	-9.18439	-7.51855
BLOCK08/SES086/SA086S20	SES087	-0.507739	-8.02629	-7.51855
BLOCK08/SES086/SA086S20	SES206	-0.846278	-8.36483	-7.51855
BLOCK08/SES086/SA086S24	SES087	-0.315999	-9.03279	-8.71679
BLOCK08/SES086/SA086S24	SES104	-0.469971	-9.18676	-8.71679
BLOCK08/SES086/SA086S24	SES120	-0.645224	-9.36201	-8.71679
BLOCK08/SES086/SA086S24	SES206	-0.0633678	-8.78016	-8.71679
BLOCK08/SES086/SA086S28	SES029	-2.56987	-8.37286	-5.80299
BLOCK08/SES086/SA086S28	SES082	-1.37719	-7.18018	-5.80299
BLOCK08/SES086/SA086S28	SES087	-0.816017	-6.61901	-5.80299
BLOCK08/SES086/SA086S28	SES206	-1.06134	-6.86433	-5.80299
BLOCK08/SES089/SA089S13	SES087	-1.07367	-8.88051	-7.80685
BLOCK08/SES089/SA089S13	SES206	-2.18815	-9.995	-7.80685
BLOCK08/SES089/SA089S13	SES226	-0.497077	-8.30392	-7.80685
BLOCK08/SES089/SA089S13	SES270	-0.531131	-8.33798	-7.80685
BLOCK08/SES089/SA089S14	SES062	-2.04498	-9.2574	-7.21242
BLOCK08/SES089/SA089S14	SES087	-0.307645	-7.52007	-7.21242
BLOCK08/SES089/SA089S14	SES206	-1.70317	-8.91559	-7.21242
BLOCK08/SES089/SA089S14	SES226	-1.16383	-8.37625	-7.21242
BLOCK08/SES089/SA089S23	SES087	-1.89081	-11.8066	-9.91578
BLOCK08/SES089/SA089S23	SES206	-2.06985	-11.9856	-9.91578
BLOCK08/SES089/SA089S23	SES226	-1.60924	-11.525	-9.91578
BLOCK08/SES089/SA089S23	SES270	-2.11027	-12.026	-9.91578
BLOCK08/SES089/SA089S25	SES062	-1.70503	-9.33839	-7.63336
BLOCK08/SES089/SA089S25	SES087	-0.444674	-8.07803	-7.63336
BLOCK08/SES089/SA089S25	SES206	-2.1396	-9.77295	-7.63336
BLOCK08/SES089/SA089S25	SES226	-0.693829	-8.32718	-7.63336
BLOCK08/SES089/SA089S28	SES062	-2.37683	-9.49174	-7.1149
BLOCK08/SES089/SA089S28	SES087	0.0511951	-7.06371	-7.1149
BLOCK08/SES089/SA089S28	SES206	-1.79842	-8.91332	-7.1149
BLOCK08/SES089/SA089S28	SES226	-0.697126	-7.81203	-7.1149
BLOCK09/SES097/SA097S11	SES099	0.624693	-6.40886	-7.03356
BLOCK09/SES097/SA097S11	SES125	-1.19766	-8.23122	-7.03356
BLOCK09/SES097/SA097S11	SES206	-0.592667	-7.62622	-7.03356
BLOCK09/SES097/SA097S11	SES226	0.773915	-6.25964	-7.03356
BLOCK09/SES097/SA097S14	SES062	-2.23337	-7.73518	-5.50181
BLOCK09/SES097/SA097S14	SES099	-0.788992	-6.2908	-5.50181
BLOCK09/SES097/SA097S14	SES104	-1.39456	-6.89637	-5.50181
BLOCK09/SES097/SA097S14	SES206	-2.56031	-8.06211	-5.50181
BLOCK09/SES097/SA097S22	SES099	-0.182766	-6.81846	-6.63569
BLOCK09/SES097/SA097S22	SES206	-2.0906	-8.72629	-6.63569
BLOCK09/SES097/SA097S22	SES226	-1.23131	-7.867	-6.63569
BLOCK09/SES097/SA097S22	SES270	-1.44008	-8.07577	-6.63569
BLOCK09/SES097/SA097S26	SES099	1.79756	-6.75147	-8.54904
BLOCK09/SES097/SA097S26	SES120	-1.07047	-9.61951	-8.54904
BLOCK09/SES097/SA097S26	SES206	-1.44564	-9.99468	-8.54904
BLOCK09/SES097/SA097S26	SES226	0.985117	-7.56392	-8.54904
BLOCK09/SES097/SA097S28	SES099	0.824643	-5.77436	-6.59901
BLOCK09/SES097/SA097S28	SES120	-0.925847	-7.52485	-6.59901
BLOCK09/SES097/SA097S28	SES206	-1.21041	-7.80941	-6.59901
BLOCK09/SES097/SA097S28	SES226	-0.810128	-7.40913	-6.59901
BLOCK09/SES098/SA098S11	SES127	-2.5808	-8.71997	-6.13918
BLOCK09/SES098/SA098S11	SES144	-1.71587	-7.85505	-6.13918
BLOCK09/SES098/SA098S11	SES147	-1.43641	-7.57559	-6.13918
BLOCK09/SES098/SA098S11	SES148	-3.42792	-9.5671	-6.13918
BLOCK09/SES098/SA098S12	SES127	-2.73208	-11.3287	-8.59663
BLOCK09/SES098/SA098S12	SES144	-2.56606	-11.1627	-8.59663
BLOCK09/SES098/SA098S12	SES147	-1.66501	-10.2616	-8.59663
BLOCK09/SES098/SA098S12	SES189	-2.66072	-11.2574	-8.59663
BLOCK09/SES098/SA098S20	SES127	-4.25877	-13.6581	-9.39934
BLOCK09/SES098/SA098S20	SES147	-3.70955	-13.1089	-9.39934
BLOCK09/SES098/SA098S20	SES148	-8.04395	-17.4433	-9.39934
BLOCK09/SES098/SA098S20	SES292	-1.39114	-10.7905	-9.39934
BLOCK09/SES098/SA098S23	SES127	-2.12089	-9.22496	-7.10407
BLOCK09/SES098/SA098S23	SES147	-1.99832	-9.10239	-7.10407
BLOCK09/SES098/SA098S23	SES187	-1.62087	-8.72494	-7.10407
BLOCK09/SES098/SA098S23	SES292	-1.9761	-9.08017	-7.10407
BLOCK09/SES098/SA098S27	SES127	-3.1544	-11.3064	-8.15199
BLOCK09/SES098/SA098S27	SES147	-2.38357	-10.5356	-8.15199
BLOCK09/SES098/SA098S27	SES148	-3.23826	-11.3902	-8.15199
BLOCK09/SES098/SA098S27	SES292	-1.55026	-9.70224	-8.15199
BLOCK10/SES102/SA102S13	SES101	-1.43951	-11.1551	-9.71555
BLOCK10/SES102/SA102S13	SES105	-1.68289	-11.3984	-9.71555
BLOCK10/SES102/SA102S13	SES120	-2.0167	-11.7322	-9.71555
BLOCK10/SES102/SA102S13	SES158	-0.756158	-10.4717	-9.71555
BLOCK10/SES102/SA102S14	SES007	-1.00789	-6.10136	-5.09347
BLOCK10/SES102/SA102S14	SES101	-2.27432	-7.36779	-5.09347
BLOCK10/SES102/SA102S14	SES105	-1.90259	-6.99606	-5.09347
BLOCK10/SES102/SA102S14	SES147	-3.24114	-8.33462	-5.09347
BLOCK10/SES102/SA102S22	SES007	-1.74117	-7.66891	-5.92774
BLOCK10/SES102/SA102S22	SES101	-1.64025	-7.56799	-5.92774
BLOCK10/SES102/SA102S22	SES105	-1.72562	-7.65337	-5.92774
BLOCK10/SES102/SA102S22	SES158	-1.6911	-7.61884	-5.92774
BLOCK10/SES102/SA102S25	SES007	-1.55336	-7.71706	-6.1637
BLOCK10/SES102/SA102S25	SES101	-1.72138	-7.88508	-6.1637
BLOCK10/SES102/SA102S25	SES105	-2.26112	-8.42482	-6.1637
BLOCK10/SES102/SA102S25	SES147	-3.25426	-9.41796	-6.1637
BLOCK10/SES102/SA102S27	SES007	-0.878828	-6.26638	-5.38755
BLOCK10/SES102/SA102S27	SES101	-0.617229	-6.00478	-5.38755
BLOCK10/SES102/SA102S27	SES105	-1.79106	-7.17861	-5.38755
BLOCK10/SES102/SA102S27	SES147	-2.15134	-7.53889	-5.38755
BLOCK10/SES103/SA103S14	SES105	-2.24459	-12.5419	-10.2973
BLOCK10/SES103/SA103S14	SES106	-2.98102	-13.2783	-10.2973
BLOCK10/SES103/SA103S14	SES120	-2.51075	-12.808	-10.2973
BLOCK10/SES103/SA103S14	SES206	-2.50943	-12.8067	-10.2973
BLOCK10/SES103/SA103S15	SES099	-3.30235	-14.0968	-10.7945
BLOCK10/SES103/SA103S15	SES101	-2.13651	-12.931	-10.7945
BLOCK10/SES103/SA103S15	SES104	-2.27306	-13.0675	-10.7945
BLOCK10/SES103/SA103S15	SES125	-3.88725	-14.6817	-10.7945
BLOCK10/SES103/SA103S24	SES104	-1.76014	-8.71413	-6.95399
BLOCK10/SES103/SA103S24	SES125	-4.32425	-11.2782	-6.95399
BLOCK10/SES103/SA103S24	SES148	-3.03086	-9.98485	-6.95399
BLOCK10/SES103/SA103S24	SES158	-2.90056	-9.85455	-6.95399
BLOCK10/SES103/SA103S26	SES104	-1.71091	-11.3798	-9.66892
BLOCK10/SES103/SA103S26	SES106	-1.72188	-11.3908	-9.66892
BLOCK10/SES103/SA103S26	SES125	-2.32662	-11.9955	-9.66892
BLOCK10/SES103/SA103S26	SES148	-3.71427	-13.3832	-9.66892
BLOCK10/SES103/SA103S28	SES104	-2.13308	-12.482	-10.3489
BLOCK10/SES103/SA103S28	SES106	-3.65948	-14.0084	-10.3489
BLOCK10/SES103/SA103S28	SES125	-4.46576	-14.8147	-10.3489
BLOCK10/SES103/SA103S28	SES206	-3.05993	-13.4089	-10.3489
BLOCK12/SES121/SA121S12	SES042	-1.64944	-9.15783	-7.50839
BLOCK12/SES121/SA121S12	SES087	-1.95819	-9.46658	-7.50839
BLOCK12/SES121/SA121S12	SES105	-1.03794	-8.54633	-7.50839
BLOCK12/SES121/SA121S12	SES206	-0.477767	-7.98615	-7.50839
BLOCK12/SES121/SA121S14	SES007	-2.2002	-13.9954	-11.7952
BLOCK12/SES121/SA121S14	SES105	-1.8019	-13.5971	-11.7952
BLOCK12/SES121/SA121S14	SES106	-1.7499	-13.5451	-11.7952
BLOCK12/SES121/SA121S14	SES206	-1.32133	-13.1166	-11.7952
BLOCK12/SES121/SA121S23	SES105	-1.83665	-12.1164	-10.2798
BLOCK12/SES121/SA121S23	SES106	-1.73729	-12.0171	-10.2798
BLOCK12/SES121/SA121S23	SES120	-1.14951	-11.4293	-10.2798
BLOCK12/SES121/SA121S23	SES206	0.824542	-9.45526	-10.2798
BLOCK12/SES121/SA121S25	SES007	-1.57877	-13.1281	-11.5493
BLOCK12/SES121/SA121S25	SES105	-1.68793	-13.2373	-11.5493
BLOCK12/SES121/SA121S25	SES106	-1.56896	-13.1183	-11.5493
BLOCK12/SES121/SA121S25	SES206	-0.859608	-12.4089	-11.5493
BLOCK12/SES121/SA121S27	SES087	-0.0449324	-11.6402	-11.5953
BLOCK12/SES121/SA121S27	SES105	-2.55739	-14.1527	-11.5953
BLOCK12/SES121/SA121S27	SES120	-0.412448	-12.0077	-11.5953
BLOCK12/SES121/SA121S27	SES206	-0.564312	-12.1596	-11.5953
BLOCK12/SES124/SA124S16	SES042	-0.60535	-6.66578	-6.06043
BLOCK12/SES124/SA124S16	SES082	-1.77858	-7.83901	-6.06043
BLOCK12/SES124/SA124S16	SES183	-0.556867	-6.6173	-6.06043
BLOCK12/SES124/SA124S16	SES206	-2.12698	-8.18741	-6.06043
BLOCK12/SES124/SA124S17	SES105	-2.86253	-11.6632	-8.80068
BLOCK12/SES124/SA124S17	SES149	-1.77216	-10.5728	-8.80068
BLOCK12/SES124/SA124S17	SES158	-2.10526	-10.9059	-8.80068
BLOCK12/SES124/SA124S17	SES275	-2.45686	-11.2575	-8.80068
BLOCK12/SES124/SA124S23	SES105	-2.88223	-8.0878	-5.20557
BLOCK12/SES124/SA124S23	SES125	0.736773	-4.4688	-5.20557
BLOCK12/SES124/SA124S23	SES129	-1.66983	-6.8754	-5.20557
BLOCK12/SES124/SA124S23	SES158	-1.44685	-6.65242	-5.20557
BLOCK12/SES124/SA124S26	SES105	-2.59995	-10.1095	-7.50957
BLOCK12/SES124/SA124S26	SES125	-1.075	-8.58457	-7.50957
BLOCK12/SES124/SA124S26	SES129	-1.93849	-9.44806	-7.50957
BLOCK12/SES124/SA124S26	SES158	-1.16946	-8.67903	-7.50957
BLOCK12/SES124/SA124S28	SES104	-0.16983	-5.86667	-5.69684
BLOCK12/SES124/SA124S28	SES106	-0.398898	-6.09574	-5.69684
BLOCK12/SES124/SA124S28	SES125	0.306545	-5.39029	-5.69684
BLOCK12/SES124/SA124S28	SES275	-2.33347	-8.03031	-5.69684
BLOCK12/SES126/SA126S13	SES007	-1.68722	-9.68661	-7.99939
BLOCK12/SES126/SA126S13	SES162	-2.00122	-10.0006	-7.99939
BLOCK12/SES126/SA126S13	SES177	-1.6116	-9.61099	-7.99939
BLOCK12/SES126/SA126S13	SES180	-1.94379	-9.94318	-7.99939
BLOCK12/SES126/SA126S14	SES144	-2.13247	-8.54025	-6.40779
BLOCK12/SES126/SA126S14	SES148	-2.35512	-8.7629	-6.40779
BLOCK12/SES126/SA126S14	SES177	-1.417	-7.82479	-6.40779
BLOCK12/SES126/SA126S14	SES180	-2.02766	-8.43545	-6.40779
BLOCK12/SES126/SA126S20	SES007	-1.85298	-5.91722	-4.06424
BLOCK12/SES126/SA126S20	SES162	-1.29416	-5.3584	-4.06424
BLOCK12/SES126/SA126S20	SES172	-1.77137	-5.83562	-4.06424
BLOCK12/SES126/SA126S20	SES180	-1.09003	-5.15427	-4.06424
BLOCK12/SES126/SA126S24	SES120	-0.665905	-6.38015	-5.71425
BLOCK12/SES126/SA126S24	SES162	-1.22374	-6.93799	-5.71425
BLOCK12/SES126/SA126S24	SES177	-0.822445	-6.53669	-5.71425
BLOCK12/SES126/SA126S24	SES180	-1.04117	-6.75541	-5.71425
BLOCK12/SES126/SA126S26	SES120	-0.988876	-6.00868	-5.0198
BLOCK12/SES126/SA126S26	SES177	-1.80161	-6.82141	-5.0198
BLOCK12/SES126/SA126S26	SES180	-1.31092	-6.33072	-5.0198
BLOCK12/SES126/SA126S26	SES202	-1.24676	-6.26657	-5.0198
BLOCK12/SES128/SA128S10	SES087	-1.37217	-7.88645	-6.51428
BLOCK12/SES128/SA128S10	SES206	-1.46474	-7.97902	-6.51428
BLOCK12/SES128/SA128S10	SES226	-1.30364	-7.81792	-6.51428
BLOCK12/SES128/SA128S10	SES270	-1.45676	-7.97104	-6.51428
BLOCK12/SES128/SA128S12	SES120	-0.685184	-8.60297	-7.91778
BLOCK12/SES128/SA128S12	SES158	-2.13597	-10.0537	-7.91778
BLOCK12/SES128/SA128S12	SES206	-1.36439	-9.28218	-7.91778
BLOCK12/SES128/SA128S12	SES226	-2.01181	-9.92959	-7.91778
BLOCK12/SES128/SA128S21	SES106	-3.35497	-9.88443	-6.52946
BLOCK12/SES128/SA128S21	SES120	-1.3612	-7.89066	-6.52946
BLOCK12/SES128/SA128S21	SES206	-2.1537	-8.68317	-6.52946
BLOCK12/SES128/SA128S21	SES226	-1.95084	-8.4803	-6.52946
BLOCK12/SES128/SA128S24	SES087	-0.87453	-9.39167	-8.51714
BLOCK12/SES128/SA128S24	SES120	-0.777228	-9.29437	-8.51714
BLOCK12/SES128/SA128S24	SES206	-1.39808	-9.91522	-8.51714
BLOCK12/SES128/SA128S24	SES226	-1.44903	-9.96617	-8.51714
BLOCK12/SES128/SA128S27	SES099	-1.36492	-8.14862	-6.7837
BLOCK12/SES128/SA128S27	SES120	-1.23609	-8.01978	-6.7837
BLOCK12/SES128/SA128S27	SES206	-2.08992	-8.87362	-6.7837
BLOCK12/SES128/SA128S27	SES226	-2.01318	-8.79688	-6.7837
BLOCK13/SES130/SA130S13	SES143	-1.11294	-8.58372	-7.47079
BLOCK13/SES130/SA130S13	SES144	-0.618455	-8.08924	-7.47079
BLOCK13/SES130/SA130S13	SES146	-2.49222	-9.96301	-7.47079
BLOCK13/SES130/SA130S13	SES275	-2.38232	-9.85311	-7.47079
BLOCK13/SES130/SA130S15	SES143	-1.73052	-6.98953	-5.25901
BLOCK13/SES130/SA130S15	SES144	-0.391717	-5.65072	-5.25901
BLOCK13/SES130/SA130S15	SES146	-1.53678	-6.79578	-5.25901
BLOCK13/SES130/SA130S15	SES275	-1.76769	-7.02669	-5.25901
BLOCK13/SES130/SA130S23	SES127	-1.47313	-6.58179	-5.10865
BLOCK13/SES130/SA130S23	SES144	-0.323318	-5.43197	-5.10865
BLOCK13/SES130/SA130S23	SES146	-1.35595	-6.4646	-5.10865
BLOCK13/SES130/SA130S23	SES162	-0.479799	-5.58845	-5.10865
BLOCK13/SES130/SA130S25	SES127	-1.55397	-4.77518	-3.22121
BLOCK13/SES130/SA130S25	SES144	-0.565652	-3.78686	-3.22121
BLOCK13/SES130/SA130S25	SES146	-1.18964	-4.41086	-3.22121
BLOCK13/SES130/SA130S25	SES275	-1.43024	-4.65145	-3.22121
BLOCK13/SES130/SA130S28	SES127	-1.78019	-7.40592	-5.62574
BLOCK13/SES130/SA130S28	SES144	-1.78126	-7.40699	-5.62574
BLOCK13/SES130/SA130S28	SES146	-1.29234	-6.91808	-5.62574
BLOCK13/SES130/SA130S28	SES275	-1.40775	-7.03349	-5.62574
BLOCK13/SES131/SA131S13	SES002	-1.72197	-8.95825	-7.23628
BLOCK13/SES131/SA131S13	SES007	-1.60183	-8.83812	-7.23628
BLOCK13/SES131/SA131S13	SES099	-1.08116	-8.31744	-7.23628
BLOCK13/SES131/SA131S13	SES105	-1.13105	-8.36733	-7.23628
BLOCK13/SES131/SA131S14	SES104	-0.814934	-3.92162	-3.10669
BLOCK13/SES131/SA131S14	SES106	-1.72786	-4.83454	-3.10669
BLOCK13/SES131/SA131S14	SES125	-1.34856	-4.45524	-3.10669
BLOCK13/SES131/SA131S14	SES148	-0.114599	-3.22129	-3.10669
BLOCK13/SES131/SA131S20	SES104	-2.87233	-11.5908	-8.71852
BLOCK13/SES131/SA131S20	SES106	-2.41112	-11.1296	-8.71852
BLOCK13/SES131/SA131S20	SES125	-2.24513	-10.9636	-8.71852
BLOCK13/SES131/SA131S20	SES148	-1.93278	-10.6513	-8.71852
BLOCK13/SES131/SA131S22	SES099	-2.32907	-8.11522	-5.78615
BLOCK13/SES131/SA131S22	SES104	-1.16652	-6.95267	-5.78615
BLOCK13/SES131/SA131S22	SES125	-1.11845	-6.90461	-5.78615
BLOCK13/SES131/SA131S22	SES206	-1.84452	-7.63067	-5.78615
BLOCK13/SES131/SA131S29	SES087	-1.5192	-9.2109	-7.6917
BLOCK13/SES131/SA131S29	SES104	-3.43832	-11.13	-7.6917
BLOCK13/SES131/SA131S29	SES125	-5.03438	-12.7261	-7.6917
BLOCK13/SES131/SA131S29	SES206	-3.3553	-11.047	-7.6917
BLOCK13/SES132/SA132S11	SES083	-1.90802	-11.0984	-9.19034
BLOCK13/SES132/SA132S11	SES120	-0.214396	-9.40474	-9.19034
BLOCK13/SES132/SA132S11	SES127	-3.14696	-12.3373	-9.19034
BLOCK13/SES132/SA132S11	SES275	-1.58239	-10.7727	-9.19034
BLOCK13/SES132/SA132S12	SES083	-2.25465	-8.10442	-5.84977
BLOCK13/SES132/SA132S12	SES143	-1.99402	-7.84378	-5.84977
BLOCK13/SES132/SA132S12	SES144	-1.57174	-7.42151	-5.84977
BLOCK13/SES132/SA132S12	SES148	-1.73963	-7.5894	-5.84977
BLOCK13/SES132/SA132S22	SES062	-1.72191	-8.84686	-7.12496
BLOCK13/SES132/SA132S22	SES083	-1.69115	-8.81611	-7.12496
BLOCK13/SES132/SA132S22	SES127	-2.67044	-9.7954	-7.12496
BLOCK13/SES132/SA132S22	SES275	-1.6446	-8.76956	-7.12496
BLOCK13/SES132/SA132S24	SES007	-1.41205	-7.22132	-5.80927
BLOCK13/SES132/SA132S24	SES083	-1.82672	-7.63599	-5.80927
BLOCK13/SES132/SA132S24	SES127	-3.3001	-9.10937	-5.80927
BLOCK13/SES132/SA132S24	SES275	-1.57985	-7.38912	-5.80927
BLOCK13/SES132/SA132S27	SES083	-2.69816	-11.2792	-8.58102
BLOCK13/SES132/SA132S27	SES120	0.0594559	-8.52157	-8.58102
BLOCK13/SES132/SA132S27	SES127	-4.28338	-12.8644	-8.58102
BLOCK13/SES132/SA132S27	SES275	-2.17659	-10.7576	-8.58102
BLOCK14/SES141/SA141S09	SES143	-1.94877	-7.12913	-5.18036
BLOCK14/SES141/SA141S09	SES144	-0.975498	-6.15586	-5.18036
BLOCK14/SES141/SA141S09	SES162	-1.32856	-6.50892	-5.18036
BLOCK14/SES141/SA141S09	SES180	-1.27643	-6.45679	-5.18036
BLOCK14/SES141/SA141S15	SES127	-1.11153	-7.50655	-6.39502
BLOCK14/SES141/SA141S15	SES144	-1.0341	-7.42911	-6.39502
BLOCK14/SES141/SA141S15	SES162	-2.0684	-8.46342	-6.39502
BLOCK14/SES141/SA141S15	SES180	-1.42501	-7.82003	-6.39502
BLOCK14/SES141/SA141S24	SES127	-2.55063	-9.82287	-7.27224
BLOCK14/SES141/SA141S24	SES144	-2.0607	-9.33295	-7.27224
BLOCK14/SES141/SA141S24	SES162	-1.2965	-8.56875	-7.27224
BLOCK14/SES141/SA141S24	SES183	-2.28252	-9.55476	-7.27224
BLOCK14/SES141/SA141S26	SES142	-0.556128	-8.0431	-7.48697
BLOCK14/SES141/SA141S26	SES144	-1.25282	-8.73979	-7.48697
BLOCK14/SES141/SA141S26	SES172	-1.22619	-8.71316	-7.48697
BLOCK14/SES141/SA141S26	SES180	-1.38198	-8.86895	-7.48697
BLOCK14/SES141/SA141S29	SES127	-1.76972	-7.17232	-5.4026
BLOCK14/SES141/SA141S29	SES142	-0.771443	-6.17404	-5.4026
BLOCK14/SES141/SA141S29	SES144	-1.33453	-6.73713	-5.4026
BLOCK14/SES141/SA141S29	SES180	-1.11674	-6.51934	-5.4026
BLOCK15/SES157/SA157S08	SES083	-1.48431	-6.2162	-4.73189
BLOCK15/SES157/SA157S08	SES127	-1.82122	-6.55311	-4.73189
BLOCK15/SES157/SA157S08	SES148	-1.85074	-6.58263	-4.73189
BLOCK15/SES157/SA157S08	SES292	-1.78499	-6.51688	-4.73189
BLOCK15/SES157/SA157S11	SES083	-1.9229	-7.24537	-5.32247
BLOCK15/SES157/SA157S11	SES127	-2.60951	-7.93198	-5.32247
BLOCK15/SES157/SA157S11	SES148	-2.67789	-8.00036	-5.32247
BLOCK15/SES157/SA157S11	SES292	-1.67689	-6.99936	-5.32247
BLOCK15/SES157/SA157S21	SES127	-0.909366	-4.59967	-3.69031
BLOCK15/SES157/SA157S21	SES148	-0.487462	-4.17777	-3.69031
BLOCK15/SES157/SA157S21	SES158	-4.85105	-8.54136	-3.69031
BLOCK15/SES157/SA157S21	SES292	-1.63785	-5.32816	-3.69031
BLOCK15/SES157/SA157S24	SES127	-1.55935	-8.02897	-6.46962
BLOCK15/SES157/SA157S24	SES148	-1.37591	-7.84553	-6.46962
BLOCK15/SES157/SA157S24	SES183	-1.8968	-8.36642	-6.46962
BLOCK15/SES157/SA157S24	SES292	-1.84856	-8.31818	-6.46962
BLOCK15/SES157/SA157S26	SES007	-1.53487	-6.89526	-5.36039
BLOCK15/SES157/SA157S26	SES127	-1.11246	-6.47285	-5.36039
BLOCK15/SES157/SA157S26	SES147	-1.4435	-6.80389	-5.36039
BLOCK15/SES157/SA157S26	SES148	-1.51249	-6.87288	-5.36039
BLOCK16/SES161/SA161S10	SES007	-1.8595	-8.65264	-6.79315
BLOCK16/SES161/SA161S10	SES105	-1.34217	-8.13532	-6.79315
BLOCK16/SES161/SA161S10	SES158	-1.65264	-8.44579	-6.79315
BLOCK16/SES161/SA161S10	SES275	-1.72894	-8.52209	-6.79315
BLOCK16/SES161/SA161S12	SES007	-3.8602	-13.5276	-9.66737
BLOCK16/SES161/SA161S12	SES105	-3.12888	-12.7962	-9.66737
BLOCK16/SES161/SA161S12	SES158	-3.25941	-12.9268	-9.66737
BLOCK16/SES161/SA161S12	SES275	-2.66738	-12.3347	-9.66737
BLOCK16/SES161/SA161S20	SES007	-1.63918	-11.996	-10.3568
BLOCK16/SES161/SA161S20	SES105	-1.7348	-12.0917	-10.3568
BLOCK16/SES161/SA161S20	SES158	-0.826396	-11.1832	-10.3568
BLOCK16/SES161/SA161S20	SES275	-2.61918	-12.976	-10.3568
BLOCK16/SES161/SA161S23	SES007	-5.48275	-15.0892	-9.60641
BLOCK16/SES161/SA161S23	SES105	-3.3424	-12.9488	-9.60641
BLOCK16/SES161/SA161S23	SES148	-2.90551	-12.5119	-9.60641
BLOCK16/SES161/SA161S23	SES158	-5.25187	-14.8583	-9.60641
BLOCK16/SES161/SA161S28	SES007	-2.02912	-11.9041	-9.87498
BLOCK16/SES161/SA161S28	SES105	-2.85829	-12.7333	-9.87498
BLOCK16/SES161/SA161S28	SES158	-1.38023	-11.2552	-9.87498
BLOCK16/SES161/SA161S28	SES206	-1.72785	-11.6028	-9.87498
BLOCK16/SES164/SA164S11	SES104	0.0946221	-6.74026	-6.83488
BLOCK16/SES164/SA164S11	SES125	-0.00162649	-6.83651	-6.83488
BLOCK16/SES164/SA164S11	SES158	-1.92507	-8.75995	-6.83488
BLOCK16/SES164/SA164S11	SES206	-1.48473	-8.31962	-6.83488
BLOCK16/SES164/SA164S13	SES099	-2.17476	-8.59588	-6.42111
BLOCK16/SES164/SA164S13	SES104	-2.09244	-8.51355	-6.42111
BLOCK16/SES164/SA164S13	SES125	-2.30835	-8.72947	-6.42111
BLOCK16/SES164/SA164S13	SES206	-2.60252	-9.02364	-6.42111
BLOCK16/SES164/SA164S24	SES002	-0.025979	-7.07011	-7.04413
BLOCK16/SES164/SA164S24	SES099	-1.31707	-8.3612	-7.04413
BLOCK16/SES164/SA164S24	SES125	-1.07752	-8.12165	-7.04413
BLOCK16/SES164/SA164S24	SES226	0.00437975	-7.03975	-7.04413
BLOCK16/SES164/SA164S27	SES087	-0.47955	-7.93174	-7.45219
BLOCK16/SES164/SA164S27	SES125	-1.44068	-8.89287	-7.45219
BLOCK16/SES164/SA164S27	SES206	-2.30017	-9.75236	-7.45219
BLOCK16/SES164/SA164S27	SES226	-0.911765	-8.36396	-7.45219
BLOCK16/SES164/SA164S29	SES002	-0.427835	-6.26268	-5.83485
BLOCK16/SES164/SA164S29	SES019	-1.60329	-7.43813	-5.83485
BLOCK16/SES164/SA164S29	SES125	-1.24812	-7.08296	-5.83485
BLOCK16/SES164/SA164S29	SES226	-1.10498	-6.93982	-5.83485
BLOCK16/SES169/SA169S13	SES117	-2.02173	-9.24963	-7.2279
BLOCK16/SES169/SA169S13	SES144	-1.88924	-9.11714	-7.2279
BLOCK16/SES169/SA169S13	SES146	-1.78456	-9.01246	-7.2279
BLOCK16/SES169/SA169S13	SES162	-1.51948	-8.74738	-7.2279
BLOCK16/SES169/SA169S14	SES144	-1.87721	-5.74442	-3.86721
BLOCK16/SES169/SA169S14	SES148	-1.50117	-5.36838	-3.86721
BLOCK16/SES169/SA169S14	SES177	-1.22286	-5.09008	-3.86721
BLOCK16/SES169/SA169S14	SES180	-1.28192	-5.14914	-3.86721
BLOCK16/SES169/SA169S24	SES117	-0.770161	-7.89908	-7.12892
BLOCK16/SES169/SA169S24	SES144	-0.753116	-7.88203	-7.12892
BLOCK16/SES169/SA169S24	SES146	-0.943129	-8.07205	-7.12892
BLOCK16/SES169/SA169S24	SES162	-0.686292	-7.81521	-7.12892
BLOCK16/SES169/SA169S27	SES127	-1.5425	-8.17555	-6.63306
BLOCK16/SES169/SA169S27	SES129	-1.13488	-7.76794	-6.63306
BLOCK16/SES169/SA169S27	SES144	-1.41409	-8.04715	-6.63306
BLOCK16/SES169/SA169S27	SES146	-0.971261	-7.60432	-6.63306
BLOCK16/SES169/SA169S29	SES144	-1.06095	-5.09558	-4.03463
BLOCK16/SES169/SA169S29	SES162	-1.23602	-5.27066	-4.03463
BLOCK16/SES169/SA169S29	SES177	-1.48214	-5.51677	-4.03463
BLOCK16/SES169/SA169S29	SES180	-1.38473	-5.41937	-4.03463
BLOCK17/SES171/SA171S12	SES083	-2.38966	-8.61568	-6.22602
BLOCK17/SES171/SA171S12	SES148	-2.05144	-8.27746	-6.22602
BLOCK17/SES171/SA171S12	SES172	-1.87378	-8.0998	-6.22602
BLOCK17/SES171/SA171S12	SES292	-2.79554	-9.02156	-6.22602
BLOCK17/SES171/SA171S15	SES148	-2.07788	-8.47783	-6.39995
BLOCK17/SES171/SA171S15	SES177	-1.85828	-8.25823	-6.39995
BLOCK17/SES171/SA171S15	SES180	-3.62704	-10.027	-6.39995
BLOCK17/SES171/SA171S15	SES292	-2.69435	-9.0943	-6.39995
BLOCK17/SES171/SA171S22	SES007	-1.95774	-5.17477	-3.21703
BLOCK17/SES171/SA171S22	SES148	-0.885084	-4.10211	-3.21703
BLOCK17/SES171/SA171S22	SES177	-1.50164	-4.71867	-3.21703
BLOCK17/SES171/SA171S22	SES180	-4.2181	-7.43513	-3.21703
BLOCK17/SES171/SA171S25	SES101	-1.79011	-8.5951	-6.80499
BLOCK17/SES171/SA171S25	SES120	-3.30083	-10.1058	-6.80499
BLOCK17/SES171/SA171S25	SES177	-1.79042	-8.59542	-6.80499
BLOCK17/SES171/SA171S25	SES180	-3.26946	-10.0745	-6.80499
BLOCK17/SES171/SA171S27	SES177	-1.6772	-8.8375	-7.1603
BLOCK17/SES171/SA171S27	SES180	-3.34983	-10.5101	-7.1603
BLOCK17/SES171/SA171S27	SES189	-1.4389	-8.59919	-7.1603
BLOCK17/SES171/SA171S27	SES292	-1.95261	-9.11291	-7.1603
BLOCK17/SES173/SA173S13	SES162	-3.18289	-9.64262	-6.45973
BLOCK17/SES173/SA173S13	SES177	-1.84414	-8.30386	-6.45973
BLOCK17/SES173/SA173S13	SES180	-1.80879	-8.26851	-6.45973
BLOCK17/SES173/SA173S13	SES292	-0.700069	-7.1598	-6.45973
BLOCK17/SES173/SA173S14	SES007	-2.68721	-8.42627	-5.73906
BLOCK17/SES173/SA173S14	SES162	-2.9709	-8.70996	-5.73906
BLOCK17/SES173/SA173S14	SES177	-1.80902	-7.54808	-5.73906
BLOCK17/SES173/SA173S14	SES180	-3.06769	-8.80676	-5.73906
BLOCK17/SES173/SA173S24	SES144	-2.57482	-9.65051	-7.07569
BLOCK17/SES173/SA173S24	SES162	-2.82265	-9.89834	-7.07569
BLOCK17/SES173/SA173S24	SES177	-0.723838	-7.79953	-7.07569
BLOCK17/SES173/SA173S24	SES180	-4.17758	-11.2533	-7.07569
BLOCK17/SES173/SA173S27	SES162	-2.69249	-10.4968	-7.80427
BLOCK17/SES173/SA173S27	SES177	-1.51103	-9.3153	-7.80427
BLOCK17/SES173/SA173S27	SES180	-2.47938	-10.2837	-7.80427
BLOCK17/SES173/SA173S27	SES292	-0.719998	-8.52427	-7.80427
BLOCK17/SES173/SA173S29	SES162	-2.42213	-6.87	-4.44787
BLOCK17/SES173/SA173S29	SES175	-1.62295	-6.07082	-4.44787
BLOCK17/SES173/SA173S29	SES177	-1.42788	-5.87575	-4.44787
BLOCK17/SES173/SA173S29	SES292	-1.57436	-6.02223	-4.44787
BLOCK18/SES182/SA182S10	SES144	-1.77542	-8.46159	-6.68616
BLOCK18/SES182/SA182S10	SES177	-1.67455	-8.36071	-6.68616
BLOCK18/SES182/SA182S10	SES180	-2.76608	-9.45224	-6.68616
BLOCK18/SES182/SA182S10	SES275	-2.29761	-8.98377	-6.68616
BLOCK18/SES182/SA182S12	SES144	-2.61881	-8.90361	-6.2848
BLOCK18/SES182/SA182S12	SES177	-1.74869	-8.0335	-6.2848
BLOCK18/SES182/SA182S12	SES180	-5.21671	-11.5015	-6.2848
BLOCK18/SES182/SA182S12	SES275	-1.80843	-8.09323	-6.2848
BLOCK18/SES182/SA182S21	SES117	-1.97655	-10.6674	-8.69088
BLOCK18/SES182/SA182S21	SES144	-1.7123	-10.4032	-8.69088
BLOCK18/SES182/SA182S21	SES162	-1.63152	-10.3224	-8.69088
BLOCK18/SES182/SA182S21	SES180	-2.97678	-11.6677	-8.69088
BLOCK18/SES182/SA182S23	SES117	-2.34318	-12.3006	-9.95742
BLOCK18/SES182/SA182S23	SES144	-4.57249	-14.5299	-9.95742
BLOCK18/SES182/SA182S23	SES180	-5.19563	-15.1531	-9.95742
BLOCK18/SES182/SA182S23	SES275	-3.52086	-13.4783	-9.95742
BLOCK18/SES182/SA182S25	SES007	-0.878108	-8.10888	-7.23078
BLOCK18/SES182/SA182S25	SES162	-1.54021	-8.77098	-7.23078
BLOCK18/SES182/SA182S25	SES177	-1.01342	-8.2442	-7.23078
BLOCK18/SES182/SA182S25	SES180	-2.99836	-10.2291	-7.23078
BLOCK18/SES184/SA184S12	SES177	-1.02746	-6.22395	-5.19649
BLOCK18/SES184/SA184S12	SES180	-1.20841	-6.4049	-5.19649
BLOCK18/SES184/SA184S12	SES189	-2.90975	-8.10624	-5.19649
BLOCK18/SES184/SA184S12	SES292	-1.46541	-6.66191	-5.19649
BLOCK18/SES184/SA184S13	SES101	-1.92717	-7.97255	-6.04539
BLOCK18/SES184/SA184S13	SES177	-2.12094	-8.16633	-6.04539
BLOCK18/SES184/SA184S13	SES180	-2.07997	-8.12536	-6.04539
BLOCK18/SES184/SA184S13	SES292	-1.95005	-7.99544	-6.04539
BLOCK18/SES184/SA184S22	SES177	-1.93014	-7.42385	-5.49371
BLOCK18/SES184/SA184S22	SES180	-1.15441	-6.64811	-5.49371
BLOCK18/SES184/SA184S22	SES189	-2.25141	-7.74512	-5.49371
BLOCK18/SES184/SA184S22	SES292	-2.04514	-7.53885	-5.49371
BLOCK18/SES184/SA184S25	SES101	-1.35996	-6.13578	-4.77582
BLOCK18/SES184/SA184S25	SES177	-1.39941	-6.17523	-4.77582
BLOCK18/SES184/SA184S25	SES180	-1.29447	-6.07029	-4.77582
BLOCK18/SES184/SA184S25	SES292	-1.21545	-5.99126	-4.77582
BLOCK18/SES184/SA184S27	SES083	-2.30226	-7.4944	-5.19214
BLOCK18/SES184/SA184S27	SES177	-1.62339	-6.81553	-5.19214
BLOCK18/SES184/SA184S27	SES202	-1.92419	-7.11633	-5.19214
BLOCK18/SES184/SA184S27	SES292	-1.88324	-7.07538	-5.19214
BLOCK20/SES204/SA204S12	SES062	-1.98441	-7.89799	-5.91358
BLOCK20/SES204/SA204S12	SES083	-2.50008	-8.41366	-5.91358
BLOCK20/SES204/SA204S12	SES206	-2.04691	-7.96049	-5.91358
BLOCK20/SES204/SA204S12	SES226	-2.10104	-8.01462	-5.91358
BLOCK20/SES204/SA204S14	SES068	-1.05626	-5.59796	-4.5417
BLOCK20/SES204/SA204S14	SES087	-1.05535	-5.59705	-4.5417
BLOCK20/SES204/SA204S14	SES206	-2.48785	-7.02955	-4.5417
BLOCK20/SES204/SA204S14	SES226	-1.74758	-6.28928	-4.5417
BLOCK20/SES204/SA204S22	SES068	-1.40055	-7.16919	-5.76864
BLOCK20/SES204/SA204S22	SES082	-1.69271	-7.46135	-5.76864
BLOCK20/SES204/SA204S22	SES083	-2.878	-8.64664	-5.76864
BLOCK20/SES204/SA204S22	SES206	-1.47383	-7.24247	-5.76864
BLOCK20/SES204/SA204S25	SES062	-2.13616	-8.22448	-6.08831
BLOCK20/SES204/SA204S25	SES083	-3.18125	-9.26956	-6.08831
BLOCK20/SES204/SA204S25	SES206	-1.71097	-7.79928	-6.08831
BLOCK20/SES204/SA204S25	SES226	-1.48625	-7.57456	-6.08831
BLOCK20/SES204/SA204S27	SES068	-2.09986	-8.83024	-6.73038
BLOCK20/SES204/SA204S27	SES082	-2.3547	-9.08507	-6.73038
BLOCK20/SES204/SA204S27	SES087	-0.48377	-7.21415	-6.73038
BLOCK20/SES204/SA204S27	SES206	-2.54813	-9.2785	-6.73038
BLOCK20/SES207/SA207S10	SES127	-2.95838	-8.07751	-5.11913
BLOCK20/SES207/SA207S10	SES183	-2.00866	-7.12779	-5.11913
BLOCK20/SES207/SA207S10	SES189	-1.50496	-6.62409	-5.11913
BLOCK20/SES207/SA207S10	SES292	-2.47256	-7.59169	-5.11913
BLOCK20/SES207/SA207S11	SES127	-1.83015	-6.80145	-4.9713
BLOCK20/SES207/SA207S11	SES183	-2.16607	-7.13737	-4.9713
BLOCK20/SES207/SA207S11	SES187	-1.54554	-6.51684	-4.9713
BLOCK20/SES207/SA207S11	SES292	-1.3401	-6.3114	-4.9713
BLOCK20/SES207/SA207S25	SES068	-1.38351	-8.15053	-6.76702
BLOCK20/SES207/SA207S25	SES083	-1.81082	-8.57783	-6.76702
BLOCK20/SES207/SA207S25	SES127	-0.488201	-7.25522	-6.76702
BLOCK20/SES207/SA207S25	SES187	-1.38544	-8.15246	-6.76702
BLOCK20/SES207/SA207S27	SES127	-2.22377	-9.44296	-7.21919
BLOCK20/SES207/SA207S27	SES183	-2.10829	-9.32749	-7.21919
BLOCK20/SES207/SA207S27	SES187	-2.10672	-9.32591	-7.21919
BLOCK20/SES207/SA207S27	SES292	-2.28892	-9.50811	-7.21919
BLOCK20/SES207/SA207S29	SES083	-2.24121	-6.95211	-4.71091
BLOCK20/SES207/SA207S29	SES085	-1.92655	-6.63745	-4.71091
BLOCK20/SES207/SA207S29	SES172	-0.823316	-5.53422	-4.71091
BLOCK20/SES207/SA207S29	SES189	-3.7001	-8.411	-4.71091
BLOCK22/SES221/SA221S12	SES068	-0.883466	-6.06101	-5.17755
BLOCK22/SES221/SA221S12	SES143	-1.72792	-6.90547	-5.17755
BLOCK22/SES221/SA221S12	SES175	-1.52735	-6.70489	-5.17755
BLOCK22/SES221/SA221S12	SES202	-1.23747	-6.41502	-5.17755
BLOCK22/SES221/SA221S15	SES085	-1.16953	-6.96854	-5.79901
BLOCK22/SES221/SA221S15	SES143	-1.93578	-7.73479	-5.79901
BLOCK22/SES221/SA221S15	SES175	-1.55903	-7.35803	-5.79901
BLOCK22/SES221/SA221S15	SES187	-2.31813	-8.11713	-5.79901
BLOCK22/SES221/SA221S23	SES068	-0.758146	-6.76133	-6.00318
BLOCK22/SES221/SA221S23	SES143	-2.28395	-8.28713	-6.00318
BLOCK22/SES221/SA221S23	SES175	-1.88908	-7.89226	-6.00318
BLOCK22/SES221/SA221S23	SES189	-3.2415	-9.24468	-6.00318
BLOCK22/SES221/SA221S27	SES085	-0.112313	-6.20238	-6.09007
BLOCK22/SES221/SA221S27	SES143	-1.39386	-7.48393	-6.09007
BLOCK22/SES221/SA221S27	SES175	-1.84282	-7.93289	-6.09007
BLOCK22/SES221/SA221S27	SES189	-3.34308	-9.43316	-6.09007
BLOCK22/SES221/SA221S29	SES085	-0.885256	-8.52058	-7.63533
BLOCK22/SES221/SA221S29	SES143	-2.92716	-10.5625	-7.63533
BLOCK22/SES221/SA221S29	SES175	-1.35711	-8.99244	-7.63533
BLOCK22/SES221/SA221S29	SES187	-3.55625	-11.1916	-7.63533
BLOCK22/SES223/SA223S11	SES143	-1.6611	-9.18024	-7.51914
BLOCK22/SES223/SA223S11	SES144	-2.98245	-10.5016	-7.51914
BLOCK22/SES223/SA223S11	SES175	-1.34064	-8.85978	-7.51914
BLOCK22/SES223/SA223S11	SES187	-1.93471	-9.45385	-7.51914
BLOCK22/SES223/SA223S13	SES068	-0.432247	-9.45977	-9.02752
BLOCK22/SES223/SA223S13	SES143	-2.32237	-11.3499	-9.02752
BLOCK22/SES223/SA223S13	SES146	-1.80276	-10.8303	-9.02752
BLOCK22/SES223/SA223S13	SES202	-1.07604	-10.1036	-9.02752
BLOCK22/SES223/SA223S22	SES143	-2.17682	-8.00358	-5.82677
BLOCK22/SES223/SA223S22	SES144	-2.84912	-8.67588	-5.82677
BLOCK22/SES223/SA223S22	SES175	-2.35436	-8.18112	-5.82677
BLOCK22/SES223/SA223S22	SES187	-2.13979	-7.96656	-5.82677
BLOCK22/SES223/SA223S25	SES068	-1.21684	-7.33907	-6.12222
BLOCK22/SES223/SA223S25	SES143	-2.41671	-8.53894	-6.12222
BLOCK22/SES223/SA223S25	SES175	-1.59986	-7.72209	-6.12222
BLOCK22/SES223/SA223S25	SES187	-2.14845	-8.27068	-6.12222
BLOCK22/SES223/SA223S27	SES143	-1.26156	-9.15631	-7.89475
BLOCK22/SES223/SA223S27	SES146	-2.98581	-10.8806	-7.89475
BLOCK22/SES223/SA223S27	SES187	-1.80927	-9.70402	-7.89475
BLOCK22/SES223/SA223S27	SES292	-0.858963	-8.75371	-7.89475
BLOCK27/SES273/SA273S12	SES099	-0.907803	-8.0921	-7.1843
BLOCK27/SES273/SA273S12	SES104	-0.961373	-8.14567	-7.1843
BLOCK27/SES273/SA273S12	SES125	-1.61646	-8.80075	-7.1843
BLOCK27/SES273/SA273S12	SES206	-0.563868	-7.74817	-7.1843
BLOCK27/SES273/SA273S13	SES099	-1.35312	-5.47803	-4.12491
BLOCK27/SES273/SA273S13	SES104	-1.39911	-5.52402	-4.12491
BLOCK27/SES273/SA273S13	SES206	-1.73546	-5.86037	-4.12491
BLOCK27/SES273/SA273S13	SES292	-1.38363	-5.50854	-4.12491
BLOCK27/SES273/SA273S21	SES099	-1.92938	-7.19959	-5.2702
BLOCK27/SES273/SA273S21	SES148	-3.6426	-8.9128	-5.2702
BLOCK27/SES273/SA273S21	SES149	-2.81024	-8.08044	-5.2702
BLOCK27/SES273/SA273S21	SES177	-1.92241	-7.19261	-5.2702
BLOCK27/SES273/SA273S25	SES104	-1.36254	-8.946	-7.58346
BLOCK27/SES273/SA273S25	SES125	-1.83302	-9.41648	-7.58346
BLOCK27/SES273/SA273S25	SES158	-0.771489	-8.35495	-7.58346
BLOCK27/SES273/SA273S25	SES206	-1.34533	-8.92879	-7.58346
BLOCK27/SES273/SA273S27	SES099	-2.23628	-5.17736	-2.94108
BLOCK27/SES273/SA273S27	SES104	-2.13147	-5.07255	-2.94108
BLOCK27/SES273/SA273S27	SES149	-1.93904	-4.88013	-2.94108
BLOCK27/SES273/SA273S27	SES275	-2.08932	-5.0304	-2.94108
BLOCK27/SES274/SA274S10	SES105	-2.86248	-6.29155	-3.42908
BLOCK27/SES274/SA274S10	SES125	-3.77849	-7.20757	-3.42908
BLOCK27/SES274/SA274S10	SES129	-0.952389	-4.38147	-3.42908
BLOCK27/SES274/SA274S10	SES158	-5.37894	-8.80801	-3.42908
BLOCK27/SES274/SA274S11	SES105	-1.88121	-7.96562	-6.08441
BLOCK27/SES274/SA274S11	SES149	-1.60994	-7.69434	-6.08441
BLOCK27/SES274/SA274S11	SES158	-2.70141	-8.78582	-6.08441
BLOCK27/SES274/SA274S11	SES275	-1.17468	-7.25909	-6.08441
BLOCK27/SES274/SA274S21	SES105	-1.34477	-7.40439	-6.05962
BLOCK27/SES274/SA274S21	SES129	-0.377221	-6.43684	-6.05962
BLOCK27/SES274/SA274S21	SES149	-1.24152	-7.30113	-6.05962
BLOCK27/SES274/SA274S21	SES158	-2.91611	-8.97573	-6.05962
BLOCK27/SES274/SA274S24	SES105	-1.97469	-7.98589	-6.0112
BLOCK27/SES274/SA274S24	SES129	-0.497682	-6.50888	-6.0112
BLOCK27/SES274/SA274S24	SES149	-2.42799	-8.43919	-6.0112
BLOCK27/SES274/SA274S24	SES158	-3.9579	-9.9691	-6.0112
BLOCK27/SES274/SA274S29	SES105	-2.40945	-7.66401	-5.25456
BLOCK27/SES274/SA274S29	SES106	-2.89983	-8.15439	-5.25456
BLOCK27/SES274/SA274S29	SES120	-1.6815	-6.93606	-5.25456
BLOCK27/SES274/SA274S29	SES275	-1.55401	-6.80857	-5.25456
BLOCK27/SES276/SA276S16	SES148	-2.80124	-8.2625	-5.46126
BLOCK27/SES276/SA276S16	SES172	-0.565117	-6.02637	-5.46126
BLOCK27/SES276/SA276S16	SES180	-1.22587	-6.68713	-5.46126
BLOCK27/SES276/SA276S16	SES292	-0.844881	-6.30614	-5.46126
BLOCK27/SES276/SA276S17	SES101	-1.05573	-6.94059	-5.88486
BLOCK27/SES276/SA276S17	SES177	-1.5233	-7.40817	-5.88486
BLOCK27/SES276/SA276S17	SES180	-1.2992	-7.18407	-5.88486
BLOCK27/SES276/SA276S17	SES292	-1.31406	-7.19892	-5.88486
BLOCK27/SES276/SA276S24	SES101	-1.34744	-6.10104	-4.75361
BLOCK27/SES276/SA276S24	SES177	-1.54274	-6.29635	-4.75361
BLOCK27/SES276/SA276S24	SES180	-1.92544	-6.67905	-4.75361
BLOCK27/SES276/SA276S24	SES292	-1.47651	-6.23012	-4.75361
BLOCK27/SES276/SA276S26	SES101	-2.05874	-5.05053	-2.99179
BLOCK27/SES276/SA276S26	SES177	-1.51902	-4.51081	-2.99179
BLOCK27/SES276/SA276S26	SES180	-1.68752	-4.67931	-2.99179
BLOCK27/SES276/SA276S26	SES292	-1.0022	-3.99399	-2.99179
BLOCK27/SES276/SA276S28	SES101	-1.19266	-4.62266	-3.43
BLOCK27/SES276/SA276S28	SES177	-1.6076	-5.0376	-3.43
BLOCK27/SES276/SA276S28	SES180	-0.719453	-4.14945	-3.43
BLOCK27/SES276/SA276S28	SES292	-0.788119	-4.21812	-3.43
BLOCK27/SES277/SA277S12	SES101	-1.4305	-9.3141	-7.8836
BLOCK27/SES277/SA277S12	SES177	-2.38037	-10.264	-7.8836
BLOCK27/SES277/SA277S12	SES180	-2.06557	-9.94917	-7.8836
BLOCK27/SES277/SA277S12	SES292	-1.50986	-9.39346	-7.8836
BLOCK27/SES277/SA277S14	SES177	-2.12649	-9.65183	-7.52534
BLOCK27/SES277/SA277S14	SES180	-3.21856	-10.7439	-7.52534
BLOCK27/SES277/SA277S14	SES189	-1.57265	-9.09798	-7.52534
BLOCK27/SES277/SA277S14	SES292	-2.46292	-9.98826	-7.52534
BLOCK27/SES277/SA277S21	SES177	-1.80328	-8.45505	-6.65177
BLOCK27/SES277/SA277S21	SES180	-2.08215	-8.73392	-6.65177
BLOCK27/SES277/SA277S21	SES189	-1.38718	-8.03895	-6.65177
BLOCK27/SES277/SA277S21	SES292	-1.35075	-8.00252	-6.65177
BLOCK27/SES277/SA277S24	SES144	-1.54594	-9.99923	-8.45328
BLOCK27/SES277/SA277S24	SES177	-1.99431	-10.4476	-8.45328
BLOCK27/SES277/SA277S24	SES180	-2.2819	-10.7352	-8.45328
BLOCK27/SES277/SA277S24	SES189	-1.10291	-9.55619	-8.45328
BLOCK27/SES277/SA277S29	SES177	-1.72896	-5.41958	-3.69062
BLOCK27/SES277/SA277S29	SES180	-1.97592	-5.66655	-3.69062
BLOCK27/SES277/SA277S29	SES202	-2.24054	-5.93116	-3.69062
BLOCK27/SES277/SA277S29	SES292	-2.63666	-6.32728	-3.69062
BLOCK27/SES279/SA279S09	SES120	-1.64371	-6.52804	-4.88433
BLOCK27/SES279/SA279S09	SES146	-1.85563	-6.73996	-4.88433
BLOCK27/SES279/SA279S09	SES206	-0.445848	-5.33018	-4.88433
BLOCK27/SES279/SA279S09	SES226	-2.46181	-7.34614	-4.88433
BLOCK27/SES279/SA279S10	SES099	-0.77684	-6.70358	-5.92674
BLOCK27/SES279/SA279S10	SES206	-1.50913	-7.43587	-5.92674
BLOCK27/SES279/SA279S10	SES226	-2.67982	-8.60656	-5.92674
BLOCK27/SES279/SA279S10	SES292	-0.457265	-6.384	-5.92674
BLOCK27/SES279/SA279S20	SES099	-3.50374	-10.9621	-7.45832
BLOCK27/SES279/SA279S20	SES206	-1.45673	-8.91505	-7.45832
BLOCK27/SES279/SA279S20	SES226	-3.48227	-10.9406	-7.45832
BLOCK27/SES279/SA279S20	SES292	-0.648421	-8.10674	-7.45832
BLOCK27/SES279/SA279S26	SES099	-1.09604	-9.61066	-8.51462
BLOCK27/SES279/SA279S26	SES206	-0.922151	-9.43677	-8.51462
BLOCK27/SES279/SA279S26	SES226	-3.1962	-11.7108	-8.51462
BLOCK27/SES279/SA279S26	SES292	-0.68529	-9.19991	-8.51462
BLOCK27/SES279/SA279S28	SES099	-1.12728	-4.27544	-3.14815
BLOCK27/SES279/SA279S28	SES120	-1.42502	-4.57318	-3.14815
BLOCK27/SES279/SA279S28	SES177	-2.30239	-5.45054	-3.14815
BLOCK27/SES279/SA279S28	SES206	-1.67627	-4.82442	-3.14815
BLOCK29/SES290/SA290S12	SES162	-0.694464	-6.45962	-5.76515
BLOCK29/SES290/SA290S12	SES177	-1.44048	-7.20563	-5.76515
BLOCK29/SES290/SA290S12	SES180	-1.07261	-6.83776	-5.76515
BLOCK29/SES290/SA290S12	SES292	-1.25212	-7.01727	-5.76515
BLOCK29/SES290/SA290S13	SES007	-1.3827	-7.0827	-5.7
BLOCK29/SES290/SA290S13	SES162	-1.79946	-7.49947	-5.7
BLOCK29/SES290/SA290S13	SES177	-1.65238	-7.35238	-5.7
BLOCK29/SES290/SA290S13	SES180	-1.61509	-7.31509	-5.7
BLOCK29/SES290/SA290S22	SES177	-1.78454	-6.92833	-5.14379
BLOCK29/SES290/SA290S22	SES180	-2.70221	-7.846	-5.14379
BLOCK29/SES290/SA290S22	SES202	-1.009	-6.15279	-5.14379
BLOCK29/SES290/SA290S22	SES292	-1.56215	-6.70594	-5.14379
BLOCK29/SES290/SA290S25	SES162	-2.11671	-7.97802	-5.86131
BLOCK29/SES290/SA290S25	SES177	-1.98697	-7.84828	-5.86131
BLOCK29/SES290/SA290S25	SES180	-2.62497	-8.48628	-5.86131
BLOCK29/SES290/SA290S25	SES292	-1.67177	-7.53308	-5.86131
BLOCK29/SES290/SA290S29	SES177	-1.28454	-4.98249	-3.69795
BLOCK29/SES290/SA290S29	SES180	-1.47588	-5.17383	-3.69795
BLOCK29/SES290/SA290S29	SES275	-1.01153	-4.70948	-3.69795
BLOCK29/SES290/SA290S29	SES292	-1.91687	-5.61482	-3.69795
BLOCK29/SES291/SA291S11	SES105	-1.62447	-9.30081	-7.67634
BLOCK29/SES291/SA291S11	SES125	-1.8167	-9.49304	-7.67634
BLOCK29/SES291/SA291S11	SES158	-1.36449	-9.04082	-7.67634
BLOCK29/SES291/SA291S11	SES275	-1.62453	-9.30087	-7.67634
BLOCK29/SES291/SA291S12	SES158	0.301936	-8.76962	-9.07155
BLOCK29/SES291/SA291S12	SES226	-2.56042	-11.632	-9.07155
BLOCK29/SES291/SA291S12	SES270	-1.54176	-10.6133	-9.07155
BLOCK29/SES291/SA291S12	SES275	-2.91768	-11.9892	-9.07155
BLOCK29/SES291/SA291S22	SES082	-0.910704	-7.49351	-6.58281
BLOCK29/SES291/SA291S22	SES158	-1.23196	-7.81477	-6.58281
BLOCK29/SES291/SA291S22	SES259	-0.925506	-7.50832	-6.58281
BLOCK29/SES291/SA291S22	SES275	-2.3953	-8.97811	-6.58281
BLOCK29/SES291/SA291S24	SES104	-0.800208	-7.84475	-7.04454
BLOCK29/SES291/SA291S24	SES125	-1.6265	-8.67104	-7.04454
BLOCK29/SES291/SA291S24	SES158	-0.554866	-7.59941	-7.04454
BLOCK29/SES291/SA291S24	SES275	-2.59066	-9.6352	-7.04454
BLOCK29/SES291/SA291S27	SES158	-1.09461	-6.09072	-4.99611
BLOCK29/SES291/SA291S27	SES172	-2.71873	-7.71485	-4.99611
BLOCK29/SES291/SA291S27	SES275	-2.17697	-7.17308	-4.99611
BLOCK29/SES291/SA291S27	SES292	-1.92524	-6.92135	-4.99611
