BLOCK00/SES002/SA002S12	SES002	2.28152	-59.2535	-61.535
BLOCK00/SES002/SA002S13	SES002	3.47472	-59.0369	-62.5116
BLOCK00/SES002/SA002S23	SES002	2.9984	-58.5592	-61.5576
BLOCK00/SES002/SA002S26	SES002	3.0103	-58.066	-61.0763
BLOCK00/SES002/SA002S28	SES002	2.15899	-61.2927	-63.4517
BLOCK00/SES007/SA007S14	SES007	0.839664	-61.4766	-62.3163
BLOCK00/SES007/SA007S15	SES007	0.463627	-63.4863	-63.9499
BLOCK00/SES007/SA007S24	SES007	0.925262	-62.9355	-63.8608
BLOCK00/SES007/SA007S27	SES007	0.834953	-63.1658	-64.0008
BLOCK00/SES007/SA007S29	SES007	0.878986	-62.2287	-63.1077
BLOCK00/SES008/SA008S11	SES008	1.82425	-62.0887	-63.9129
BLOCK00/SES008/SA008S12	SES008	1.04559	-62.9989	-64.0445
BLOCK00/SES008/SA008S19	SES008	2.05917	-60.9386	-62.9978
BLOCK00/SES008/SA008S22	SES008	1.33298	-63.2865	-64.6194
BLOCK00/SES008/SA008S29	SES008	1.45045	-62.0824	-63.5328
BLOCK01/SES014/SA014S10	SES014	4.04515	-60.4653	-64.5105
BLOCK01/SES014/SA014S12	SES014	4.47714	-56.8765	-61.3536
BLOCK01/SES014/SA014S24	SES014	2.85944	-59.3355	-62.195
BLOCK01/SES014/SA014S26	SES014	4.22777	-55.4963	-59.7241
BLOCK01/SES014/SA014S28	SES014	5.40199	-56.3121	-61.7141
BLOCK01/SES016/SA016S12	SES016	0.906715	-65.9822	-66.889
BLOCK01/SES016/SA016S13	SES016	1.07816	-64.4376	-65.5158
BLOCK01/SES016/SA016S22	SES016	0.321732	-65.1157	-65.4375
BLOCK01/SES016/SA016S25	SES016	1.84749	-61.3557	-63.2032
BLOCK01/SES016/SA016S27	SES016	1.51884	-61.5701	-63.0889
BLOCK01/SES019/SA019S13	SES019	3.50874	-60.8727	-64.3815
BLOCK01/SES019/SA019S14	SES019	3.19616	-60.4133	-63.6094
BLOCK01/SES019/SA019S22	SES019	3.8069	-60.2056	-64.0125
BLOCK01/SES019/SA019S25	SES019	3.18565	-60.5845	-63.7702
BLOCK01/SES019/SA019S29	SES019	3.89518	-60.2812	-64.1763
BLOCK02/SES029/SA029S11	SES029	1.54044	-62.6233	-64.1638
BLOCK02/SES029/SA029S12	SES029	0.127171	-63.558	-63.6852
BLOCK02/SES029/SA029S20	SES029	1.00258	-63.8843	-64.8869
BLOCK02/SES029/SA029S25	SES029	0.341465	-62.8037	-63.1451
BLOCK02/SES029/SA029S28	SES029	1.18502	-62.0592	-63.2442
BLOCK04/SES042/SA042S12	SES042	3.44573	-58.6094	-62.0551
BLOCK04/SES042/SA042S15	SES042	3.04075	-59.4132	-62.454
BLOCK04/SES042/SA042S22	SES042	4.37894	-55.993	-60.372
BLOCK04/SES042/SA042S25	SES042	3.35701	-59.6287	-62.9857
BLOCK04/SES042/SA042S27	SES042	2.96499	-58.2363	-61.2013
BLOCK04/SES048/SA048S11	SES048	1.27231	-61.7356	-63.0079
BLOCK04/SES048/SA048S12	SES048	0.341274	-62.5962	-62.9375
BLOCK04/SES048/SA048S20	SES048	1.3554	-61.2207	-62.5761
BLOCK04/SES048/SA048S23	SES048	1.99438	-62.0489	-64.0433
BLOCK04/SES048/SA048S27	SES048	1.16572	-60.3418	-61.5075
BLOCK06/SES060/SA060S11	SES060	1.2413	-63.0104	-64.2517
BLOCK06/SES060/SA060S12	SES060	-0.869118	-66.0106	-65.1415
BLOCK06/SES060/SA060S22	SES060	0.268234	-65.2848	-65.553
BLOCK06/SES060/SA060S24	SES060	1.18401	-62.2901	-63.4741
BLOCK06/SES060/SA060S28	SES060	1.29135	-60.0057	-61.297
BLOCK06/SES062/SA062S10	SES062	1.50743	-61.9378	-63.4452
BLOCK06/SES062/SA062S11	SES062	2.03679	-62.0573	-64.0941
BLOCK06/SES062/SA062S21	SES062	2.72708	-58.4064	-61.1335
BLOCK06/SES062/SA062S26	SES062	1.18376	-61.5492	-62.7329
BLOCK06/SES062/SA062S29	SES062	1.65623	-60.4651	-62.1213
BLOCK06/SES068/SA068S14	SES068	0.381996	-63.0165	-63.3985
BLOCK06/SES068/SA068S15	SES068	1.1539	-61.0014	-62.1553
BLOCK06/SES068/SA068S23	SES068	1.15418	-62.9396	-64.0938
BLOCK06/SES068/SA068S27	SES068	2.06145	-61.2287	-63.2901
BLOCK06/SES068/SA068S29	SES068	1.25995	-61.9464	-63.2063
BLOCK08/SES082/SA082S12	SES082	2.49315	-61.2908	-63.784
BLOCK08/SES082/SA082S14	SES082	1.88324	-62.9913	-64.8745
BLOCK08/SES082/SA082S21	SES082	1.8464	-62.2954	-64.1418
BLOCK08/SES082/SA082S24	SES082	2.01794	-61.2334	-63.2513
BLOCK08/SES082/SA082S28	SES082	1.62079	-62.2767	-63.8975
BLOCK08/SES083/SA083S14	SES083	-0.15118	-63.8064	-63.6552
BLOCK08/SES083/SA083S15	SES083	0.134876	-62.6276	-62.7625
BLOCK08/SES083/SA083S24	SES083	0.175995	-63.3134	-63.4894
BLOCK08/SES083/SA083S26	SES083	0.270485	-63.3639	-63.6344
BLOCK08/SES083/SA083S29	SES083	-0.0736198	-63.5141	-63.4405
BLOCK08/SES085/SA085S10	SES085	0.438118	-63.2831	-63.7212
BLOCK08/SES085/SA085S13	SES085	1.00223	-63.4717	-64.474
BLOCK08/SES085/SA085S22	SES085	-4.38556	-68.7223	-64.3368
BLOCK08/SES085/SA085S26	SES085	-0.76136	-64.7554	-63.9941
BLOCK08/SES085/SA085S28	SES085	1.13563	-62.21	-63.3457
BLOCK08/SES087/SA087S15	SES087	2.84188	-60.2435	-63.0854
BLOCK08/SES087/SA087S16	SES087	2.9561	-59.6924	-62.6485
BLOCK08/SES087/SA087S24	SES087	2.26451	-59.9035	-62.168
BLOCK08/SES087/SA087S26	SES087	2.55456	-58.8405	-61.395
BLOCK08/SES087/SA087S29	SES087	3.48846	-60.0947	-63.5831
BLOCK09/SES099/SA099S15	SES099	3.24207	-60.4287	-63.6708
BLOCK09/SES099/SA099S16	SES099	2.84767	-60.2167	-63.0644
BLOCK09/SES099/SA099S24	SES099	3.11026	-59.6451	-62.7553
BLOCK09/SES099/SA099S26	SES099	2.92077	-59.9469	-62.8677
BLOCK09/SES099/SA099S29	SES099	3.43229	-59.3615	-62.7938
BLOCK10/SES101/SA101S11	SES101	0.757931	-62.6463	-63.4042
BLOCK10/SES101/SA101S13	SES101	1.55418	-61.7249	-63.2791
BLOCK10/SES101/SA101S22	SES101	1.21544	-63.9475	-65.1629
BLOCK10/SES101/SA101S24	SES101	0.475708	-63.5968	-64.0725
BLOCK10/SES101/SA101S28	SES101	-0.253021	-65.1261	-64.8731
BLOCK10/SES104/SA104S11	SES104	1.54777	-59.6968	-61.2445
BLOCK10/SES104/SA104S12	SES104	2.49289	-60.676	-63.1689
BLOCK10/SES104/SA104S21	SES104	2.4346	-60.7649	-63.1995
BLOCK10/SES104/SA104S24	SES104	1.53189	-61.0494	-62.5813
BLOCK10/SES104/SA104S28	SES104	2.41682	-60.6061	-63.023
BLOCK10/SES105/SA105S12	SES105	0.986633	-63.5859	-64.5725
BLOCK10/SES105/SA105S13	SES105	1.02001	-63.2567	-64.2767
BLOCK10/SES105/SA105S22	SES105	1.03767	-64.0044	-65.042
BLOCK10/SES105/SA105S26	SES105	0.98077	-63.6113	-64.592
BLOCK10/SES105/SA105S29	SES105	0.857452	-63.2254	-64.0828
BLOCK10/SES106/SA106S09	SES106	2.05039	-62.3327	-64.3831
BLOCK10/SES106/SA106S11	SES106	2.18788	-59.8292	-62.0171
BLOCK10/SES106/SA106S22	SES106	3.7112	-60.2443	-63.9555
BLOCK10/SES106/SA106S27	SES106	1.70673	-62.2073	-63.914
BLOCK10/SES106/SA106S29	SES106	1.77098	-60.959	-62.7299
BLOCK11/SES117/SA117S12	SES117	-0.153137	-65.8195	-65.6664
BLOCK11/SES117/SA117S13	SES117	0.259922	-63.6363	-63.8963
BLOCK11/SES117/SA117S23	SES117	1.59101	-65.8882	-67.4792
BLOCK11/SES117/SA117S25	SES117	1.27847	-64.3078	-65.5862
BLOCK11/SES117/SA117S28	SES117	1.50053	-65.2885	-66.789
BLOCK12/SES120/SA120S08	SES120	1.4424	-64.5971	-66.0395
BLOCK12/SES120/SA120S11	SES120	0.731781	-66.229	-66.9607
BLOCK12/SES120/SA120S22	SES120	0.560036	-63.185	-63.7451
BLOCK12/SES120/SA120S24	SES120	0.656086	-63.8487	-64.5048
BLOCK12/SES120/SA120S28	SES120	1.12345	-65.283	-66.4064
BLOCK12/SES125/SA125S13	SES125	2.83817	-60.0816	-62.9198
BLOCK12/SES125/SA125S14	SES125	2.02024	-60.6875	-62.7078
BLOCK12/SES125/SA125S25	SES125	3.22806	-59.3844	-62.6125
BLOCK12/SES125/SA125S27	SES125	3.20427	-58.3144	-61.5187
BLOCK12/SES125/SA125S29	SES125	2.64218	-60.084	-62.7262
BLOCK12/SES127/SA127S11	SES127	0.234612	-63.7521	-63.9867
BLOCK12/SES127/SA127S12	SES127	-0.513378	-63.7646	-63.2512
BLOCK12/SES127/SA127S23	SES127	0.608727	-63.468	-64.0767
BLOCK12/SES127/SA127S25	SES127	-0.370102	-64.8742	-64.5041
BLOCK12/SES127/SA127S27	SES127	0.791939	-63.7001	-64.492
BLOCK12/SES129/SA129S11	SES129	1.9791	-61.2353	-63.2144
BLOCK12/SES129/SA129S12	SES129	1.57978	-62.0204	-63.6002
BLOCK12/SES129/SA129S22	SES129	1.45866	-62.3664	-63.825
BLOCK12/SES129/SA129S27	SES129	1.93606	-61.0632	-62.9993
BLOCK12/SES129/SA129S29	SES129	2.26015	-60.8812	-63.1414
BLOCK14/SES142/SA142S11	SES142	3.12717	-63.027	-66.1542
BLOCK14/SES142/SA142S12	SES142	1.44666	-65.0071	-66.4538
BLOCK14/SES142/SA142S24	SES142	2.59184	-62.9299	-65.5218
BLOCK14/SES142/SA142S27	SES142	2.87873	-62.7367	-65.6154
BLOCK14/SES142/SA142S29	SES142	3.80611	-61.8523	-65.6584
BLOCK14/SES143/SA143S12	SES143	0.850075	-64.3007	-65.1508
BLOCK14/SES143/SA143S13	SES143	0.466919	-64.4898	-64.9567
BLOCK14/SES143/SA143S23	SES143	0.833275	-64.0854	-64.9186
BLOCK14/SES143/SA143S25	SES143	0.766323	-63.9166	-64.6829
BLOCK14/SES143/SA143S28	SES143	0.390366	-64.4092	-64.7996
BLOCK14/SES144/SA144S09	SES144	1.1385	-62.7183	-63.8568
BLOCK14/SES144/SA144S11	SES144	1.3894	-63.9877	-65.3771
BLOCK14/SES144/SA144S21	SES144	0.661789	-63.7419	-64.4037
BLOCK14/SES144/SA144S25	SES144	0.95797	-63.8038	-64.7618
BLOCK14/SES144/SA144S29	SES144	0.000331879	-63.3191	-63.3194
BLOCK14/SES146/SA146S14	SES146	1.12123	-63.677	-64.7982
BLOCK14/SES146/SA146S15	SES146	0.343246	-64.0811	-64.4243
BLOCK14/SES146/SA146S24	SES146	1.07645	-63.933	-65.0095
BLOCK14/SES146/SA146S26	SES146	1.37327	-63.89	-65.2633
BLOCK14/SES146/SA146S29	SES146	0.806183	-64.8435	-65.6497
BLOCK14/SES147/SA147S11	SES147	1.96867	-64.4895	-66.4582
BLOCK14/SES147/SA147S13	SES147	3.03487	-62.3981	-65.433
BLOCK14/SES147/SA147S23	SES147	2.07036	-64.1858	-66.2562
BLOCK14/SES147/SA147S26	SES147	2.19962	-64.0531	-66.2528
BLOCK14/SES147/SA147S28	SES147	2.34943	-62.9426	-65.2921
BLOCK14/SES148/SA148S10	SES148	1.25588	-62.5312	-63.7871
BLOCK14/SES148/SA148S12	SES148	0.950287	-63.5945	-64.5447
BLOCK14/SES148/SA148S22	SES148	0.984619	-61.8141	-62.7987
BLOCK14/SES148/SA148S26	SES148	0.83297	-62.776	-63.609
BLOCK14/SES148/SA148S29	SES148	0.667297	-63.192	-63.8593
BLOCK14/SES149/SA149S13	SES149	0.0038414	-62.6665	-62.6703
BLOCK14/SES149/SA149S14	SES149	0.396221	-62.4232	-62.8194
BLOCK14/SES149/SA149S24	SES149	1.83854	-61.4677	-63.3063
BLOCK14/SES149/SA149S26	SES149	3.171	-60.1593	-63.3303
BLOCK14/SES149/SA149S28	SES149	3.02322	-59.4389	-62.4621
BLOCK15/SES158/SA158S13	SES158	1.80898	-62.2585	-64.0675
BLOCK15/SES158/SA158S14	SES158	3.05553	-62.2877	-65.3432
BLOCK15/SES158/SA158S23	SES158	1.89771	-61.7792	-63.6769
BLOCK15/SES158/SA158S26	SES158	3.33231	-61.3368	-64.6691
BLOCK15/SES158/SA158S28	SES158	1.9465	-62.7068	-64.6533
BLOCK16/SES162/SA162S10	SES162	1.71417	-63.8584	-65.5725
BLOCK16/SES162/SA162S11	SES162	1.13368	-63.0717	-64.2053
BLOCK16/SES162/SA162S21	SES162	1.67487	-63.1366	-64.8114
BLOCK16/SES162/SA162S24	SES162	1.7954	-62.8086	-64.604
BLOCK16/SES162/SA162S27	SES162	1.55249	-63.7373	-65.2897
BLOCK16/SES167/SA167S14	SES167	1.07327	-61.7661	-62.8394
BLOCK16/SES167/SA167S15	SES167	0.889309	-63.8139	-64.7032
BLOCK16/SES167/SA167S21	SES167	1.30428	-62.277	-63.5813
BLOCK16/SES167/SA167S25	SES167	1.67773	-62.9266	-64.6043
BLOCK16/SES167/SA167S29	SES167	2.37635	-61.0638	-63.4401
BLOCK17/SES172/SA172S12	SES172	1.88953	-62.5599	-64.4494
BLOCK17/SES172/SA172S13	SES172	1.312	-64.3478	-65.6598
BLOCK17/SES172/SA172S23	SES172	0.674759	-62.5896	-63.2644
BLOCK17/SES172/SA172S27	SES172	0.676857	-63.2952	-63.972
BLOCK17/SES172/SA172S29	SES172	1.47501	-62.5486	-64.0236
BLOCK17/SES175/SA175S11	SES175	1.64747	-63.2177	-64.8651
BLOCK17/SES175/SA175S13	SES175	0.908661	-63.0249	-63.9336
BLOCK17/SES175/SA175S23	SES175	1.79005	-62.8542	-64.6443
BLOCK17/SES175/SA175S25	SES175	1.1934	-65.2769	-66.4703
BLOCK17/SES175/SA175S28	SES175	1.82848	-62.5513	-64.3798
BLOCK17/SES177/SA177S15	SES177	0.501137	-63.5317	-64.0328
BLOCK17/SES177/SA177S17	SES177	0.401146	-63	-63.4012
BLOCK17/SES177/SA177S23	SES177	0.0271606	-64.0625	-64.0896
BLOCK17/SES177/SA177S26	SES177	0.941875	-61.4272	-62.3691
BLOCK17/SES177/SA177S28	SES177	1.09377	-61.8164	-62.9102
BLOCK18/SES180/SA180S13	SES180	1.06262	-63.5601	-64.6227
BLOCK18/SES180/SA180S15	SES180	0.80909	-63.7118	-64.5209
BLOCK18/SES180/SA180S24	SES180	0.840477	-62.472	-63.3125
BLOCK18/SES180/SA180S26	SES180	1.03507	-62.8159	-63.851
BLOCK18/SES180/SA180S29	SES180	1.39683	-64.2539	-65.6507
BLOCK18/SES183/SA183S13	SES183	1.24429	-64.1628	-65.4071
BLOCK18/SES183/SA183S14	SES183	0.397308	-64.6149	-65.0122
BLOCK18/SES183/SA183S24	SES183	1.1284	-65.1142	-66.2426
BLOCK18/SES183/SA183S27	SES183	1.27029	-63.6503	-64.9206
BLOCK18/SES183/SA183S29	SES183	1.15942	-62.843	-64.0024
BLOCK18/SES187/SA187S13	SES187	1.43719	-64.3295	-65.7667
BLOCK18/SES187/SA187S14	SES187	0.92775	-64.8025	-65.7302
BLOCK18/SES187/SA187S24	SES187	2.1254	-63.5242	-65.6496
BLOCK18/SES187/SA187S27	SES187	1.14937	-63.8745	-65.0239
BLOCK18/SES187/SA187S29	SES187	1.42757	-64.0027	-65.4303
BLOCK18/SES189/SA189S10	SES189	2.81615	-65.7831	-68.5993
BLOCK18/SES189/SA189S13	SES189	3.60732	-66.0501	-69.6574
BLOCK18/SES189/SA189S24	SES189	3.31376	-65.7097	-69.0234
BLOCK18/SES189/SA189S26	SES189	1.70943	-65.2043	-66.9137
BLOCK18/SES189/SA189S29	SES189	2.96736	-64.6934	-67.6608
BLOCK20/SES202/SA202S12	SES202	2.15505	-64.8853	-67.0404
BLOCK20/SES202/SA202S14	SES202	3.17725	-62.3939	-65.5712
BLOCK20/SES202/SA202S24	SES202	1.78618	-63.7312	-65.5173
BLOCK20/SES202/SA202S27	SES202	2.26101	-61.8427	-64.1037
BLOCK20/SES202/SA202S29	SES202	2.75447	-62.3152	-65.0697
BLOCK20/SES206/SA206S15	SES206	0.524563	-60.9842	-61.5088
BLOCK20/SES206/SA206S17	SES206	2.92295	-58.2821	-61.2051
BLOCK20/SES206/SA206S24	SES206	2.45336	-59.1507	-61.6041
BLOCK20/SES206/SA206S27	SES206	2.48167	-59.5544	-62.0361
BLOCK20/SES206/SA206S29	SES206	2.25149	-58.1706	-60.4221
BLOCK22/SES226/SA226S12	SES226	2.61636	-61.6604	-64.2767
BLOCK22/SES226/SA226S13	SES226	0.172436	-62.4136	-62.586
BLOCK22/SES226/SA226S20	SES226	1.7833	-61.753	-63.5363
BLOCK22/SES226/SA226S23	SES226	2.31263	-60.9372	-63.2498
BLOCK22/SES226/SA226S28	SES226	2.32875	-60.7735	-63.1023
BLOCK25/SES259/SA259S13	SES259	4.89341	-58.286	-63.1794
BLOCK25/SES259/SA259S14	SES259	3.25454	-59.2889	-62.5434
BLOCK25/SES259/SA259S22	SES259	3.15445	-59.2476	-62.4021
BLOCK25/SES259/SA259S24	SES259	3.68053	-57.7545	-61.4351
BLOCK25/SES259/SA259S28	SES259	3.18258	-59.2249	-62.4075
BLOCK27/SES270/SA270S14	SES270	3.29399	-60.576	-63.87
BLOCK27/SES270/SA270S16	SES270	2.17958	-60.9607	-63.1403
BLOCK27/SES270/SA270S22	SES270	3.59629	-59.7645	-63.3608
BLOCK27/SES270/SA270S26	SES270	2.77295	-61.2943	-64.0673
BLOCK27/SES270/SA270S28	SES270	2.00434	-61.012	-63.0164
BLOCK27/SES275/SA275S17	SES275	1.58265	-63.3543	-64.9369
BLOCK27/SES275/SA275S18	SES275	1.08937	-63.7228	-64.8122
BLOCK27/SES275/SA275S24	SES275	1.445	-64.5486	-65.9936
BLOCK27/SES275/SA275S26	SES275	1.6578	-62.6416	-64.2994
BLOCK27/SES275/SA275S28	SES275	0.652023	-63.8327	-64.4847
BLOCK29/SES292/SA292S10	SES292	0.697651	-63.7971	-64.4948
BLOCK29/SES292/SA292S12	SES292	0.610931	-64.7769	-65.3878
BLOCK29/SES292/SA292S22	SES292	1.26894	-62.6336	-63.9025
BLOCK29/SES292/SA292S24	SES292	0.698051	-63.3693	-64.0674
BLOCK29/SES292/SA292S27	SES292	0.278675	-63.0279	-63.3066
BLOCK00/SES001/SA001S14	SES062	-0.537926	-66.9739	-66.436
BLOCK00/SES001/SA001S14	SES082	-1.87212	-68.3081	-66.436
BLOCK00/SES001/SA001S14	SES106	-2.74445	-69.1805	-66.436
BLOCK00/SES001/SA001S14	SES206	-6.10693	-72.5429	-66.436
BLOCK00/SES001/SA001S15	SES062	-1.37756	-64.9348	-63.5572
BLOCK00/SES001/SA001S15	SES104	-3.89134	-67.4485	-63.5572
BLOCK00/SES001/SA001S15	SES106	-2.69012	-66.2473	-63.5572
BLOCK00/SES001/SA001S15	SES206	-6.25075	-69.808	-63.5572
BLOCK00/SES001/SA001S24	SES062	-1.68731	-67.9	-66.2127
BLOCK00/SES001/SA001S24	SES082	-1.98192	-68.1946	-66.2127
BLOCK00/SES001/SA001S24	SES087	-5.70367	-71.9163	-66.2127
BLOCK00/SES001/SA001S24	SES206	-4.21143	-70.4241	-66.2127
BLOCK00/SES001/SA001S27	SES062	-1.5828	-64.6137	-63.0309
BLOCK00/SES001/SA001S27	SES082	-3.062	-66.0929	-63.0309
BLOCK00/SES001/SA001S27	SES087	-5.79224	-68.8231	-63.0309
BLOCK00/SES001/SA001S27	SES206	-5.21825	-68.2492	-63.0309
BLOCK00/SES001/SA001S29	SES062	-1.23625	-67.3289	-66.0926
BLOCK00/SES001/SA001S29	SES082	-1.9829	-68.0755	-66.0926
BLOCK00/SES001/SA001S29	SES158	-2.71224	-68.8049	-66.0926
BLOCK00/SES001/SA001S29	SES206	-6.41684	-72.5095	-66.0926
BLOCK00/SES003/SA003S11	SES002	-3.47149	-67.3061	-63.8347
BLOCK00/SES003/SA003S11	SES019	-1.61871	-65.4534	-63.8347
BLOCK00/SES003/SA003S11	SES082	0.461437	-63.3732	-63.8347
BLOCK00/SES003/SA003S11	SES125	-1.25248	-65.0871	-63.8347
BLOCK00/SES003/SA003S15	SES016	-5.99836	-69.3453	-63.3469
BLOCK00/SES003/SA003S15	SES019	-1.463	-64.8099	-63.3469
BLOCK00/SES003/SA003S15	SES062	-2.71444	-66.0614	-63.3469
BLOCK00/SES003/SA003S15	SES206	-1.14016	-64.4871	-63.3469
BLOCK00/SES003/SA003S22	SES002	-5.38099	-68.8569	-63.476
BLOCK00/SES003/SA003S22	SES062	-2.0673	-65.5433	-63.476
BLOCK00/SES003/SA003S22	SES082	-0.652241	-64.1282	-63.476
BLOCK00/SES003/SA003S22	SES087	-2.73479	-66.2107	-63.476
BLOCK00/SES003/SA003S25	SES062	-2.58182	-67.9693	-65.3874
BLOCK00/SES003/SA003S25	SES082	0.225555	-65.1619	-65.3874
BLOCK00/SES003/SA003S25	SES087	-3.439	-68.8264	-65.3874
BLOCK00/SES003/SA003S25	SES206	-3.36683	-68.7543	-65.3874
BLOCK00/SES003/SA003S29	SES002	-4.82526	-68.8681	-64.0429
BLOCK00/SES003/SA003S29	SES062	-2.01153	-66.0544	-64.0429
BLOCK00/SES003/SA003S29	SES082	-0.246941	-64.2898	-64.0429
BLOCK00/SES003/SA003S29	SES087	-2.89126	-66.9341	-64.0429
BLOCK00/SES004/SA004S12	SES083	-1.74018	-67.0769	-65.3367
BLOCK00/SES004/SA004S12	SES148	-1.62547	-66.9622	-65.3367
BLOCK00/SES004/SA004S12	SES172	-2.04595	-67.3827	-65.3367
BLOCK00/SES004/SA004S12	SES292	-2.23044	-67.5672	-65.3367
BLOCK00/SES004/SA004S17	SES083	-1.31378	-66.9045	-65.5907
BLOCK00/SES004/SA004S17	SES162	-1.15781	-66.7485	-65.5907
BLOCK00/SES004/SA004S17	SES172	-2.38152	-67.9722	-65.5907
BLOCK00/SES004/SA004S17	SES292	-1.37502	-66.9657	-65.5907
BLOCK00/SES004/SA004S24	SES083	-1.35859	-66.1862	-64.8276
BLOCK00/SES004/SA004S24	SES148	-2.10875	-66.9364	-64.8276
BLOCK00/SES004/SA004S24	SES172	-1.66856	-66.4962	-64.8276
BLOCK00/SES004/SA004S24	SES292	-1.24636	-66.074	-64.8276
BLOCK00/SES004/SA004S26	SES083	-0.689178	-65.4856	-64.7964
BLOCK00/SES004/SA004S26	SES127	-1.82319	-66.6196	-64.7964
BLOCK00/SES004/SA004S26	SES148	-2.38882	-67.1853	-64.7964
BLOCK00/SES004/SA004S26	SES292	-1.19476	-65.9912	-64.7964
BLOCK00/SES004/SA004S28	SES083	-0.650154	-65.1015	-64.4514
BLOCK00/SES004/SA004S28	SES127	-2.59998	-67.0513	-64.4514
BLOCK00/SES004/SA004S28	SES187	-1.36661	-65.818	-64.4514
BLOCK00/SES004/SA004S28	SES292	-2.46494	-66.9163	-64.4514
BLOCK00/SES006/SA006S10	SES014	-2.35435	-69.1798	-66.8255
BLOCK00/SES006/SA006S10	SES158	-0.0451508	-66.8706	-66.8255
BLOCK00/SES006/SA006S10	SES226	-1.57262	-68.3981	-66.8255
BLOCK00/SES006/SA006S10	SES270	-0.00136566	-66.8269	-66.8255
BLOCK00/SES006/SA006S11	SES158	-0.489769	-67.0083	-66.5185
BLOCK00/SES006/SA006S11	SES226	-1.63483	-68.1533	-66.5185
BLOCK00/SES006/SA006S11	SES270	0.0536041	-66.4649	-66.5185
BLOCK00/SES006/SA006S11	SES275	-3.93553	-70.454	-66.5185
BLOCK00/SES006/SA006S23	SES062	-2.16889	-66.1142	-63.9453
BLOCK00/SES006/SA006S23	SES105	-2.29194	-66.2373	-63.9453
BLOCK00/SES006/SA006S23	SES158	-0.942928	-64.8882	-63.9453
BLOCK00/SES006/SA006S23	SES275	-2.79322	-66.7385	-63.9453
BLOCK00/SES006/SA006S26	SES104	-1.69576	-67.022	-65.3263
BLOCK00/SES006/SA006S26	SES158	-0.0284119	-65.3547	-65.3263
BLOCK00/SES006/SA006S26	SES270	-0.830627	-66.1569	-65.3263
BLOCK00/SES006/SA006S26	SES275	-2.88622	-68.2125	-65.3263
BLOCK00/SES006/SA006S28	SES007	-2.89233	-68.7697	-65.8774
BLOCK00/SES006/SA006S28	SES105	-2.25629	-68.1337	-65.8774
BLOCK00/SES006/SA006S28	SES158	-0.853531	-66.7309	-65.8774
BLOCK00/SES006/SA006S28	SES275	-3.35178	-69.2292	-65.8774
BLOCK00/SES009/SA009S12	SES083	-1.3427	-64.736	-63.3933
BLOCK00/SES009/SA009S12	SES148	-1.37949	-64.7728	-63.3933
BLOCK00/SES009/SA009S12	SES177	-3.24744	-66.6408	-63.3933
BLOCK00/SES009/SA009S12	SES292	-0.291893	-63.6852	-63.3933
BLOCK00/SES009/SA009S15	SES007	0.63789	-61.7853	-62.4231
BLOCK00/SES009/SA009S15	SES099	-14.1621	-76.5852	-62.4231
BLOCK00/SES009/SA009S15	SES148	-1.70564	-64.1288	-62.4231
BLOCK00/SES009/SA009S15	SES172	-2.20906	-64.6322	-62.4231
BLOCK00/SES009/SA009S24	SES146	-0.559601	-63.8009	-63.2413
BLOCK00/SES009/SA009S24	SES148	-1.30377	-64.545	-63.2413
BLOCK00/SES009/SA009S24	SES177	-2.34841	-65.5897	-63.2413
BLOCK00/SES009/SA009S24	SES292	-0.216331	-63.4576	-63.2413
BLOCK00/SES009/SA009S26	SES083	-1.05423	-64.6285	-63.5742
BLOCK00/SES009/SA009S26	SES101	-1.36222	-64.9364	-63.5742
BLOCK00/SES009/SA009S26	SES120	-0.78714	-64.3614	-63.5742
BLOCK00/SES009/SA009S26	SES177	-2.96378	-66.538	-63.5742
BLOCK00/SES009/SA009S29	SES083	-0.636478	-63.6434	-63.0069
BLOCK00/SES009/SA009S29	SES101	-1.29545	-64.3024	-63.0069
BLOCK00/SES009/SA009S29	SES177	-2.9246	-65.9315	-63.0069
BLOCK00/SES009/SA009S29	SES292	-0.259747	-63.2667	-63.0069
BLOCK01/SES011/SA011S10	SES019	-0.126949	-63.4977	-63.3708
BLOCK01/SES011/SA011S10	SES042	0.902634	-62.4682	-63.3708
BLOCK01/SES011/SA011S10	SES082	0.361095	-63.0097	-63.3708
BLOCK01/SES011/SA011S10	SES206	0.506279	-62.8645	-63.3708
BLOCK01/SES011/SA011S11	SES019	0.659737	-64.6068	-65.2665
BLOCK01/SES011/SA011S11	SES042	0.313835	-64.9527	-65.2665
BLOCK01/SES011/SA011S11	SES082	0.486816	-64.7797	-65.2665
BLOCK01/SES011/SA011S11	SES206	0.340004	-64.9265	-65.2665
BLOCK01/SES011/SA011S22	SES019	0.738289	-63.6914	-64.4296
BLOCK01/SES011/SA011S22	SES042	-0.00341797	-64.4331	-64.4296
BLOCK01/SES011/SA011S22	SES082	0.520721	-63.9089	-64.4296
BLOCK01/SES011/SA011S22	SES206	-0.196762	-64.6264	-64.4296
BLOCK01/SES011/SA011S24	SES019	-0.103752	-63.2569	-63.1531
BLOCK01/SES011/SA011S24	SES042	0.261673	-62.8914	-63.1531
BLOCK01/SES011/SA011S24	SES104	-0.345348	-63.4985	-63.1531
BLOCK01/SES011/SA011S24	SES206	0.112072	-63.041	-63.1531
BLOCK01/SES011/SA011S27	SES082	0.923908	-62.8663	-63.7902
BLOCK01/SES011/SA011S27	SES087	-0.928738	-64.7189	-63.7902
BLOCK01/SES011/SA011S27	SES125	0.141571	-63.6486	-63.7902
BLOCK01/SES011/SA011S27	SES206	-0.470081	-64.2603	-63.7902
BLOCK01/SES012/SA012S11	SES007	-3.7363	-64.6402	-60.9039
BLOCK01/SES012/SA012S11	SES082	-0.657192	-61.5611	-60.9039
BLOCK01/SES012/SA012S11	SES083	-2.77308	-63.677	-60.9039
BLOCK01/SES012/SA012S11	SES206	0.158142	-60.7458	-60.9039
BLOCK01/SES012/SA012S14	SES082	-0.788284	-62.6044	-61.8161
BLOCK01/SES012/SA012S14	SES087	-2.14859	-63.9647	-61.8161
BLOCK01/SES012/SA012S14	SES206	-0.121952	-61.9381	-61.8161
BLOCK01/SES012/SA012S14	SES292	-4.58731	-66.4035	-61.8161
BLOCK01/SES012/SA012S24	SES082	0.920902	-61.8334	-62.7543
BLOCK01/SES012/SA012S24	SES087	-0.225819	-62.9801	-62.7543
BLOCK01/SES012/SA012S24	SES120	-5.02732	-67.7816	-62.7543
BLOCK01/SES012/SA012S24	SES206	0.39172	-62.3626	-62.7543
BLOCK01/SES012/SA012S26	SES019	-2.11608	-63.4369	-61.3208
BLOCK01/SES012/SA012S26	SES082	-1.29216	-62.613	-61.3208
BLOCK01/SES012/SA012S26	SES206	0.89539	-60.4254	-61.3208
BLOCK01/SES012/SA012S26	SES292	-5.12017	-66.441	-61.3208
BLOCK01/SES012/SA012S29	SES062	-2.98904	-64.4149	-61.4258
BLOCK01/SES012/SA012S29	SES082	-0.337391	-61.7632	-61.4258
BLOCK01/SES012/SA012S29	SES083	-2.5452	-63.971	-61.4258
BLOCK01/SES012/SA012S29	SES206	0.057972	-61.3679	-61.4258
BLOCK01/SES013/SA013S16	SES062	-3.90841	-67.1365	-63.2281
BLOCK01/SES013/SA013S16	SES106	-0.118229	-63.3463	-63.2281
BLOCK01/SES013/SA013S16	SES206	-0.597504	-63.8256	-63.2281
BLOCK01/SES013/SA013S16	SES226	-0.0183296	-63.2464	-63.2281
BLOCK01/SES013/SA013S17	SES062	-3.81361	-65.6222	-61.8086
BLOCK01/SES013/SA013S17	SES106	-0.573059	-62.3816	-61.8086
BLOCK01/SES013/SA013S17	SES206	0.668579	-61.14	-61.8086
BLOCK01/SES013/SA013S17	SES226	0.22094	-61.5876	-61.8086
BLOCK01/SES013/SA013S23	SES104	-1.16687	-63.397	-62.2302
BLOCK01/SES013/SA013S23	SES106	-0.0508537	-62.281	-62.2302
BLOCK01/SES013/SA013S23	SES206	-0.562187	-62.7923	-62.2302
BLOCK01/SES013/SA013S23	SES270	-0.260807	-62.491	-62.2302
BLOCK01/SES013/SA013S25	SES042	-1.1271	-62.5927	-61.4656
BLOCK01/SES013/SA013S25	SES104	-0.872761	-62.3384	-61.4656
BLOCK01/SES013/SA013S25	SES106	0.054821	-61.4108	-61.4656
BLOCK01/SES013/SA013S25	SES206	-0.032753	-61.4984	-61.4656
BLOCK01/SES013/SA013S29	SES062	-4.47244	-66.9901	-62.5176
BLOCK01/SES013/SA013S29	SES104	-1.00049	-63.5181	-62.5176
BLOCK01/SES013/SA013S29	SES106	0.13467	-62.3829	-62.5176
BLOCK01/SES013/SA013S29	SES206	0.178215	-62.3394	-62.5176
BLOCK02/SES021/SA021S13	SES016	-7.23378	-70.0897	-62.856
BLOCK02/SES021/SA021S13	SES029	-5.66265	-68.5186	-62.856
BLOCK02/SES021/SA021S13	SES087	-1.34895	-64.2049	-62.856
BLOCK02/SES021/SA021S13	SES206	-0.85598	-63.7119	-62.856
BLOCK02/SES021/SA021S15	SES087	-1.1072	-62.3783	-61.2711
BLOCK02/SES021/SA021S15	SES125	0.362179	-60.9089	-61.2711
BLOCK02/SES021/SA021S15	SES206	-0.073494	-61.3446	-61.2711
BLOCK02/SES021/SA021S15	SES226	-0.30228	-61.5734	-61.2711
BLOCK02/SES021/SA021S23	SES062	-2.37867	-67.1303	-64.7516
BLOCK02/SES021/SA021S23	SES087	-2.04915	-66.8008	-64.7516
BLOCK02/SES021/SA021S23	SES206	-0.648216	-65.3998	-64.7516
BLOCK02/SES021/SA021S23	SES226	0.528496	-64.2231	-64.7516
BLOCK02/SES021/SA021S27	SES002	-3.1349	-65.8317	-62.6968
BLOCK02/SES021/SA021S27	SES016	-5.36911	-68.0659	-62.6968
BLOCK02/SES021/SA021S27	SES019	-1.56154	-64.2584	-62.6968
BLOCK02/SES021/SA021S27	SES062	-1.3905	-64.0873	-62.6968
BLOCK02/SES021/SA021S29	SES087	-1.98149	-64.9609	-62.9794
BLOCK02/SES021/SA021S29	SES125	-0.40097	-63.3804	-62.9794
BLOCK02/SES021/SA021S29	SES206	-0.530529	-63.5099	-62.9794
BLOCK02/SES021/SA021S29	SES226	0.294067	-62.6853	-62.9794
BLOCK04/SES043/SA043S09	SES083	-1.78502	-67.611	-65.8259
BLOCK04/SES043/SA043S09	SES101	-3.25002	-69.076	-65.8259
BLOCK04/SES043/SA043S09	SES144	-0.195465	-66.0214	-65.8259
BLOCK04/SES043/SA043S09	SES172	-5.66253	-71.4885	-65.8259
BLOCK04/SES043/SA043S11	SES083	-0.729599	-64.5041	-63.7745
BLOCK04/SES043/SA043S11	SES101	-1.50172	-65.2762	-63.7745
BLOCK04/SES043/SA043S11	SES144	-0.441116	-64.2156	-63.7745
BLOCK04/SES043/SA043S11	SES172	-2.48042	-66.2549	-63.7745
BLOCK04/SES043/SA043S23	SES083	-0.221146	-64.7463	-64.5252
BLOCK04/SES043/SA043S23	SES144	-0.00647736	-64.5316	-64.5252
BLOCK04/SES043/SA043S23	SES177	-4.02979	-68.555	-64.5252
BLOCK04/SES043/SA043S23	SES275	-0.558319	-65.0835	-64.5252
BLOCK04/SES043/SA043S26	SES083	-0.602776	-65.0532	-64.4504
BLOCK04/SES043/SA043S26	SES101	-1.28645	-65.7369	-64.4504
BLOCK04/SES043/SA043S26	SES144	-0.427612	-64.8781	-64.4504
BLOCK04/SES043/SA043S26	SES177	-2.91216	-67.3626	-64.4504
BLOCK04/SES043/SA043S28	SES016	-0.983814	-64.1899	-63.2061
BLOCK04/SES043/SA043S28	SES083	-0.742088	-63.9482	-63.2061
BLOCK04/SES043/SA043S28	SES101	-0.873234	-64.0794	-63.2061
BLOCK04/SES043/SA043S28	SES144	-0.822819	-64.0289	-63.2061
BLOCK04/SES044/SA044S10	SES127	-3.39001	-70.8272	-67.4372
BLOCK04/SES044/SA044S10	SES144	-0.931808	-68.369	-67.4372
BLOCK04/SES044/SA044S10	SES147	-3.27374	-70.711	-67.4372
BLOCK04/SES044/SA044S10	SES148	-2.81194	-70.2492	-67.4372
BLOCK04/SES044/SA044S11	SES101	-2.16674	-68.8492	-66.6825
BLOCK04/SES044/SA044S11	SES144	-0.456177	-67.1386	-66.6825
BLOCK04/SES044/SA044S11	SES147	-2.72562	-69.4081	-66.6825
BLOCK04/SES044/SA044S11	SES177	-1.9332	-68.6157	-66.6825
BLOCK04/SES044/SA044S24	SES007	-1.97887	-67.7998	-65.821
BLOCK04/SES044/SA044S24	SES101	-0.884857	-66.7058	-65.821
BLOCK04/SES044/SA044S24	SES147	-5.33111	-71.1521	-65.821
BLOCK04/SES044/SA044S24	SES177	-3.07138	-68.8923	-65.821
BLOCK04/SES044/SA044S26	SES007	-1.91847	-67.3442	-65.4258
BLOCK04/SES044/SA044S26	SES016	-1.15027	-66.576	-65.4258
BLOCK04/SES044/SA044S26	SES101	-1.39231	-66.8181	-65.4258
BLOCK04/SES044/SA044S26	SES147	-1.81168	-67.2374	-65.4258
BLOCK04/SES044/SA044S29	SES007	-1.80659	-66.1128	-64.3062
BLOCK04/SES044/SA044S29	SES101	-0.395004	-64.7012	-64.3062
BLOCK04/SES044/SA044S29	SES147	-2.36468	-66.6709	-64.3062
BLOCK04/SES044/SA044S29	SES177	-2.82274	-67.1289	-64.3062
BLOCK04/SES046/SA046S13	SES101	-4.51911	-70.034	-65.5149
BLOCK04/SES046/SA046S13	SES144	-0.985313	-66.5002	-65.5149
BLOCK04/SES046/SA046S13	SES147	-3.21621	-68.7311	-65.5149
BLOCK04/SES046/SA046S13	SES177	-2.61732	-68.1322	-65.5149
BLOCK04/SES046/SA046S15	SES048	-4.49596	-68.6483	-64.1523
BLOCK04/SES046/SA046S15	SES083	-0.985329	-65.1376	-64.1523
BLOCK04/SES046/SA046S15	SES120	-2.01846	-66.1708	-64.1523
BLOCK04/SES046/SA046S15	SES148	-1.489	-65.6413	-64.1523
BLOCK04/SES046/SA046S22	SES101	-1.6698	-67.0153	-65.3455
BLOCK04/SES046/SA046S22	SES144	-0.815842	-66.1613	-65.3455
BLOCK04/SES046/SA046S22	SES147	-1.59847	-66.9439	-65.3455
BLOCK04/SES046/SA046S22	SES172	-3.38102	-68.7265	-65.3455
BLOCK04/SES046/SA046S25	SES083	-1.55489	-66.1894	-64.6345
BLOCK04/SES046/SA046S25	SES127	-2.17557	-66.81	-64.6345
BLOCK04/SES046/SA046S25	SES144	-1.95033	-66.5848	-64.6345
BLOCK04/SES046/SA046S25	SES148	-1.50032	-66.1348	-64.6345
BLOCK04/SES046/SA046S28	SES007	-5.0179	-70.4211	-65.4032
BLOCK04/SES046/SA046S28	SES105	-2.6722	-68.0754	-65.4032
BLOCK04/SES046/SA046S28	SES147	-2.8384	-68.2416	-65.4032
BLOCK04/SES046/SA046S28	SES148	-1.098	-66.5012	-65.4032
BLOCK04/SES049/SA049S16	SES104	-0.509476	-64.6568	-64.1473
BLOCK04/SES049/SA049S16	SES106	-0.621086	-64.7684	-64.1473
BLOCK04/SES049/SA049S16	SES120	-3.74866	-67.896	-64.1473
BLOCK04/SES049/SA049S16	SES206	-0.592255	-64.7396	-64.1473
BLOCK04/SES049/SA049S18	SES099	-1.28647	-66.2853	-64.9989
BLOCK04/SES049/SA049S18	SES104	-0.390785	-65.3896	-64.9989
BLOCK04/SES049/SA049S18	SES125	-0.999443	-65.9983	-64.9989
BLOCK04/SES049/SA049S18	SES206	-0.923569	-65.9224	-64.9989
BLOCK04/SES049/SA049S25	SES087	-0.635735	-64.6237	-63.9879
BLOCK04/SES049/SA049S25	SES104	0.77079	-63.2171	-63.9879
BLOCK04/SES049/SA049S25	SES125	-0.728348	-64.7163	-63.9879
BLOCK04/SES049/SA049S25	SES206	-0.28344	-64.2714	-63.9879
BLOCK04/SES049/SA049S27	SES099	-2.04957	-65.1753	-63.1257
BLOCK04/SES049/SA049S27	SES104	0.326321	-62.7994	-63.1257
BLOCK04/SES049/SA049S27	SES125	-0.956295	-64.082	-63.1257
BLOCK04/SES049/SA049S27	SES206	-1.0792	-64.2049	-63.1257
BLOCK04/SES049/SA049S29	SES099	-1.92119	-64.5913	-62.6701
BLOCK04/SES049/SA049S29	SES104	0.754147	-61.9159	-62.6701
BLOCK04/SES049/SA049S29	SES125	-0.351524	-63.0216	-62.6701
BLOCK04/SES049/SA049S29	SES206	0.287384	-62.3827	-62.6701
BLOCK06/SES063/SA063S09	SES068	-1.63459	-65.2614	-63.6268
BLOCK06/SES063/SA063S09	SES083	-0.105236	-63.7321	-63.6268
BLOCK06/SES063/SA063S09	SES177	-1.13366	-64.7605	-63.6268
BLOCK06/SES063/SA063S09	SES187	-1.13585	-64.7627	-63.6268
BLOCK06/SES063/SA063S10	SES068	-1.69141	-66.268	-64.5766
BLOCK06/SES063/SA063S10	SES083	-0.273125	-64.8497	-64.5766
BLOCK06/SES063/SA063S10	SES172	-0.339256	-64.9159	-64.5766
BLOCK06/SES063/SA063S10	SES187	-1.02153	-65.5982	-64.5766
BLOCK06/SES063/SA063S20	SES068	-3.63745	-68.5273	-64.8898
BLOCK06/SES063/SA063S20	SES083	-0.707062	-65.5969	-64.8898
BLOCK06/SES063/SA063S20	SES172	-2.00323	-66.893	-64.8898
BLOCK06/SES063/SA063S20	SES187	-0.107605	-64.9974	-64.8898
BLOCK06/SES063/SA063S24	SES029	-1.55274	-65.3646	-63.8118
BLOCK06/SES063/SA063S24	SES083	0.305046	-63.5068	-63.8118
BLOCK06/SES063/SA063S24	SES177	-0.727169	-64.539	-63.8118
BLOCK06/SES063/SA063S24	SES189	-0.502995	-64.3148	-63.8118
BLOCK06/SES063/SA063S27	SES083	0.19931	-64.9537	-65.153
BLOCK06/SES063/SA063S27	SES172	-0.804932	-65.958	-65.153
BLOCK06/SES063/SA063S27	SES187	-1.29543	-66.4485	-65.153
BLOCK06/SES063/SA063S27	SES292	-1.44296	-66.596	-65.153
BLOCK06/SES067/SA067S12	SES083	-1.02643	-64.4973	-63.4709
BLOCK06/SES067/SA067S12	SES172	-3.90496	-67.3759	-63.4709
BLOCK06/SES067/SA067S12	SES202	0.0617371	-63.4092	-63.4709
BLOCK06/SES067/SA067S12	SES292	-1.73186	-65.2028	-63.4709
BLOCK06/SES067/SA067S14	SES085	-2.88665	-65.6025	-62.7159
BLOCK06/SES067/SA067S14	SES177	-1.85379	-64.5697	-62.7159
BLOCK06/SES067/SA067S14	SES183	-2.96161	-65.6775	-62.7159
BLOCK06/SES067/SA067S14	SES202	-0.74094	-63.4568	-62.7159
BLOCK06/SES067/SA067S21	SES144	-1.00731	-66.0745	-65.0672
BLOCK06/SES067/SA067S21	SES177	-1.08645	-66.1536	-65.0672
BLOCK06/SES067/SA067S21	SES183	-4.91022	-69.9774	-65.0672
BLOCK06/SES067/SA067S21	SES189	-0.371674	-65.4388	-65.0672
BLOCK06/SES067/SA067S25	SES085	-0.696503	-65.2964	-64.5999
BLOCK06/SES067/SA067S25	SES177	-0.800636	-65.4005	-64.5999
BLOCK06/SES067/SA067S25	SES183	-1.59518	-66.1951	-64.5999
BLOCK06/SES067/SA067S25	SES202	-0.187614	-64.7875	-64.5999
BLOCK06/SES067/SA067S29	SES085	-0.909721	-65.3189	-64.4092
BLOCK06/SES067/SA067S29	SES177	-1.20535	-65.6145	-64.4092
BLOCK06/SES067/SA067S29	SES183	-1.15504	-65.5642	-64.4092
BLOCK06/SES067/SA067S29	SES202	0.416634	-63.9925	-64.4092
BLOCK06/SES069/SA069S12	SES029	-3.38044	-66.2524	-62.872
BLOCK06/SES069/SA069S12	SES082	-0.0741272	-62.9461	-62.872
BLOCK06/SES069/SA069S12	SES087	-2.84614	-65.7181	-62.872
BLOCK06/SES069/SA069S12	SES206	-1.70368	-64.5756	-62.872
BLOCK06/SES069/SA069S13	SES029	-3.66478	-66.7368	-63.072
BLOCK06/SES069/SA069S13	SES087	-2.70835	-65.7803	-63.072
BLOCK06/SES069/SA069S13	SES206	-2.90471	-65.9767	-63.072
BLOCK06/SES069/SA069S13	SES226	-0.944668	-64.0166	-63.072
BLOCK06/SES069/SA069S23	SES029	-2.77967	-63.7749	-60.9952
BLOCK06/SES069/SA069S23	SES087	-3.4677	-64.4629	-60.9952
BLOCK06/SES069/SA069S23	SES206	-1.91104	-62.9063	-60.9952
BLOCK06/SES069/SA069S23	SES226	-0.989697	-61.9849	-60.9952
BLOCK06/SES069/SA069S25	SES087	-1.75673	-63.4209	-61.6641
BLOCK06/SES069/SA069S25	SES206	-1.64078	-63.3049	-61.6641
BLOCK06/SES069/SA069S25	SES226	-0.743248	-62.4074	-61.6641
BLOCK06/SES069/SA069S25	SES270	-1.99244	-63.6566	-61.6641
BLOCK06/SES069/SA069S27	SES087	-2.16449	-64.4227	-62.2582
BLOCK06/SES069/SA069S27	SES206	-0.39315	-62.6513	-62.2582
BLOCK06/SES069/SA069S27	SES226	0.960117	-61.2981	-62.2582
BLOCK06/SES069/SA069S27	SES270	-1.89477	-64.153	-62.2582
BLOCK08/SES081/SA081S11	SES060	-1.91317	-66.173	-64.2598
BLOCK08/SES081/SA081S11	SES062	-2.91942	-67.1792	-64.2598
BLOCK08/SES081/SA081S11	SES117	-2.42363	-66.6834	-64.2598
BLOCK08/SES081/SA081S11	SES162	-1.20377	-65.4636	-64.2598
BLOCK08/SES081/SA081S13	SES016	-0.622337	-63.7703	-63.1479
BLOCK08/SES081/SA081S13	SES060	-0.226437	-63.3744	-63.1479
BLOCK08/SES081/SA081S13	SES068	0.195442	-62.9525	-63.1479
BLOCK08/SES081/SA081S13	SES129	-2.27516	-65.4231	-63.1479
BLOCK08/SES081/SA081S24	SES060	-0.820419	-64.8692	-64.0488
BLOCK08/SES081/SA081S24	SES068	-1.12858	-65.1774	-64.0488
BLOCK08/SES081/SA081S24	SES117	-1.92775	-65.9765	-64.0488
BLOCK08/SES081/SA081S24	SES275	-2.58344	-66.6322	-64.0488
BLOCK08/SES081/SA081S27	SES007	-1.91599	-65.8916	-63.9756
BLOCK08/SES081/SA081S27	SES060	-2.29623	-66.2718	-63.9756
BLOCK08/SES081/SA081S27	SES117	-0.980061	-64.9556	-63.9756
BLOCK08/SES081/SA081S27	SES275	-2.98281	-66.9584	-63.9756
BLOCK08/SES081/SA081S29	SES007	-1.05752	-64.7831	-63.7256
BLOCK08/SES081/SA081S29	SES060	-0.909134	-64.6347	-63.7256
BLOCK08/SES081/SA081S29	SES117	-1.42493	-65.1505	-63.7256
BLOCK08/SES081/SA081S29	SES275	-2.352	-66.0776	-63.7256
BLOCK08/SES086/SA086S11	SES029	-4.55798	-68.698	-64.14
BLOCK08/SES086/SA086S11	SES082	-1.83024	-65.9703	-64.14
BLOCK08/SES086/SA086S11	SES087	-0.197716	-64.3377	-64.14
BLOCK08/SES086/SA086S11	SES206	-1.34476	-65.4848	-64.14
BLOCK08/SES086/SA086S12	SES029	-4.52442	-68.0177	-63.4933
BLOCK08/SES086/SA086S12	SES082	-1.20013	-64.6934	-63.4933
BLOCK08/SES086/SA086S12	SES087	1.30451	-62.1888	-63.4933
BLOCK08/SES086/SA086S12	SES206	-0.0679893	-63.5613	-63.4933
BLOCK08/SES086/SA086S20	SES029	-5.12254	-66.5884	-61.4658
BLOCK08/SES086/SA086S20	SES082	-1.16829	-62.6341	-61.4658
BLOCK08/SES086/SA086S20	SES087	0.918777	-60.5471	-61.4658
BLOCK08/SES086/SA086S20	SES206	-0.0376587	-61.5035	-61.4658
BLOCK08/SES086/SA086S24	SES087	1.04735	-62.2709	-63.3182
BLOCK08/SES086/SA086S24	SES104	-0.0648651	-63.3831	-63.3182
BLOCK08/SES086/SA086S24	SES120	-4.55797	-67.8762	-63.3182
BLOCK08/SES086/SA086S24	SES206	0.633842	-62.6844	-63.3182
BLOCK08/SES086/SA086S28	SES029	-3.89292	-66.1162	-62.2233
BLOCK08/SES086/SA086S28	SES082	-0.651695	-62.875	-62.2233
BLOCK08/SES086/SA086S28	SES087	0.948246	-61.275	-62.2233
BLOCK08/SES086/SA086S28	SES206	0.0937805	-62.1295	-62.2233
BLOCK08/SES089/SA089S13	SES087	-3.1077	-68.0129	-64.9052
BLOCK08/SES089/SA089S13	SES206	-3.13914	-68.0443	-64.9052
BLOCK08/SES089/SA089S13	SES226	-0.398727	-65.3039	-64.9052
BLOCK08/SES089/SA089S13	SES270	-3.8303	-68.7355	-64.9052
BLOCK08/SES089/SA089S14	SES062	-1.64493	-65.4051	-63.7601
BLOCK08/SES089/SA089S14	SES087	-1.00708	-64.7672	-63.7601
BLOCK08/SES089/SA089S14	SES206	-0.992474	-64.7526	-63.7601
BLOCK08/SES089/SA089S14	SES226	0.368305	-63.3918	-63.7601
BLOCK08/SES089/SA089S23	SES087	-3.74438	-70.0935	-66.3491
BLOCK08/SES089/SA089S23	SES206	-3.31436	-69.6635	-66.3491
BLOCK08/SES089/SA089S23	SES226	-0.245384	-66.5945	-66.3491
BLOCK08/SES089/SA089S23	SES270	-5.04752	-71.3966	-66.3491
BLOCK08/SES089/SA089S25	SES062	-1.99574	-66.6827	-64.687
BLOCK08/SES089/SA089S25	SES087	-2.26881	-66.9558	-64.687
BLOCK08/SES089/SA089S25	SES206	-1.71129	-66.3983	-64.687
BLOCK08/SES089/SA089S25	SES226	1.08254	-63.6045	-64.687
BLOCK08/SES089/SA089S28	SES062	-1.85155	-66.65	-64.7984
BLOCK08/SES089/SA089S28	SES087	-2.13524	-66.9337	-64.7984
BLOCK08/SES089/SA089S28	SES206	-0.816269	-65.6147	-64.7984
BLOCK08/SES089/SA089S28	SES226	1.41666	-63.3818	-64.7984
BLOCK09/SES097/SA097S11	SES099	-0.627449	-64.5006	-63.8732
BLOCK09/SES097/SA097S11	SES125	-1.42913	-65.3023	-63.8732
BLOCK09/SES097/SA097S11	SES206	-1.34173	-65.2149	-63.8732
BLOCK09/SES097/SA097S11	SES226	-0.0674896	-63.9406	-63.8732
BLOCK09/SES097/SA097S14	SES062	-3.45484	-67.7499	-64.2951
BLOCK09/SES097/SA097S14	SES099	-2.03275	-66.3279	-64.2951
BLOCK09/SES097/SA097S14	SES104	-0.112602	-64.4077	-64.2951
BLOCK09/SES097/SA097S14	SES206	-1.43449	-65.7296	-64.2951
BLOCK09/SES097/SA097S22	SES099	-1.31021	-64.7004	-63.3901
BLOCK09/SES097/SA097S22	SES206	-0.683117	-64.0733	-63.3901
BLOCK09/SES097/SA097S22	SES226	-0.515976	-63.9061	-63.3901
BLOCK09/SES097/SA097S22	SES270	-0.36282	-63.753	-63.3901
BLOCK09/SES097/SA097S26	SES099	-0.695175	-64.069	-63.3738
BLOCK09/SES097/SA097S26	SES120	-4.00078	-67.3746	-63.3738
BLOCK09/SES097/SA097S26	SES206	-0.71627	-64.0901	-63.3738
BLOCK09/SES097/SA097S26	SES226	-0.818115	-64.1919	-63.3738
BLOCK09/SES097/SA097S28	SES099	-1.88175	-65.4771	-63.5954
BLOCK09/SES097/SA097S28	SES120	-3.30283	-66.8982	-63.5954
BLOCK09/SES097/SA097S28	SES206	-1.78375	-65.3791	-63.5954
BLOCK09/SES097/SA097S28	SES226	-1.21469	-64.8101	-63.5954
BLOCK09/SES098/SA098S11	SES127	-3.4103	-70.0369	-66.6266
BLOCK09/SES098/SA098S11	SES144	-1.19159	-67.8181	-66.6266
BLOCK09/SES098/SA098S11	SES147	-0.240829	-66.8674	-66.6266
BLOCK09/SES098/SA098S11	SES148	-2.97514	-69.6017	-66.6266
BLOCK09/SES098/SA098S12	SES127	-6.55217	-75.0645	-68.5123
BLOCK09/SES098/SA098S12	SES144	-1.27411	-69.7864	-68.5123
BLOCK09/SES098/SA098S12	SES147	-0.850998	-69.3633	-68.5123
BLOCK09/SES098/SA098S12	SES189	-0.259285	-68.7716	-68.5123
BLOCK09/SES098/SA098S20	SES127	-6.71935	-73.2706	-66.5513
BLOCK09/SES098/SA098S20	SES147	-0.339462	-66.8908	-66.5513
BLOCK09/SES098/SA098S20	SES148	-4.54214	-71.0934	-66.5513
BLOCK09/SES098/SA098S20	SES292	-3.6802	-70.2315	-66.5513
BLOCK09/SES098/SA098S23	SES127	-3.6017	-69.1134	-65.5117
BLOCK09/SES098/SA098S23	SES147	-0.641785	-66.1535	-65.5117
BLOCK09/SES098/SA098S23	SES187	-0.509438	-66.0211	-65.5117
BLOCK09/SES098/SA098S23	SES292	-2.91379	-68.4255	-65.5117
BLOCK09/SES098/SA098S27	SES127	-2.99966	-69.8973	-66.8976
BLOCK09/SES098/SA098S27	SES147	-1.32666	-68.2243	-66.8976
BLOCK09/SES098/SA098S27	SES148	-3.19103	-70.0886	-66.8976
BLOCK09/SES098/SA098S27	SES292	-3.54121	-70.4388	-66.8976
BLOCK10/SES102/SA102S13	SES101	-0.371803	-65.3594	-64.9876
BLOCK10/SES102/SA102S13	SES105	-1.44244	-66.4301	-64.9876
BLOCK10/SES102/SA102S13	SES120	-1.47856	-66.4662	-64.9876
BLOCK10/SES102/SA102S13	SES158	-12.2812	-77.2688	-64.9876
BLOCK10/SES102/SA102S14	SES007	0.0351791	-63.3991	-63.4343
BLOCK10/SES102/SA102S14	SES101	-0.212337	-63.6466	-63.4343
BLOCK10/SES102/SA102S14	SES105	-0.363884	-63.7982	-63.4343
BLOCK10/SES102/SA102S14	SES147	-4.15533	-67.5896	-63.4343
BLOCK10/SES102/SA102S22	SES007	-0.671524	-64.4931	-63.8216
BLOCK10/SES102/SA102S22	SES101	0.385036	-63.4365	-63.8216
BLOCK10/SES102/SA102S22	SES105	-0.731003	-64.5526	-63.8216
BLOCK10/SES102/SA102S22	SES158	-6.47047	-70.292	-63.8216
BLOCK10/SES102/SA102S25	SES007	-0.568649	-64.5759	-64.0072
BLOCK10/SES102/SA102S25	SES101	-0.571976	-64.5792	-64.0072
BLOCK10/SES102/SA102S25	SES105	-1.01559	-65.0228	-64.0072
BLOCK10/SES102/SA102S25	SES147	-5.93127	-69.9385	-64.0072
BLOCK10/SES102/SA102S27	SES007	-1.30685	-65.6958	-64.3889
BLOCK10/SES102/SA102S27	SES101	-0.587379	-64.9763	-64.3889
BLOCK10/SES102/SA102S27	SES105	-1.0853	-65.4742	-64.3889
BLOCK10/SES102/SA102S27	SES147	-3.36634	-67.7553	-64.3889
BLOCK10/SES103/SA103S14	SES105	-3.3138	-68.2779	-64.9641
BLOCK10/SES103/SA103S14	SES106	-0.329659	-65.2937	-64.9641
BLOCK10/SES103/SA103S14	SES120	-3.86115	-68.8252	-64.9641
BLOCK10/SES103/SA103S14	SES206	-1.17641	-66.1405	-64.9641
BLOCK10/SES103/SA103S15	SES099	-1.36258	-67.8123	-66.4498
BLOCK10/SES103/SA103S15	SES101	-5.99866	-72.4484	-66.4498
BLOCK10/SES103/SA103S15	SES104	-0.535988	-66.9857	-66.4498
BLOCK10/SES103/SA103S15	SES125	-0.278145	-66.7279	-66.4498
BLOCK10/SES103/SA103S24	SES104	-0.903965	-64.6629	-63.7589
BLOCK10/SES103/SA103S24	SES125	-1.38337	-65.1423	-63.7589
BLOCK10/SES103/SA103S24	SES148	-4.7295	-68.4884	-63.7589
BLOCK10/SES103/SA103S24	SES158	-0.293125	-64.052	-63.7589
BLOCK10/SES103/SA103S26	SES104	-0.86937	-66.7739	-65.9045
BLOCK10/SES103/SA103S26	SES106	-0.231567	-66.1361	-65.9045
BLOCK10/SES103/SA103S26	SES125	-1.42035	-67.3249	-65.9045
BLOCK10/SES103/SA103S26	SES148	-4.074	-69.9785	-65.9045
BLOCK10/SES103/SA103S28	SES104	-1.37952	-68.4302	-67.0507
BLOCK10/SES103/SA103S28	SES106	-0.802238	-67.8529	-67.0507
BLOCK10/SES103/SA103S28	SES125	-2.36475	-69.4154	-67.0507
BLOCK10/SES103/SA103S28	SES206	-3.33137	-70.382	-67.0507
BLOCK12/SES121/SA121S12	SES042	-1.87215	-69.182	-67.3099
BLOCK12/SES121/SA121S12	SES087	-1.99564	-69.3055	-67.3099
BLOCK12/SES121/SA121S12	SES105	-2.00742	-69.3173	-67.3099
BLOCK12/SES121/SA121S12	SES206	-1.30328	-68.6132	-67.3099
BLOCK12/SES121/SA121S14	SES007	-3.38862	-70.62	-67.2313
BLOCK12/SES121/SA121S14	SES105	-2.28635	-69.5177	-67.2313
BLOCK12/SES121/SA121S14	SES106	-0.837456	-68.0688	-67.2313
BLOCK12/SES121/SA121S14	SES206	-1.33858	-68.5699	-67.2313
BLOCK12/SES121/SA121S23	SES105	-2.15922	-69.7683	-67.6091
BLOCK12/SES121/SA121S23	SES106	-0.401314	-68.0104	-67.6091
BLOCK12/SES121/SA121S23	SES120	-3.71067	-71.3197	-67.6091
BLOCK12/SES121/SA121S23	SES206	-0.778328	-68.3874	-67.6091
BLOCK12/SES121/SA121S25	SES007	-3.52539	-71.8074	-68.282
BLOCK12/SES121/SA121S25	SES105	-3.38898	-71.671	-68.282
BLOCK12/SES121/SA121S25	SES106	-1.05626	-69.3383	-68.282
BLOCK12/SES121/SA121S25	SES206	-1.97315	-70.2552	-68.282
BLOCK12/SES121/SA121S27	SES087	-1.41165	-68.2264	-66.8148
BLOCK12/SES121/SA121S27	SES105	-3.94162	-70.7564	-66.8148
BLOCK12/SES121/SA121S27	SES120	-4.5254	-71.3402	-66.8148
BLOCK12/SES121/SA121S27	SES206	-1.8362	-68.651	-66.8148
BLOCK12/SES124/SA124S16	SES042	0.0242615	-64.849	-64.8733
BLOCK12/SES124/SA124S16	SES082	-0.374283	-65.2476	-64.8733
BLOCK12/SES124/SA124S16	SES183	-4.02385	-68.8972	-64.8733
BLOCK12/SES124/SA124S16	SES206	-1.08671	-65.96	-64.8733
BLOCK12/SES124/SA124S17	SES105	-2.30804	-68.8044	-66.4963
BLOCK12/SES124/SA124S17	SES149	-1.28062	-67.777	-66.4963
BLOCK12/SES124/SA124S17	SES158	-0.599045	-67.0954	-66.4963
BLOCK12/SES124/SA124S17	SES275	-2.88245	-69.3788	-66.4963
BLOCK12/SES124/SA124S23	SES105	-3.99552	-65.7388	-61.7433
BLOCK12/SES124/SA124S23	SES125	0.524269	-61.2191	-61.7433
BLOCK12/SES124/SA124S23	SES129	-5.04564	-66.789	-61.7433
BLOCK12/SES124/SA124S23	SES158	-0.450836	-62.1942	-61.7433
BLOCK12/SES124/SA124S26	SES105	-4.67414	-67.6531	-62.979
BLOCK12/SES124/SA124S26	SES125	0.331913	-62.647	-62.979
BLOCK12/SES124/SA124S26	SES129	-5.34813	-68.3271	-62.979
BLOCK12/SES124/SA124S26	SES158	-0.781937	-63.7609	-62.979
BLOCK12/SES124/SA124S28	SES104	-0.131958	-62.7382	-62.6062
BLOCK12/SES124/SA124S28	SES106	-0.331654	-62.9379	-62.6062
BLOCK12/SES124/SA124S28	SES125	0.594009	-62.0122	-62.6062
BLOCK12/SES124/SA124S28	SES275	-4.78388	-67.3901	-62.6062
BLOCK12/SES126/SA126S13	SES007	-2.40375	-69.8124	-67.4087
BLOCK12/SES126/SA126S13	SES162	-1.12696	-68.5356	-67.4087
BLOCK12/SES126/SA126S13	SES177	-0.755554	-68.1642	-67.4087
BLOCK12/SES126/SA126S13	SES180	-1.29969	-68.7084	-67.4087
BLOCK12/SES126/SA126S14	SES144	-1.58486	-66.2792	-64.6944
BLOCK12/SES126/SA126S14	SES148	-1.90791	-66.6023	-64.6944
BLOCK12/SES126/SA126S14	SES177	-0.399841	-65.0942	-64.6944
BLOCK12/SES126/SA126S14	SES180	-1.18604	-65.8804	-64.6944
BLOCK12/SES126/SA126S20	SES007	-2.69819	-67.6386	-64.9404
BLOCK12/SES126/SA126S20	SES162	-2.16128	-67.1017	-64.9404
BLOCK12/SES126/SA126S20	SES172	-7.70765	-72.648	-64.9404
BLOCK12/SES126/SA126S20	SES180	-2.25804	-67.1984	-64.9404
BLOCK12/SES126/SA126S24	SES120	-1.03697	-65.9292	-64.8923
BLOCK12/SES126/SA126S24	SES162	-0.839561	-65.7318	-64.8923
BLOCK12/SES126/SA126S24	SES177	-0.979431	-65.8717	-64.8923
BLOCK12/SES126/SA126S24	SES180	-0.674576	-65.5668	-64.8923
BLOCK12/SES126/SA126S26	SES120	-0.775894	-66.1211	-65.3452
BLOCK12/SES126/SA126S26	SES177	-1.57275	-66.9179	-65.3452
BLOCK12/SES126/SA126S26	SES180	-1.56306	-66.9082	-65.3452
BLOCK12/SES126/SA126S26	SES202	-3.26682	-68.612	-65.3452
BLOCK12/SES128/SA128S10	SES087	-2.59241	-66.1079	-63.5155
BLOCK12/SES128/SA128S10	SES206	-1.34555	-64.8611	-63.5155
BLOCK12/SES128/SA128S10	SES226	-0.384335	-63.8999	-63.5155
BLOCK12/SES128/SA128S10	SES270	-1.25095	-64.7665	-63.5155
BLOCK12/SES128/SA128S12	SES120	-3.36815	-67.4807	-64.1126
BLOCK12/SES128/SA128S12	SES158	-0.973625	-65.0862	-64.1126
BLOCK12/SES128/SA128S12	SES206	-1.03677	-65.1494	-64.1126
BLOCK12/SES128/SA128S12	SES226	-0.500069	-64.6126	-64.1126
BLOCK12/SES128/SA128S21	SES106	-3.17338	-68.7539	-65.5805
BLOCK12/SES128/SA128S21	SES120	-2.72388	-68.3044	-65.5805
BLOCK12/SES128/SA128S21	SES206	-4.51932	-70.0998	-65.5805
BLOCK12/SES128/SA128S21	SES226	-1.56271	-67.1432	-65.5805
BLOCK12/SES128/SA128S24	SES087	-5.20833	-70.8549	-65.6466
BLOCK12/SES128/SA128S24	SES120	-1.29606	-66.9426	-65.6466
BLOCK12/SES128/SA128S24	SES206	-4.66812	-70.3147	-65.6466
BLOCK12/SES128/SA128S24	SES226	-1.54417	-67.1907	-65.6466
BLOCK12/SES128/SA128S27	SES099	-4.41796	-68.4093	-63.9913
BLOCK12/SES128/SA128S27	SES120	-2.20018	-66.1915	-63.9913
BLOCK12/SES128/SA128S27	SES206	-3.51912	-67.5104	-63.9913
BLOCK12/SES128/SA128S27	SES226	-0.775631	-64.7669	-63.9913
BLOCK13/SES130/SA130S13	SES143	-5.23896	-71.7276	-66.4886
BLOCK13/SES130/SA130S13	SES144	0.191315	-66.2973	-66.4886
BLOCK13/SES130/SA130S13	SES146	-1.21922	-67.7078	-66.4886
BLOCK13/SES130/SA130S13	SES275	-3.1443	-69.6329	-66.4886
BLOCK13/SES130/SA130S15	SES143	-2.46311	-67.0169	-64.5538
BLOCK13/SES130/SA130S15	SES144	-0.207512	-64.7613	-64.5538
BLOCK13/SES130/SA130S15	SES146	-0.366653	-64.9205	-64.5538
BLOCK13/SES130/SA130S15	SES275	-0.991623	-65.5454	-64.5538
BLOCK13/SES130/SA130S23	SES127	-5.12873	-71.5679	-66.4391
BLOCK13/SES130/SA130S23	SES144	-0.380844	-66.82	-66.4391
BLOCK13/SES130/SA130S23	SES146	-0.177307	-66.6165	-66.4391
BLOCK13/SES130/SA130S23	SES162	-2.26439	-68.7035	-66.4391
BLOCK13/SES130/SA130S25	SES127	-4.28479	-68.6115	-64.3267
BLOCK13/SES130/SA130S25	SES144	-0.665077	-64.9918	-64.3267
BLOCK13/SES130/SA130S25	SES146	-0.756165	-65.0829	-64.3267
BLOCK13/SES130/SA130S25	SES275	-1.19363	-65.5203	-64.3267
BLOCK13/SES130/SA130S28	SES127	-2.63002	-67.4731	-64.8431
BLOCK13/SES130/SA130S28	SES144	-0.788345	-65.6314	-64.8431
BLOCK13/SES130/SA130S28	SES146	-1.28266	-66.1258	-64.8431
BLOCK13/SES130/SA130S28	SES275	-0.523926	-65.367	-64.8431
BLOCK13/SES131/SA131S13	SES002	-2.92849	-69.4313	-66.5028
BLOCK13/SES131/SA131S13	SES007	-4.5288	-71.0316	-66.5028
BLOCK13/SES131/SA131S13	SES099	-2.37466	-68.8775	-66.5028
BLOCK13/SES131/SA131S13	SES105	-2.9417	-69.4445	-66.5028
BLOCK13/SES131/SA131S14	SES104	-0.111237	-64.2154	-64.1042
BLOCK13/SES131/SA131S14	SES106	-0.0813065	-64.1855	-64.1042
BLOCK13/SES131/SA131S14	SES125	-1.03815	-65.1423	-64.1042
BLOCK13/SES131/SA131S14	SES148	-2.76373	-66.8679	-64.1042
BLOCK13/SES131/SA131S20	SES104	-0.753456	-66.532	-65.7785
BLOCK13/SES131/SA131S20	SES106	-0.0516205	-65.8302	-65.7785
BLOCK13/SES131/SA131S20	SES125	-1.24422	-67.0228	-65.7785
BLOCK13/SES131/SA131S20	SES148	-4.38024	-70.1588	-65.7785
BLOCK13/SES131/SA131S22	SES099	-1.58377	-66.2635	-64.6797
BLOCK13/SES131/SA131S22	SES104	-0.829849	-65.5096	-64.6797
BLOCK13/SES131/SA131S22	SES125	-1.26762	-65.9474	-64.6797
BLOCK13/SES131/SA131S22	SES206	-1.56421	-66.2439	-64.6797
BLOCK13/SES131/SA131S29	SES087	-1.06389	-66.5108	-65.4469
BLOCK13/SES131/SA131S29	SES104	-1.27878	-66.7257	-65.4469
BLOCK13/SES131/SA131S29	SES125	-1.42939	-66.8763	-65.4469
BLOCK13/SES131/SA131S29	SES206	-1.68141	-67.1283	-65.4469
BLOCK13/SES132/SA132S11	SES083	-1.27624	-65.2583	-63.982
BLOCK13/SES132/SA132S11	SES120	0.0704117	-63.9116	-63.982
BLOCK13/SES132/SA132S11	SES127	-1.44313	-65.4252	-63.982
BLOCK13/SES132/SA132S11	SES275	-1.77685	-65.7589	-63.982
BLOCK13/SES132/SA132S12	SES083	-1.44926	-64.9748	-63.5256
BLOCK13/SES132/SA132S12	SES143	-1.46055	-64.9861	-63.5256
BLOCK13/SES132/SA132S12	SES144	-0.990948	-64.5165	-63.5256
BLOCK13/SES132/SA132S12	SES148	-1.38279	-64.9084	-63.5256
BLOCK13/SES132/SA132S22	SES062	-1.06844	-64.8441	-63.7757
BLOCK13/SES132/SA132S22	SES083	-0.789894	-64.5656	-63.7757
BLOCK13/SES132/SA132S22	SES127	-0.825073	-64.6008	-63.7757
BLOCK13/SES132/SA132S22	SES275	-1.56158	-65.3373	-63.7757
BLOCK13/SES132/SA132S24	SES007	-1.01717	-64.6869	-63.6697
BLOCK13/SES132/SA132S24	SES083	-1.03765	-64.7074	-63.6697
BLOCK13/SES132/SA132S24	SES127	-1.20784	-64.8776	-63.6697
BLOCK13/SES132/SA132S24	SES275	-1.22707	-64.8968	-63.6697
BLOCK13/SES132/SA132S27	SES083	-1.38899	-65.932	-64.543
BLOCK13/SES132/SA132S27	SES120	-0.0805206	-64.6236	-64.543
BLOCK13/SES132/SA132S27	SES127	-1.82159	-66.3646	-64.543
BLOCK13/SES132/SA132S27	SES275	-1.88192	-66.4249	-64.543
BLOCK14/SES141/SA141S09	SES143	-0.542114	-65.6258	-65.0837
BLOCK14/SES141/SA141S09	SES144	-0.731812	-65.8155	-65.0837
BLOCK14/SES141/SA141S09	SES162	-0.502449	-65.5861	-65.0837
BLOCK14/SES141/SA141S09	SES180	-0.88562	-65.9693	-65.0837
BLOCK14/SES141/SA141S15	SES127	-1.55389	-66.8791	-65.3252
BLOCK14/SES141/SA141S15	SES144	-0.663925	-65.9891	-65.3252
BLOCK14/SES141/SA141S15	SES162	-0.371651	-65.6968	-65.3252
BLOCK14/SES141/SA141S15	SES180	-0.769646	-66.0948	-65.3252
BLOCK14/SES141/SA141S24	SES127	-1.04276	-65.722	-64.6792
BLOCK14/SES141/SA141S24	SES144	-1.80582	-66.485	-64.6792
BLOCK14/SES141/SA141S24	SES162	0.0149307	-64.6643	-64.6792
BLOCK14/SES141/SA141S24	SES183	-1.78663	-66.4658	-64.6792
BLOCK14/SES141/SA141S26	SES142	-2.531	-67.7646	-65.2336
BLOCK14/SES141/SA141S26	SES144	-1.18079	-66.4144	-65.2336
BLOCK14/SES141/SA141S26	SES172	-1.87556	-67.1091	-65.2336
BLOCK14/SES141/SA141S26	SES180	-0.850609	-66.0842	-65.2336
BLOCK14/SES141/SA141S29	SES127	-0.618416	-64.9401	-64.3217
BLOCK14/SES141/SA141S29	SES142	-1.24433	-65.566	-64.3217
BLOCK14/SES141/SA141S29	SES144	-1.7351	-66.0568	-64.3217
BLOCK14/SES141/SA141S29	SES180	-0.638855	-64.9606	-64.3217
BLOCK15/SES157/SA157S08	SES083	-1.48892	-65.8577	-64.3688
BLOCK15/SES157/SA157S08	SES127	-2.48402	-66.8528	-64.3688
BLOCK15/SES157/SA157S08	SES148	-0.796967	-65.1658	-64.3688
BLOCK15/SES157/SA157S08	SES292	-1.48167	-65.8505	-64.3688
BLOCK15/SES157/SA157S11	SES083	-1.93839	-66.0167	-64.0783
BLOCK15/SES157/SA157S11	SES127	-3.94059	-68.0189	-64.0783
BLOCK15/SES157/SA157S11	SES148	-1.41452	-65.4928	-64.0783
BLOCK15/SES157/SA157S11	SES292	-1.35728	-65.4356	-64.0783
BLOCK15/SES157/SA157S21	SES127	-3.72261	-67.4654	-63.7428
BLOCK15/SES157/SA157S21	SES148	-0.922947	-64.6658	-63.7428
BLOCK15/SES157/SA157S21	SES158	-6.85427	-70.5971	-63.7428
BLOCK15/SES157/SA157S21	SES292	-0.413181	-64.156	-63.7428
BLOCK15/SES157/SA157S24	SES127	-4.4803	-68.0605	-63.5802
BLOCK15/SES157/SA157S24	SES148	-1.15567	-64.7359	-63.5802
BLOCK15/SES157/SA157S24	SES183	-1.7234	-65.3036	-63.5802
BLOCK15/SES157/SA157S24	SES292	-0.593266	-64.1735	-63.5802
BLOCK15/SES157/SA157S26	SES007	-0.442101	-64.7747	-64.3326
BLOCK15/SES157/SA157S26	SES127	-1.283	-65.6156	-64.3326
BLOCK15/SES157/SA157S26	SES147	-4.69886	-69.0314	-64.3326
BLOCK15/SES157/SA157S26	SES148	-0.967674	-65.3002	-64.3326
BLOCK16/SES161/SA161S10	SES007	-2.46087	-68.9415	-66.4806
BLOCK16/SES161/SA161S10	SES105	-0.689728	-67.1704	-66.4806
BLOCK16/SES161/SA161S10	SES158	-2.61037	-69.091	-66.4806
BLOCK16/SES161/SA161S10	SES275	-1.00109	-67.4817	-66.4806
BLOCK16/SES161/SA161S12	SES007	-1.47206	-67.4439	-65.9718
BLOCK16/SES161/SA161S12	SES105	-1.02942	-67.0012	-65.9718
BLOCK16/SES161/SA161S12	SES158	-1.00249	-66.9743	-65.9718
BLOCK16/SES161/SA161S12	SES275	-0.52108	-66.4929	-65.9718
BLOCK16/SES161/SA161S20	SES007	-2.19408	-69.6338	-67.4397
BLOCK16/SES161/SA161S20	SES105	-0.881813	-68.3216	-67.4397
BLOCK16/SES161/SA161S20	SES158	-2.45278	-69.8925	-67.4397
BLOCK16/SES161/SA161S20	SES275	-1.2438	-68.6835	-67.4397
BLOCK16/SES161/SA161S23	SES007	-2.19417	-67.4909	-65.2968
BLOCK16/SES161/SA161S23	SES105	-1.31631	-66.6131	-65.2968
BLOCK16/SES161/SA161S23	SES148	-3.38869	-68.6855	-65.2968
BLOCK16/SES161/SA161S23	SES158	-1.24609	-66.5429	-65.2968
BLOCK16/SES161/SA161S28	SES007	-2.93044	-68.5938	-65.6634
BLOCK16/SES161/SA161S28	SES105	-1.81425	-67.4777	-65.6634
BLOCK16/SES161/SA161S28	SES158	-0.881729	-66.5451	-65.6634
BLOCK16/SES161/SA161S28	SES206	-2.52605	-68.1895	-65.6634
BLOCK16/SES164/SA164S11	SES104	-1.37683	-63.7882	-62.4114
BLOCK16/SES164/SA164S11	SES125	-0.582039	-62.9934	-62.4114
BLOCK16/SES164/SA164S11	SES158	-0.191853	-62.6033	-62.4114
BLOCK16/SES164/SA164S11	SES206	-0.755833	-63.1672	-62.4114
BLOCK16/SES164/SA164S13	SES099	0.466461	-63.8384	-64.3048
BLOCK16/SES164/SA164S13	SES104	-1.97619	-66.281	-64.3048
BLOCK16/SES164/SA164S13	SES125	-1.45953	-65.7644	-64.3048
BLOCK16/SES164/SA164S13	SES206	-0.706024	-65.0109	-64.3048
BLOCK16/SES164/SA164S24	SES002	1.1591	-62.5025	-63.6616
BLOCK16/SES164/SA164S24	SES099	0.42944	-63.2322	-63.6616
BLOCK16/SES164/SA164S24	SES125	-1.35891	-65.0205	-63.6616
BLOCK16/SES164/SA164S24	SES226	-0.574265	-64.2359	-63.6616
BLOCK16/SES164/SA164S27	SES087	-1.44121	-65.0484	-63.6072
BLOCK16/SES164/SA164S27	SES125	-1.17524	-64.7825	-63.6072
BLOCK16/SES164/SA164S27	SES206	-0.540855	-64.1481	-63.6072
BLOCK16/SES164/SA164S27	SES226	-1.25824	-64.8655	-63.6072
BLOCK16/SES164/SA164S29	SES002	1.00005	-62.224	-63.224
BLOCK16/SES164/SA164S29	SES019	-0.8442	-64.0682	-63.224
BLOCK16/SES164/SA164S29	SES125	-0.47887	-63.7029	-63.224
BLOCK16/SES164/SA164S29	SES226	-0.955688	-64.1797	-63.224
BLOCK16/SES169/SA169S13	SES117	-2.55801	-67.8292	-65.2711
BLOCK16/SES169/SA169S13	SES144	-0.40699	-65.6781	-65.2711
BLOCK16/SES169/SA169S13	SES146	-0.816574	-66.0877	-65.2711
BLOCK16/SES169/SA169S13	SES162	-2.36166	-67.6328	-65.2711
BLOCK16/SES169/SA169S14	SES144	-0.59901	-64.3408	-63.7417
BLOCK16/SES169/SA169S14	SES148	-0.758518	-64.5003	-63.7417
BLOCK16/SES169/SA169S14	SES177	-2.0716	-65.8133	-63.7417
BLOCK16/SES169/SA169S14	SES180	-4.03002	-67.7718	-63.7417
BLOCK16/SES169/SA169S24	SES117	-2.2186	-67.9768	-65.7582
BLOCK16/SES169/SA169S24	SES144	-0.66127	-66.4194	-65.7582
BLOCK16/SES169/SA169S24	SES146	-0.673622	-66.4318	-65.7582
BLOCK16/SES169/SA169S24	SES162	-2.49097	-68.2491	-65.7582
BLOCK16/SES169/SA169S27	SES127	-2.28217	-67.0231	-64.7409
BLOCK16/SES169/SA169S27	SES129	-1.62483	-66.3657	-64.7409
BLOCK16/SES169/SA169S27	SES144	-1.77882	-66.5197	-64.7409
BLOCK16/SES169/SA169S27	SES146	-0.881622	-65.6225	-64.7409
BLOCK16/SES169/SA169S29	SES144	-0.631443	-64.5394	-63.908
BLOCK16/SES169/SA169S29	SES162	-1.96103	-65.869	-63.908
BLOCK16/SES169/SA169S29	SES177	-3.03971	-66.9477	-63.908
BLOCK16/SES169/SA169S29	SES180	-2.53561	-66.4436	-63.908
BLOCK17/SES171/SA171S12	SES083	-1.40039	-66.4804	-65.08
BLOCK17/SES171/SA171S12	SES148	-1.50397	-66.584	-65.08
BLOCK17/SES171/SA171S12	SES172	-1.95999	-67.04	-65.08
BLOCK17/SES171/SA171S12	SES292	-1.46536	-66.5454	-65.08
BLOCK17/SES171/SA171S15	SES148	-1.64473	-67.9913	-66.3466
BLOCK17/SES171/SA171S15	SES177	-2.05222	-68.3988	-66.3466
BLOCK17/SES171/SA171S15	SES180	-4.24546	-70.5921	-66.3466
BLOCK17/SES171/SA171S15	SES292	-3.55733	-69.9039	-66.3466
BLOCK17/SES171/SA171S22	SES007	-1.40321	-64.9008	-63.4976
BLOCK17/SES171/SA171S22	SES148	-1.3884	-64.886	-63.4976
BLOCK17/SES171/SA171S22	SES177	-0.536232	-64.0338	-63.4976
BLOCK17/SES171/SA171S22	SES180	-2.37698	-65.8746	-63.4976
BLOCK17/SES171/SA171S25	SES101	-4.00478	-70.7606	-66.7558
BLOCK17/SES171/SA171S25	SES120	-4.01117	-70.767	-66.7558
BLOCK17/SES171/SA171S25	SES177	-1.15884	-67.9146	-66.7558
BLOCK17/SES171/SA171S25	SES180	-2.71633	-69.4721	-66.7558
BLOCK17/SES171/SA171S27	SES177	-0.576324	-65.5224	-64.9461
BLOCK17/SES171/SA171S27	SES180	-2.52468	-67.4708	-64.9461
BLOCK17/SES171/SA171S27	SES189	-1.14084	-66.0869	-64.9461
BLOCK17/SES171/SA171S27	SES292	-2.78042	-67.7265	-64.9461
BLOCK17/SES173/SA173S13	SES162	-2.62321	-69.2632	-66.6399
BLOCK17/SES173/SA173S13	SES177	-2.69791	-69.3379	-66.6399
BLOCK17/SES173/SA173S13	SES180	-2.49196	-69.1319	-66.6399
BLOCK17/SES173/SA173S13	SES292	-2.98945	-69.6294	-66.6399
BLOCK17/SES173/SA173S14	SES007	-3.88428	-70.7785	-66.8943
BLOCK17/SES173/SA173S14	SES162	-2.07024	-68.9645	-66.8943
BLOCK17/SES173/SA173S14	SES177	-1.36851	-68.2628	-66.8943
BLOCK17/SES173/SA173S14	SES180	-2.25105	-69.1453	-66.8943
BLOCK17/SES173/SA173S24	SES144	-1.0355	-68.9442	-67.9087
BLOCK17/SES173/SA173S24	SES162	-1.98115	-69.8899	-67.9087
BLOCK17/SES173/SA173S24	SES177	-1.18446	-69.0932	-67.9087
BLOCK17/SES173/SA173S24	SES180	-2.00925	-69.918	-67.9087
BLOCK17/SES173/SA173S27	SES162	-3.22655	-70.5082	-67.2817
BLOCK17/SES173/SA173S27	SES177	-1.37531	-68.657	-67.2817
BLOCK17/SES173/SA173S27	SES180	-2.46976	-69.7514	-67.2817
BLOCK17/SES173/SA173S27	SES292	-4.1304	-71.4121	-67.2817
BLOCK17/SES173/SA173S29	SES162	-1.73481	-68.4276	-66.6928
BLOCK17/SES173/SA173S29	SES175	-0.384819	-67.0776	-66.6928
BLOCK17/SES173/SA173S29	SES177	-1.17371	-67.8665	-66.6928
BLOCK17/SES173/SA173S29	SES292	-3.44432	-70.1371	-66.6928
BLOCK18/SES182/SA182S10	SES144	-0.964691	-65.7414	-64.7767
BLOCK18/SES182/SA182S10	SES177	-0.775398	-65.5521	-64.7767
BLOCK18/SES182/SA182S10	SES180	-1.84867	-66.6254	-64.7767
BLOCK18/SES182/SA182S10	SES275	-1.42188	-66.1986	-64.7767
BLOCK18/SES182/SA182S12	SES144	-1.02482	-65.273	-64.2482
BLOCK18/SES182/SA182S12	SES177	-1.57647	-65.8246	-64.2482
BLOCK18/SES182/SA182S12	SES180	-1.80954	-66.0577	-64.2482
BLOCK18/SES182/SA182S12	SES275	-2.29027	-66.5384	-64.2482
BLOCK18/SES182/SA182S21	SES117	-1.24162	-66.7641	-65.5225
BLOCK18/SES182/SA182S21	SES144	-1.77135	-67.2939	-65.5225
BLOCK18/SES182/SA182S21	SES162	-1.46011	-66.9826	-65.5225
BLOCK18/SES182/SA182S21	SES180	-1.78128	-67.3038	-65.5225
BLOCK18/SES182/SA182S23	SES117	-0.624336	-65.6496	-65.0253
BLOCK18/SES182/SA182S23	SES144	-1.91685	-66.9421	-65.0253
BLOCK18/SES182/SA182S23	SES180	-2.19086	-67.2161	-65.0253
BLOCK18/SES182/SA182S23	SES275	-1.99137	-67.0167	-65.0253
BLOCK18/SES182/SA182S25	SES007	-1.59049	-66.5691	-64.9786
BLOCK18/SES182/SA182S25	SES162	-0.744293	-65.7229	-64.9786
BLOCK18/SES182/SA182S25	SES177	-0.68631	-65.6649	-64.9786
BLOCK18/SES182/SA182S25	SES180	-1.5337	-66.5123	-64.9786
BLOCK18/SES184/SA184S12	SES177	-1.37131	-66.3762	-65.0049
BLOCK18/SES184/SA184S12	SES180	-1.71174	-66.7167	-65.0049
BLOCK18/SES184/SA184S12	SES189	-3.41652	-68.4214	-65.0049
BLOCK18/SES184/SA184S12	SES292	-1.0441	-66.049	-65.0049
BLOCK18/SES184/SA184S13	SES101	-1.31445	-66.5125	-65.1981
BLOCK18/SES184/SA184S13	SES177	-1.13918	-66.3372	-65.1981
BLOCK18/SES184/SA184S13	SES180	-1.92072	-67.1188	-65.1981
BLOCK18/SES184/SA184S13	SES292	-1.1069	-66.305	-65.1981
BLOCK18/SES184/SA184S22	SES177	-1.11819	-65.6424	-64.5242
BLOCK18/SES184/SA184S22	SES180	-1.98227	-66.5065	-64.5242
BLOCK18/SES184/SA184S22	SES189	-3.20621	-67.7304	-64.5242
BLOCK18/SES184/SA184S22	SES292	-1.71941	-66.2436	-64.5242
BLOCK18/SES184/SA184S25	SES101	-0.911343	-64.2512	-63.3398
BLOCK18/SES184/SA184S25	SES177	-1.90092	-65.2408	-63.3398
BLOCK18/SES184/SA184S25	SES180	-2.25331	-65.5932	-63.3398
BLOCK18/SES184/SA184S25	SES292	-1.02363	-64.3635	-63.3398
BLOCK18/SES184/SA184S27	SES083	-1.40031	-65.4734	-64.0731
BLOCK18/SES184/SA184S27	SES177	-1.89152	-65.9646	-64.0731
BLOCK18/SES184/SA184S27	SES202	-4.4273	-68.5004	-64.0731
BLOCK18/SES184/SA184S27	SES292	-1.57652	-65.6496	-64.0731
BLOCK20/SES204/SA204S12	SES062	-2.89548	-65.2276	-62.3321
BLOCK20/SES204/SA204S12	SES083	-2.56451	-64.8966	-62.3321
BLOCK20/SES204/SA204S12	SES206	-0.641609	-62.9737	-62.3321
BLOCK20/SES204/SA204S12	SES226	-0.886936	-63.219	-62.3321
BLOCK20/SES204/SA204S14	SES068	-4.85107	-66.8716	-62.0205
BLOCK20/SES204/SA204S14	SES087	-1.04409	-63.0646	-62.0205
BLOCK20/SES204/SA204S14	SES206	-1.33686	-63.3574	-62.0205
BLOCK20/SES204/SA204S14	SES226	-1.32615	-63.3467	-62.0205
BLOCK20/SES204/SA204S22	SES068	-4.94653	-67.2369	-62.2903
BLOCK20/SES204/SA204S22	SES082	-1.91695	-64.2073	-62.2903
BLOCK20/SES204/SA204S22	SES083	-3.10469	-65.395	-62.2903
BLOCK20/SES204/SA204S22	SES206	-0.819416	-63.1098	-62.2903
BLOCK20/SES204/SA204S25	SES062	-4.55439	-67.2406	-62.6862
BLOCK20/SES204/SA204S25	SES083	-3.43201	-66.1182	-62.6862
BLOCK20/SES204/SA204S25	SES206	-0.763432	-63.4496	-62.6862
BLOCK20/SES204/SA204S25	SES226	-1.13081	-63.817	-62.6862
BLOCK20/SES204/SA204S27	SES068	-5.30624	-68.7236	-63.4174
BLOCK20/SES204/SA204S27	SES082	-1.49483	-64.9122	-63.4174
BLOCK20/SES204/SA204S27	SES087	-0.169262	-63.5866	-63.4174
BLOCK20/SES204/SA204S27	SES206	-0.249882	-63.6673	-63.4174
BLOCK20/SES207/SA207S10	SES127	-0.905876	-65.1568	-64.2509
BLOCK20/SES207/SA207S10	SES183	-2.28222	-66.5331	-64.2509
BLOCK20/SES207/SA207S10	SES189	-1.35404	-65.6049	-64.2509
BLOCK20/SES207/SA207S10	SES292	-1.7913	-66.0422	-64.2509
BLOCK20/SES207/SA207S11	SES127	-2.90307	-67.6125	-64.7094
BLOCK20/SES207/SA207S11	SES183	-1.94078	-66.6502	-64.7094
BLOCK20/SES207/SA207S11	SES187	-0.749275	-65.4587	-64.7094
BLOCK20/SES207/SA207S11	SES292	-1.39505	-66.1045	-64.7094
BLOCK20/SES207/SA207S25	SES068	-1.6597	-66.7537	-65.094
BLOCK20/SES207/SA207S25	SES083	-1.91914	-67.0131	-65.094
BLOCK20/SES207/SA207S25	SES127	-1.27902	-66.373	-65.094
BLOCK20/SES207/SA207S25	SES187	-0.907829	-66.0018	-65.094
BLOCK20/SES207/SA207S27	SES127	-1.43449	-67.2503	-65.8158
BLOCK20/SES207/SA207S27	SES183	-1.02175	-66.8375	-65.8158
BLOCK20/SES207/SA207S27	SES187	-1.26589	-67.0817	-65.8158
BLOCK20/SES207/SA207S27	SES292	-2.1033	-67.9191	-65.8158
BLOCK20/SES207/SA207S29	SES083	-2.10514	-66.0818	-63.9767
BLOCK20/SES207/SA207S29	SES085	-1.31753	-65.2942	-63.9767
BLOCK20/SES207/SA207S29	SES172	-3.54881	-67.5255	-63.9767
BLOCK20/SES207/SA207S29	SES189	-2.16887	-66.1455	-63.9767
BLOCK22/SES221/SA221S12	SES068	-1.53701	-67.0508	-65.5138
BLOCK22/SES221/SA221S12	SES143	-1.29371	-66.8075	-65.5138
BLOCK22/SES221/SA221S12	SES175	-0.829079	-66.3428	-65.5138
BLOCK22/SES221/SA221S12	SES202	-0.214417	-65.7282	-65.5138
BLOCK22/SES221/SA221S15	SES085	-5.56828	-72.6276	-67.0593
BLOCK22/SES221/SA221S15	SES143	-1.87861	-68.9379	-67.0593
BLOCK22/SES221/SA221S15	SES175	-1.71026	-68.7695	-67.0593
BLOCK22/SES221/SA221S15	SES187	-0.664764	-67.724	-67.0593
BLOCK22/SES221/SA221S23	SES068	-3.25716	-68.9041	-65.6469
BLOCK22/SES221/SA221S23	SES143	-2.46263	-68.1095	-65.6469
BLOCK22/SES221/SA221S23	SES175	-1.18864	-66.8355	-65.6469
BLOCK22/SES221/SA221S23	SES189	0.349663	-65.2972	-65.6469
BLOCK22/SES221/SA221S27	SES085	-8.74499	-74.2567	-65.5117
BLOCK22/SES221/SA221S27	SES143	-0.808655	-66.3203	-65.5117
BLOCK22/SES221/SA221S27	SES175	-0.847878	-66.3596	-65.5117
BLOCK22/SES221/SA221S27	SES189	0.636787	-64.8749	-65.5117
BLOCK22/SES221/SA221S29	SES085	-11.7386	-80.0296	-68.291
BLOCK22/SES221/SA221S29	SES143	-3.283	-71.574	-68.291
BLOCK22/SES221/SA221S29	SES175	-4.41522	-72.7062	-68.291
BLOCK22/SES221/SA221S29	SES187	-0.0690994	-68.3601	-68.291
BLOCK22/SES223/SA223S11	SES143	-1.11353	-67.8444	-66.7308
BLOCK22/SES223/SA223S11	SES144	-2.05521	-68.786	-66.7308
BLOCK22/SES223/SA223S11	SES175	-1.02168	-67.7525	-66.7308
BLOCK22/SES223/SA223S11	SES187	-1.35918	-68.09	-66.7308
BLOCK22/SES223/SA223S13	SES068	-1.88396	-69.797	-67.913
BLOCK22/SES223/SA223S13	SES143	-1.15865	-69.0717	-67.913
BLOCK22/SES223/SA223S13	SES146	-2.31505	-70.2281	-67.913
BLOCK22/SES223/SA223S13	SES202	-2.66803	-70.5811	-67.913
BLOCK22/SES223/SA223S22	SES143	-0.656509	-67.0885	-66.432
BLOCK22/SES223/SA223S22	SES144	-1.84772	-68.2797	-66.432
BLOCK22/SES223/SA223S22	SES175	-1.39651	-67.8285	-66.432
BLOCK22/SES223/SA223S22	SES187	-0.417961	-66.85	-66.432
BLOCK22/SES223/SA223S25	SES068	-2.02796	-68.7729	-66.745
BLOCK22/SES223/SA223S25	SES143	-1.03909	-67.7841	-66.745
BLOCK22/SES223/SA223S25	SES175	-1.03424	-67.7792	-66.745
BLOCK22/SES223/SA223S25	SES187	-0.722473	-67.4675	-66.745
BLOCK22/SES223/SA223S27	SES143	-1.20351	-67.8479	-66.6444
BLOCK22/SES223/SA223S27	SES146	-1.3514	-67.9958	-66.6444
BLOCK22/SES223/SA223S27	SES187	-1.48663	-68.131	-66.6444
BLOCK22/SES223/SA223S27	SES292	-2.34197	-68.9863	-66.6444
BLOCK27/SES273/SA273S12	SES099	-1.64541	-62.2634	-60.618
BLOCK27/SES273/SA273S12	SES104	0.781239	-59.8368	-60.618
BLOCK27/SES273/SA273S12	SES125	-0.31517	-60.9332	-60.618
BLOCK27/SES273/SA273S12	SES206	0.74334	-59.8747	-60.618
BLOCK27/SES273/SA273S13	SES099	-1.50197	-61.8406	-60.3386
BLOCK27/SES273/SA273S13	SES104	0.291424	-60.0472	-60.3386
BLOCK27/SES273/SA273S13	SES206	-0.0572319	-60.3959	-60.3386
BLOCK27/SES273/SA273S13	SES292	-4.47921	-64.8179	-60.3386
BLOCK27/SES273/SA273S21	SES099	-0.439568	-61.2943	-60.8548
BLOCK27/SES273/SA273S21	SES148	-5.50193	-66.3567	-60.8548
BLOCK27/SES273/SA273S21	SES149	-0.173649	-61.0284	-60.8548
BLOCK27/SES273/SA273S21	SES177	-5.74449	-66.5993	-60.8548
BLOCK27/SES273/SA273S25	SES104	0.144943	-60.646	-60.791
BLOCK27/SES273/SA273S25	SES125	-0.573162	-61.3641	-60.791
BLOCK27/SES273/SA273S25	SES158	-0.227711	-61.0187	-60.791
BLOCK27/SES273/SA273S25	SES206	0.888962	-59.902	-60.791
BLOCK27/SES273/SA273S27	SES099	-0.605423	-61.7195	-61.114
BLOCK27/SES273/SA273S27	SES104	-0.489658	-61.6037	-61.114
BLOCK27/SES273/SA273S27	SES149	-0.456509	-61.5705	-61.114
BLOCK27/SES273/SA273S27	SES275	-2.60444	-63.7185	-61.114
BLOCK27/SES274/SA274S10	SES105	-2.14103	-65.1979	-63.0569
BLOCK27/SES274/SA274S10	SES125	-0.0588684	-63.1157	-63.0569
BLOCK27/SES274/SA274S10	SES129	-2.12243	-65.1793	-63.0569
BLOCK27/SES274/SA274S10	SES158	-1.1524	-64.2093	-63.0569
BLOCK27/SES274/SA274S11	SES105	-1.99495	-65.2685	-63.2736
BLOCK27/SES274/SA274S11	SES149	-1.07431	-64.3479	-63.2736
BLOCK27/SES274/SA274S11	SES158	-0.91827	-64.1919	-63.2736
BLOCK27/SES274/SA274S11	SES275	-2.64423	-65.9178	-63.2736
BLOCK27/SES274/SA274S21	SES105	-2.31798	-65.6263	-63.3083
BLOCK27/SES274/SA274S21	SES129	-2.87512	-66.1835	-63.3083
BLOCK27/SES274/SA274S21	SES149	-0.454315	-63.7627	-63.3083
BLOCK27/SES274/SA274S21	SES158	-1.59129	-64.8996	-63.3083
BLOCK27/SES274/SA274S24	SES105	-2.90116	-65.2484	-62.3472
BLOCK27/SES274/SA274S24	SES129	-2.9421	-65.2893	-62.3472
BLOCK27/SES274/SA274S24	SES149	-0.620167	-62.9674	-62.3472
BLOCK27/SES274/SA274S24	SES158	-1.63776	-63.985	-62.3472
BLOCK27/SES274/SA274S29	SES105	-2.32189	-65.657	-63.3351
BLOCK27/SES274/SA274S29	SES106	-0.988853	-64.324	-63.3351
BLOCK27/SES274/SA274S29	SES120	-2.76495	-66.1001	-63.3351
BLOCK27/SES274/SA274S29	SES275	-2.36736	-65.7025	-63.3351
BLOCK27/SES276/SA276S16	SES148	-1.42432	-66.5627	-65.1384
BLOCK27/SES276/SA276S16	SES172	-2.53854	-67.6769	-65.1384
BLOCK27/SES276/SA276S16	SES180	-4.46946	-69.6078	-65.1384
BLOCK27/SES276/SA276S16	SES292	-0.775208	-65.9136	-65.1384
BLOCK27/SES276/SA276S17	SES101	-1.85094	-66.6536	-64.8027
BLOCK27/SES276/SA276S17	SES177	-2.26132	-67.064	-64.8027
BLOCK27/SES276/SA276S17	SES180	-2.26181	-67.0645	-64.8027
BLOCK27/SES276/SA276S17	SES292	-0.942383	-65.745	-64.8027
BLOCK27/SES276/SA276S24	SES101	-0.946266	-64.4067	-63.4604
BLOCK27/SES276/SA276S24	SES177	-2.00326	-65.4637	-63.4604
BLOCK27/SES276/SA276S24	SES180	-3.10223	-66.5626	-63.4604
BLOCK27/SES276/SA276S24	SES292	-1.42632	-64.8867	-63.4604
BLOCK27/SES276/SA276S26	SES101	-2.17585	-66.3095	-64.1337
BLOCK27/SES276/SA276S26	SES177	-1.94784	-66.0815	-64.1337
BLOCK27/SES276/SA276S26	SES180	-1.8259	-65.9596	-64.1337
BLOCK27/SES276/SA276S26	SES292	-1.19254	-65.3262	-64.1337
BLOCK27/SES276/SA276S28	SES101	-2.28537	-66.6386	-64.3532
BLOCK27/SES276/SA276S28	SES177	-1.95779	-66.311	-64.3532
BLOCK27/SES276/SA276S28	SES180	-2.40379	-66.757	-64.3532
BLOCK27/SES276/SA276S28	SES292	-1.29426	-65.6475	-64.3532
BLOCK27/SES277/SA277S12	SES101	-1.44211	-67.9373	-66.4952
BLOCK27/SES277/SA277S12	SES177	-2.5828	-69.078	-66.4952
BLOCK27/SES277/SA277S12	SES180	-1.71033	-68.2056	-66.4952
BLOCK27/SES277/SA277S12	SES292	-2.38995	-68.8852	-66.4952
BLOCK27/SES277/SA277S14	SES177	-0.808067	-66.902	-66.0939
BLOCK27/SES277/SA277S14	SES180	-2.03695	-68.1308	-66.0939
BLOCK27/SES277/SA277S14	SES189	-0.462761	-66.5567	-66.0939
BLOCK27/SES277/SA277S14	SES292	-3.38107	-69.475	-66.0939
BLOCK27/SES277/SA277S21	SES177	-1.24361	-65.8055	-64.5619
BLOCK27/SES277/SA277S21	SES180	-2.04015	-66.6021	-64.5619
BLOCK27/SES277/SA277S21	SES189	-1.72247	-66.2844	-64.5619
BLOCK27/SES277/SA277S21	SES292	-2.86449	-67.4264	-64.5619
BLOCK27/SES277/SA277S24	SES144	-1.30889	-68.1114	-66.8026
BLOCK27/SES277/SA277S24	SES177	-1.92707	-68.7296	-66.8026
BLOCK27/SES277/SA277S24	SES180	-2.70145	-69.504	-66.8026
BLOCK27/SES277/SA277S24	SES189	-0.975761	-67.7783	-66.8026
BLOCK27/SES277/SA277S29	SES177	-0.806965	-64.5488	-63.7419
BLOCK27/SES277/SA277S29	SES180	-1.70222	-65.4441	-63.7419
BLOCK27/SES277/SA277S29	SES202	-2.46322	-66.2051	-63.7419
BLOCK27/SES277/SA277S29	SES292	-2.10698	-65.8488	-63.7419
BLOCK27/SES279/SA279S09	SES120	-1.85263	-65.4886	-63.6359
BLOCK27/SES279/SA279S09	SES146	-1.11686	-64.7528	-63.6359
BLOCK27/SES279/SA279S09	SES206	-2.91904	-66.555	-63.6359
BLOCK27/SES279/SA279S09	SES226	-2.22408	-65.86	-63.6359
BLOCK27/SES279/SA279S10	SES099	-4.35198	-68.244	-63.8921
BLOCK27/SES279/SA279S10	SES206	-2.41162	-66.3037	-63.8921
BLOCK27/SES279/SA279S10	SES226	-1.50936	-65.4014	-63.8921
BLOCK27/SES279/SA279S10	SES292	-1.04214	-64.9342	-63.8921
BLOCK27/SES279/SA279S20	SES099	-6.05322	-70.4963	-64.4431
BLOCK27/SES279/SA279S20	SES206	-3.55335	-67.9965	-64.4431
BLOCK27/SES279/SA279S20	SES226	-2.46741	-66.9105	-64.4431
BLOCK27/SES279/SA279S20	SES292	-1.0074	-65.4505	-64.4431
BLOCK27/SES279/SA279S26	SES099	-5.31127	-69.8984	-64.5871
BLOCK27/SES279/SA279S26	SES206	-2.26035	-66.8475	-64.5871
BLOCK27/SES279/SA279S26	SES226	-1.05508	-65.6422	-64.5871
BLOCK27/SES279/SA279S26	SES292	-1.04546	-65.6326	-64.5871
BLOCK27/SES279/SA279S28	SES099	-4.20013	-66.5381	-62.338
BLOCK27/SES279/SA279S28	SES120	-2.0102	-64.3482	-62.338
BLOCK27/SES279/SA279S28	SES177	-4.79416	-67.1321	-62.338
BLOCK27/SES279/SA279S28	SES206	-3.12119	-65.4592	-62.338
BLOCK29/SES290/SA290S12	SES162	-2.47552	-66.9957	-64.5201
BLOCK29/SES290/SA290S12	SES177	-2.0219	-66.542	-64.5201
BLOCK29/SES290/SA290S12	SES180	-2.91096	-67.4311	-64.5201
BLOCK29/SES290/SA290S12	SES292	-1.77006	-66.2902	-64.5201
BLOCK29/SES290/SA290S13	SES007	-3.8231	-69.7396	-65.9165
BLOCK29/SES290/SA290S13	SES162	-2.25646	-68.173	-65.9165
BLOCK29/SES290/SA290S13	SES177	-1.05577	-66.9723	-65.9165
BLOCK29/SES290/SA290S13	SES180	-1.69478	-67.6113	-65.9165
BLOCK29/SES290/SA290S22	SES177	-0.94268	-65.7458	-64.8031
BLOCK29/SES290/SA290S22	SES180	-0.929466	-65.7325	-64.8031
BLOCK29/SES290/SA290S22	SES202	-1.47965	-66.2827	-64.8031
BLOCK29/SES290/SA290S22	SES292	-2.63725	-67.4403	-64.8031
BLOCK29/SES290/SA290S25	SES162	-1.75946	-66.6175	-64.858
BLOCK29/SES290/SA290S25	SES177	-1.13645	-65.9945	-64.858
BLOCK29/SES290/SA290S25	SES180	-1.86252	-66.7205	-64.858
BLOCK29/SES290/SA290S25	SES292	-1.81239	-66.6704	-64.858
BLOCK29/SES290/SA290S29	SES177	-0.455215	-64.5107	-64.0555
BLOCK29/SES290/SA290S29	SES180	-0.420319	-64.4758	-64.0555
BLOCK29/SES290/SA290S29	SES275	-2.30431	-66.3598	-64.0555
BLOCK29/SES290/SA290S29	SES292	-2.00646	-66.0619	-64.0555
BLOCK29/SES291/SA291S11	SES105	-3.72609	-67.3463	-63.6202
BLOCK29/SES291/SA291S11	SES125	-0.492466	-64.1126	-63.6202
BLOCK29/SES291/SA291S11	SES158	-1.06366	-64.6838	-63.6202
BLOCK29/SES291/SA291S11	SES275	-4.77681	-68.397	-63.6202
BLOCK29/SES291/SA291S12	SES158	-0.449612	-62.9543	-62.5047
BLOCK29/SES291/SA291S12	SES226	-1.1408	-63.6455	-62.5047
BLOCK29/SES291/SA291S12	SES270	0.937115	-61.5676	-62.5047
BLOCK29/SES291/SA291S12	SES275	-5.86252	-68.3672	-62.5047
BLOCK29/SES291/SA291S22	SES082	-0.822868	-63.6131	-62.7902
BLOCK29/SES291/SA291S22	SES158	-0.568096	-63.3583	-62.7902
BLOCK29/SES291/SA291S22	SES259	-1.15223	-63.9425	-62.7902
BLOCK29/SES291/SA291S22	SES275	-4.34249	-67.1327	-62.7902
BLOCK29/SES291/SA291S24	SES104	-0.138004	-61.3925	-61.2545
BLOCK29/SES291/SA291S24	SES125	-0.527645	-61.7822	-61.2545
BLOCK29/SES291/SA291S24	SES158	-0.544918	-61.7994	-61.2545
BLOCK29/SES291/SA291S24	SES275	-5.07462	-66.3292	-61.2545
BLOCK29/SES291/SA291S27	SES158	0.127975	-62.2761	-62.4041
BLOCK29/SES291/SA291S27	SES172	-4.8373	-67.2413	-62.4041
BLOCK29/SES291/SA291S27	SES275	-4.60773	-67.0118	-62.4041
BLOCK29/SES291/SA291S27	SES292	-4.52834	-66.9324	-62.4041
