BLOCK00/SES002/SA002S12	SES002	1.65956	15.8892	14.2296
BLOCK00/SES002/SA002S13	SES002	2.75672	15.8996	13.1429
BLOCK00/SES002/SA002S23	SES002	1.76378	16.1806	14.4168
BLOCK00/SES002/SA002S26	SES002	1.65253	16.9795	15.327
BLOCK00/SES002/SA002S28	SES002	1.17244	14.837	13.6646
BLOCK00/SES007/SA007S14	SES007	1.71709	17.7186	16.0015
BLOCK00/SES007/SA007S15	SES007	0.459829	15.3195	14.8597
BLOCK00/SES007/SA007S24	SES007	1.09228	15.6206	14.5283
BLOCK00/SES007/SA007S27	SES007	1.03972	14.9642	13.9244
BLOCK00/SES007/SA007S29	SES007	0.283268	15.5268	15.2436
BLOCK00/SES008/SA008S11	SES008	1.50619	16.1678	14.6616
BLOCK00/SES008/SA008S12	SES008	0.453291	15.071	14.6177
BLOCK00/SES008/SA008S19	SES008	1.94956	17.5058	15.5563
BLOCK00/SES008/SA008S22	SES008	1.0402	15.238	14.1978
BLOCK00/SES008/SA008S29	SES008	1.70381	17.0848	15.3809
BLOCK01/SES014/SA014S10	SES014	2.56844	17.1072	14.5388
BLOCK01/SES014/SA014S12	SES014	3.40354	19.6985	16.2949
BLOCK01/SES014/SA014S24	SES014	1.94291	17.3186	15.3757
BLOCK01/SES014/SA014S26	SES014	2.439	19.7408	17.3018
BLOCK01/SES014/SA014S28	SES014	4.04048	20.0356	15.9951
BLOCK01/SES016/SA016S12	SES016	1.87833	14.527	12.6486
BLOCK01/SES016/SA016S13	SES016	1.76977	16.2627	14.493
BLOCK01/SES016/SA016S22	SES016	1.93595	16.3627	14.4267
BLOCK01/SES016/SA016S25	SES016	1.66727	17.9454	16.2782
BLOCK01/SES016/SA016S27	SES016	1.92197	18.3628	16.4408
BLOCK01/SES019/SA019S13	SES019	3.44001	15.3224	11.8824
BLOCK01/SES019/SA019S14	SES019	2.72906	15.3921	12.6631
BLOCK01/SES019/SA019S22	SES019	3.43491	16.0429	12.6079
BLOCK01/SES019/SA019S25	SES019	2.82316	15.965	13.1418
BLOCK01/SES019/SA019S29	SES019	3.89012	16.3542	12.4641
BLOCK02/SES029/SA029S11	SES029	1.96665	16.7471	14.7805
BLOCK02/SES029/SA029S12	SES029	0.706701	16.611	15.9043
BLOCK02/SES029/SA029S20	SES029	1.41032	16.152	14.7417
BLOCK02/SES029/SA029S25	SES029	1.07033	16.8189	15.7486
BLOCK02/SES029/SA029S28	SES029	0.751419	16.2462	15.4947
BLOCK04/SES042/SA042S12	SES042	2.38036	17.2998	14.9194
BLOCK04/SES042/SA042S15	SES042	2.99152	17.9234	14.9319
BLOCK04/SES042/SA042S22	SES042	3.73287	20.2673	16.5345
BLOCK04/SES042/SA042S25	SES042	2.34948	16.3431	13.9937
BLOCK04/SES042/SA042S27	SES042	2.03958	18.2877	16.2481
BLOCK04/SES048/SA048S11	SES048	2.0103	17.3397	15.3294
BLOCK04/SES048/SA048S12	SES048	0.817162	16.6709	15.8538
BLOCK04/SES048/SA048S20	SES048	0.578762	16.8022	16.2234
BLOCK04/SES048/SA048S23	SES048	1.47326	15.8044	14.3311
BLOCK04/SES048/SA048S27	SES048	0.74551	17.44	16.6945
BLOCK06/SES060/SA060S11	SES060	1.27506	17.0471	15.772
BLOCK06/SES060/SA060S12	SES060	0.0517902	15.3982	15.3464
BLOCK06/SES060/SA060S22	SES060	0.16213	13.7528	13.5907
BLOCK06/SES060/SA060S24	SES060	1.29311	17.2153	15.9222
BLOCK06/SES060/SA060S28	SES060	1.20158	18.9205	17.7189
BLOCK06/SES062/SA062S10	SES062	0.89782	16.6689	15.7711
BLOCK06/SES062/SA062S11	SES062	1.58964	16.6186	15.029
BLOCK06/SES062/SA062S21	SES062	2.15894	19.9549	17.796
BLOCK06/SES062/SA062S26	SES062	1.07694	17.6266	16.5497
BLOCK06/SES062/SA062S29	SES062	1.62	18.671	17.051
BLOCK06/SES068/SA068S14	SES068	0.257203	15.9519	15.6947
BLOCK06/SES068/SA068S15	SES068	1.30765	17.6188	16.3111
BLOCK06/SES068/SA068S23	SES068	1.2799	15.6507	14.3708
BLOCK06/SES068/SA068S27	SES068	1.79284	18.4902	16.6974
BLOCK06/SES068/SA068S29	SES068	0.571895	16.3683	15.7964
BLOCK08/SES082/SA082S12	SES082	0.713425	14.7155	14.0021
BLOCK08/SES082/SA082S14	SES082	1.41339	14.9635	13.5502
BLOCK08/SES082/SA082S21	SES082	0.61062	14.8556	14.245
BLOCK08/SES082/SA082S24	SES082	0.924093	16.4912	15.5671
BLOCK08/SES082/SA082S28	SES082	1.03449	15.0962	14.0617
BLOCK08/SES083/SA083S14	SES083	0.728927	15.7007	14.9718
BLOCK08/SES083/SA083S15	SES083	1.11436	16.6493	15.535
BLOCK08/SES083/SA083S24	SES083	0.740176	15.918	15.1779
BLOCK08/SES083/SA083S26	SES083	0.866274	15.6792	14.8129
BLOCK08/SES083/SA083S29	SES083	0.393297	16.4316	16.0383
BLOCK08/SES085/SA085S10	SES085	0.787803	16.2891	15.5013
BLOCK08/SES085/SA085S13	SES085	0.299267	15.1117	14.8124
BLOCK08/SES085/SA085S22	SES085	0.527311	16.8325	16.3052
BLOCK08/SES085/SA085S26	SES085	0.652824	16.5952	15.9424
BLOCK08/SES085/SA085S28	SES085	1.42526	16.9081	15.4828
BLOCK08/SES087/SA087S15	SES087	1.90464	16.1335	14.2289
BLOCK08/SES087/SA087S16	SES087	1.90794	16.1672	14.2592
BLOCK08/SES087/SA087S24	SES087	1.52156	16.2139	14.6923
BLOCK08/SES087/SA087S26	SES087	1.43829	17.2404	15.8021
BLOCK08/SES087/SA087S29	SES087	2.00002	16.2268	14.2268
BLOCK09/SES099/SA099S15	SES099	1.87202	15.4938	13.6217
BLOCK09/SES099/SA099S16	SES099	2.21636	15.8464	13.6301
BLOCK09/SES099/SA099S24	SES099	2.06098	16.0938	14.0328
BLOCK09/SES099/SA099S26	SES099	2.30044	16.3839	14.0835
BLOCK09/SES099/SA099S29	SES099	2.16089	16.5073	14.3465
BLOCK10/SES101/SA101S11	SES101	0.239393	15.5819	15.3425
BLOCK10/SES101/SA101S13	SES101	1.53365	17.773	16.2394
BLOCK10/SES101/SA101S22	SES101	1.15232	15.5373	14.385
BLOCK10/SES101/SA101S24	SES101	1.03815	16.2378	15.1996
BLOCK10/SES101/SA101S28	SES101	0.730847	15.0691	14.3382
BLOCK10/SES104/SA104S11	SES104	2.35778	18.8514	16.4936
BLOCK10/SES104/SA104S12	SES104	2.28338	16.8852	14.6018
BLOCK10/SES104/SA104S21	SES104	1.73902	16.4768	14.7378
BLOCK10/SES104/SA104S24	SES104	1.65247	16.2109	14.5584
BLOCK10/SES104/SA104S28	SES104	2.24343	17.6088	15.3654
BLOCK10/SES105/SA105S12	SES105	1.27655	14.7173	13.4408
BLOCK10/SES105/SA105S13	SES105	1.13918	14.8181	13.679
BLOCK10/SES105/SA105S22	SES105	0.639057	13.6802	13.0412
BLOCK10/SES105/SA105S26	SES105	1.50158	15.0915	13.5899
BLOCK10/SES105/SA105S29	SES105	1.49227	15.8157	14.3234
BLOCK10/SES106/SA106S09	SES106	1.81342	14.1052	12.2918
BLOCK10/SES106/SA106S11	SES106	2.20641	16.4684	14.262
BLOCK10/SES106/SA106S22	SES106	3.94525	16.7493	12.8041
BLOCK10/SES106/SA106S27	SES106	1.67993	15.231	13.5511
BLOCK10/SES106/SA106S29	SES106	1.44679	15.176	13.7292
BLOCK11/SES117/SA117S12	SES117	1.09289	15.2282	14.1353
BLOCK11/SES117/SA117S13	SES117	0.338609	15.648	15.3094
BLOCK11/SES117/SA117S23	SES117	1.72994	14.3263	12.5964
BLOCK11/SES117/SA117S25	SES117	1.21058	14.4035	13.1929
BLOCK11/SES117/SA117S28	SES117	0.925044	13.876	12.951
BLOCK12/SES120/SA120S08	SES120	1.16918	13.6857	12.5165
BLOCK12/SES120/SA120S11	SES120	1.3005	11.8487	10.5482
BLOCK12/SES120/SA120S22	SES120	0.289573	15.2543	14.9647
BLOCK12/SES120/SA120S24	SES120	1.2806	14.5047	13.2241
BLOCK12/SES120/SA120S28	SES120	0.295112	11.787	11.4919
BLOCK12/SES125/SA125S13	SES125	2.36141	16.6908	14.3294
BLOCK12/SES125/SA125S14	SES125	1.03959	14.9352	13.8956
BLOCK12/SES125/SA125S25	SES125	1.95193	16.6213	14.6693
BLOCK12/SES125/SA125S27	SES125	2.31009	17.8709	15.5608
BLOCK12/SES125/SA125S29	SES125	1.78652	16.1581	14.3716
BLOCK12/SES127/SA127S11	SES127	1.29716	15.6813	14.3842
BLOCK12/SES127/SA127S12	SES127	0.978126	16.8192	15.8411
BLOCK12/SES127/SA127S23	SES127	0.660957	15.6345	14.9735
BLOCK12/SES127/SA127S25	SES127	0.0676031	15.0148	14.9472
BLOCK12/SES127/SA127S27	SES127	1.11958	16.1515	15.0319
BLOCK12/SES129/SA129S11	SES129	2.11826	17.4258	15.3075
BLOCK12/SES129/SA129S12	SES129	1.56684	17.3934	15.8265
BLOCK12/SES129/SA129S22	SES129	1.33012	15.8611	14.531
BLOCK12/SES129/SA129S27	SES129	1.811	16.8646	15.0536
BLOCK12/SES129/SA129S29	SES129	1.59736	17.2895	15.6921
BLOCK14/SES142/SA142S11	SES142	2.50731	15.4924	12.9851
BLOCK14/SES142/SA142S12	SES142	1.62759	14.3507	12.7232
BLOCK14/SES142/SA142S24	SES142	1.92001	15.8341	13.9141
BLOCK14/SES142/SA142S27	SES142	1.83989	16.005	14.1651
BLOCK14/SES142/SA142S29	SES142	2.35305	15.2972	12.9442
BLOCK14/SES143/SA143S12	SES143	1.2131	15.1005	13.8873
BLOCK14/SES143/SA143S13	SES143	1.36849	15.2164	13.8479
BLOCK14/SES143/SA143S23	SES143	1.29955	14.9069	13.6073
BLOCK14/SES143/SA143S25	SES143	1.67245	15.7791	14.1066
BLOCK14/SES143/SA143S28	SES143	1.1382	14.9131	13.7749
BLOCK14/SES144/SA144S09	SES144	1.35388	16.1652	14.8113
BLOCK14/SES144/SA144S11	SES144	1.55896	15.276	13.717
BLOCK14/SES144/SA144S21	SES144	0.455474	14.7578	14.3024
BLOCK14/SES144/SA144S25	SES144	0.669057	14.578	13.9089
BLOCK14/SES144/SA144S29	SES144	0.271582	15.385	15.1134
BLOCK14/SES146/SA146S14	SES146	0.885736	14.3374	13.4517
BLOCK14/SES146/SA146S15	SES146	0.666792	14.4186	13.7518
BLOCK14/SES146/SA146S24	SES146	0.902423	15.1743	14.2719
BLOCK14/SES146/SA146S26	SES146	1.32373	15.3631	14.0394
BLOCK14/SES146/SA146S29	SES146	1.01927	13.8354	12.8161
BLOCK14/SES147/SA147S11	SES147	1.79522	15.3702	13.5749
BLOCK14/SES147/SA147S13	SES147	2.40291	16.5157	14.1128
BLOCK14/SES147/SA147S23	SES147	0.524043	14.6471	14.123
BLOCK14/SES147/SA147S26	SES147	1.17471	15.1206	13.9459
BLOCK14/SES147/SA147S28	SES147	1.11423	14.8891	13.7749
BLOCK14/SES148/SA148S10	SES148	1.45408	15.4765	14.0224
BLOCK14/SES148/SA148S12	SES148	1.33313	14.3605	13.0274
BLOCK14/SES148/SA148S22	SES148	1.70278	16.7527	15.0499
BLOCK14/SES148/SA148S26	SES148	-0.14574	15.0097	15.1554
BLOCK14/SES148/SA148S29	SES148	0.756144	14.99	14.2338
BLOCK14/SES149/SA149S13	SES149	0.220025	15.2116	14.9915
BLOCK14/SES149/SA149S14	SES149	0.511295	16.2677	15.7564
BLOCK14/SES149/SA149S24	SES149	1.35378	17.0822	15.7284
BLOCK14/SES149/SA149S26	SES149	1.8109	17.9199	16.109
BLOCK14/SES149/SA149S28	SES149	1.94688	19.066	17.1192
BLOCK15/SES158/SA158S13	SES158	1.97409	14.7448	12.7707
BLOCK15/SES158/SA158S14	SES158	3.4008	15.314	11.9132
BLOCK15/SES158/SA158S23	SES158	1.42628	15.0109	13.5846
BLOCK15/SES158/SA158S26	SES158	3.00165	14.7565	11.7549
BLOCK15/SES158/SA158S28	SES158	1.34591	14.4561	13.1102
BLOCK16/SES162/SA162S10	SES162	1.08822	13.8593	12.7711
BLOCK16/SES162/SA162S11	SES162	0.954347	15.7378	14.7834
BLOCK16/SES162/SA162S21	SES162	1.97744	16.3289	14.3515
BLOCK16/SES162/SA162S24	SES162	1.43265	15.3814	13.9487
BLOCK16/SES162/SA162S27	SES162	1.65633	15.1682	13.5119
BLOCK16/SES167/SA167S14	SES167	1.34713	17.6096	16.2624
BLOCK16/SES167/SA167S15	SES167	1.2713	15.9012	14.6299
BLOCK16/SES167/SA167S21	SES167	1.77215	16.533	14.7608
BLOCK16/SES167/SA167S25	SES167	2.08354	16.019	13.9354
BLOCK16/SES167/SA167S29	SES167	2.33683	18.3925	16.0556
BLOCK17/SES172/SA172S12	SES172	1.64105	16.4735	14.8325
BLOCK17/SES172/SA172S13	SES172	1.41541	15.5624	14.147
BLOCK17/SES172/SA172S23	SES172	1.38186	17.2198	15.8379
BLOCK17/SES172/SA172S27	SES172	1.20923	15.9621	14.7529
BLOCK17/SES172/SA172S29	SES172	1.8989	16.6844	14.7855
BLOCK17/SES175/SA175S11	SES175	0.599119	15.3891	14.79
BLOCK17/SES175/SA175S13	SES175	0.935428	15.8047	14.8693
BLOCK17/SES175/SA175S23	SES175	1.3669	15.7767	14.4098
BLOCK17/SES175/SA175S25	SES175	0.501976	13.4973	12.9954
BLOCK17/SES175/SA175S28	SES175	0.998254	16.1763	15.178
BLOCK17/SES177/SA177S15	SES177	0.430439	15.5256	15.0952
BLOCK17/SES177/SA177S17	SES177	0.478561	15.599	15.1204
BLOCK17/SES177/SA177S23	SES177	-0.21235	14.4065	14.6188
BLOCK17/SES177/SA177S26	SES177	0.679688	17.4527	16.773
BLOCK17/SES177/SA177S28	SES177	0.682653	16.2092	15.5265
BLOCK18/SES180/SA180S13	SES180	0.415959	15.0646	14.6487
BLOCK18/SES180/SA180S15	SES180	1.09554	15.3402	14.2447
BLOCK18/SES180/SA180S24	SES180	0.905654	16.8044	15.8987
BLOCK18/SES180/SA180S26	SES180	1.33232	16.3692	15.0368
BLOCK18/SES180/SA180S29	SES180	1.56989	15.9333	14.3634
BLOCK18/SES183/SA183S13	SES183	1.55352	14.6072	13.0537
BLOCK18/SES183/SA183S14	SES183	0.129149	13.9255	13.7964
BLOCK18/SES183/SA183S24	SES183	1.69972	14.0681	12.3684
BLOCK18/SES183/SA183S27	SES183	1.44341	14.5618	13.1183
BLOCK18/SES183/SA183S29	SES183	1.00699	15.4132	14.4062
BLOCK18/SES187/SA187S13	SES187	0.722515	14.7194	13.9969
BLOCK18/SES187/SA187S14	SES187	1.05778	14.9406	13.8828
BLOCK18/SES187/SA187S24	SES187	1.75382	14.3998	12.646
BLOCK18/SES187/SA187S27	SES187	1.65159	15.3544	13.7028
BLOCK18/SES187/SA187S29	SES187	1.31402	15.2337	13.9196
BLOCK18/SES189/SA189S10	SES189	1.17477	14.148	12.9732
BLOCK18/SES189/SA189S13	SES189	2.03987	13.8111	11.7713
BLOCK18/SES189/SA189S24	SES189	2.31165	14.4765	12.1648
BLOCK18/SES189/SA189S26	SES189	1.22645	14.9482	13.7218
BLOCK18/SES189/SA189S29	SES189	1.90005	14.7302	12.8302
BLOCK20/SES202/SA202S12	SES202	1.52354	13.0555	11.5319
BLOCK20/SES202/SA202S14	SES202	2.46224	15.2294	12.7672
BLOCK20/SES202/SA202S24	SES202	1.35386	15.0527	13.6988
BLOCK20/SES202/SA202S27	SES202	1.43012	16.7428	15.3127
BLOCK20/SES202/SA202S29	SES202	1.98099	16.3952	14.4142
BLOCK20/SES206/SA206S15	SES206	0.10583	15.4009	15.295
BLOCK20/SES206/SA206S17	SES206	1.76342	17.552	15.7886
BLOCK20/SES206/SA206S24	SES206	2.13033	18.0329	15.9026
BLOCK20/SES206/SA206S27	SES206	2.14788	16.5823	14.4344
BLOCK20/SES206/SA206S29	SES206	1.33352	17.7586	16.4251
BLOCK22/SES226/SA226S12	SES226	1.58475	15.4086	13.8238
BLOCK22/SES226/SA226S13	SES226	-0.100288	13.4434	13.5437
BLOCK22/SES226/SA226S20	SES226	1.83038	15.4338	13.6034
BLOCK22/SES226/SA226S23	SES226	1.87811	16.1082	14.2301
BLOCK22/SES226/SA226S28	SES226	2.51136	16.6338	14.1224
BLOCK25/SES259/SA259S13	SES259	4.43246	18.0407	13.6083
BLOCK25/SES259/SA259S14	SES259	2.72103	16.627	13.906
BLOCK25/SES259/SA259S22	SES259	2.43772	16.7583	14.3206
BLOCK25/SES259/SA259S24	SES259	2.40516	17.8432	15.4381
BLOCK25/SES259/SA259S28	SES259	2.66459	17.2654	14.6008
BLOCK27/SES270/SA270S14	SES270	3.15503	14.8986	11.7436
BLOCK27/SES270/SA270S16	SES270	0.744214	14.2162	13.472
BLOCK27/SES270/SA270S22	SES270	3.34728	15.8889	12.5416
BLOCK27/SES270/SA270S26	SES270	1.87979	13.5512	11.6714
BLOCK27/SES270/SA270S28	SES270	1.73416	15.103	13.3688
BLOCK27/SES275/SA275S17	SES275	1.47772	15.6355	14.1578
BLOCK27/SES275/SA275S18	SES275	0.643264	15.7756	15.1323
BLOCK27/SES275/SA275S24	SES275	0.843333	14.2781	13.4348
BLOCK27/SES275/SA275S26	SES275	1.18848	15.8036	14.6151
BLOCK27/SES275/SA275S28	SES275	0.444882	15.4567	15.0118
BLOCK29/SES292/SA292S10	SES292	0.238594	14.9803	14.7417
BLOCK29/SES292/SA292S12	SES292	0.397491	14.838	14.4405
BLOCK29/SES292/SA292S22	SES292	0.706451	16.0559	15.3494
BLOCK29/SES292/SA292S24	SES292	0.825285	16.0281	15.2028
BLOCK29/SES292/SA292S27	SES292	0.307001	15.6652	15.3582
BLOCK00/SES001/SA001S14	SES062	-2.1181	11.14	13.2581
BLOCK00/SES001/SA001S14	SES082	-2.37404	10.8841	13.2581
BLOCK00/SES001/SA001S14	SES106	-1.9073	11.3508	13.2581
BLOCK00/SES001/SA001S14	SES206	-1.68114	11.5769	13.2581
BLOCK00/SES001/SA001S15	SES062	-1.58071	12.7841	14.3648
BLOCK00/SES001/SA001S15	SES104	-2.59338	11.7714	14.3648
BLOCK00/SES001/SA001S15	SES106	-1.66449	12.7003	14.3648
BLOCK00/SES001/SA001S15	SES206	-1.38321	12.9816	14.3648
BLOCK00/SES001/SA001S24	SES062	-2.74206	10.3314	13.0734
BLOCK00/SES001/SA001S24	SES082	-2.17263	10.9008	13.0734
BLOCK00/SES001/SA001S24	SES087	-1.3314	11.742	13.0734
BLOCK00/SES001/SA001S24	SES206	-1.63449	11.4389	13.0734
BLOCK00/SES001/SA001S27	SES062	-1.53993	13.2399	14.7798
BLOCK00/SES001/SA001S27	SES082	-1.33893	13.4409	14.7798
BLOCK00/SES001/SA001S27	SES087	-1.29392	13.4859	14.7798
BLOCK00/SES001/SA001S27	SES206	-1.76101	13.0188	14.7798
BLOCK00/SES001/SA001S29	SES062	-2.84605	10.3953	13.2413
BLOCK00/SES001/SA001S29	SES082	-1.49823	11.7431	13.2413
BLOCK00/SES001/SA001S29	SES158	-1.31785	11.9235	13.2413
BLOCK00/SES001/SA001S29	SES206	-2.25819	10.9831	13.2413
BLOCK00/SES003/SA003S11	SES002	-0.528395	13.4522	13.9806
BLOCK00/SES003/SA003S11	SES019	-1.57321	12.4074	13.9806
BLOCK00/SES003/SA003S11	SES082	-0.344664	13.636	13.9806
BLOCK00/SES003/SA003S11	SES125	-1.38601	12.5946	13.9806
BLOCK00/SES003/SA003S15	SES016	-1.6501	13.375	15.0251
BLOCK00/SES003/SA003S15	SES019	-1.79565	13.2294	15.0251
BLOCK00/SES003/SA003S15	SES062	-1.31585	13.7092	15.0251
BLOCK00/SES003/SA003S15	SES206	-1.17294	13.8521	15.0251
BLOCK00/SES003/SA003S22	SES002	-2.1332	12.5761	14.7093
BLOCK00/SES003/SA003S22	SES062	-1.19305	13.5163	14.7093
BLOCK00/SES003/SA003S22	SES082	-1.95163	12.7577	14.7093
BLOCK00/SES003/SA003S22	SES087	-1.66113	13.0482	14.7093
BLOCK00/SES003/SA003S25	SES062	-3.18251	10.4325	13.615
BLOCK00/SES003/SA003S25	SES082	-0.800583	12.8144	13.615
BLOCK00/SES003/SA003S25	SES087	-0.907535	12.7075	13.615
BLOCK00/SES003/SA003S25	SES206	-1.85673	11.7583	13.615
BLOCK00/SES003/SA003S29	SES002	-1.61414	12.0957	13.7099
BLOCK00/SES003/SA003S29	SES062	-2.44897	11.2609	13.7099
BLOCK00/SES003/SA003S29	SES082	-1.21617	12.4937	13.7099
BLOCK00/SES003/SA003S29	SES087	-1.70224	12.0076	13.7099
BLOCK00/SES004/SA004S12	SES083	-1.80135	12.0139	13.8153
BLOCK00/SES004/SA004S12	SES148	-2.62852	11.1868	13.8153
BLOCK00/SES004/SA004S12	SES172	-1.07311	12.7422	13.8153
BLOCK00/SES004/SA004S12	SES292	-1.62561	12.1897	13.8153
BLOCK00/SES004/SA004S17	SES083	-1.63042	12.4142	14.0447
BLOCK00/SES004/SA004S17	SES162	-1.48787	12.5568	14.0447
BLOCK00/SES004/SA004S17	SES172	-0.853802	13.1909	14.0447
BLOCK00/SES004/SA004S17	SES292	-1.59622	12.4484	14.0447
BLOCK00/SES004/SA004S24	SES083	-1.79485	12.3246	14.1195
BLOCK00/SES004/SA004S24	SES148	-2.54829	11.5712	14.1195
BLOCK00/SES004/SA004S24	SES172	-0.75965	13.3598	14.1195
BLOCK00/SES004/SA004S24	SES292	-1.43077	12.6887	14.1195
BLOCK00/SES004/SA004S26	SES083	-2.34951	11.7697	14.1192
BLOCK00/SES004/SA004S26	SES127	-2.01803	12.1012	14.1192
BLOCK00/SES004/SA004S26	SES148	-3.94931	10.1699	14.1192
BLOCK00/SES004/SA004S26	SES292	-2.76708	11.3521	14.1192
BLOCK00/SES004/SA004S28	SES083	-1.57401	13.7382	15.3122
BLOCK00/SES004/SA004S28	SES127	-1.28609	14.0261	15.3122
BLOCK00/SES004/SA004S28	SES187	-0.911667	14.4005	15.3122
BLOCK00/SES004/SA004S28	SES292	-2.2509	13.0613	15.3122
BLOCK00/SES006/SA006S10	SES014	-3.21412	7.18851	10.4026
BLOCK00/SES006/SA006S10	SES158	-1.91065	8.49198	10.4026
BLOCK00/SES006/SA006S10	SES226	-4.3967	6.00593	10.4026
BLOCK00/SES006/SA006S10	SES270	-1.22073	9.1819	10.4026
BLOCK00/SES006/SA006S11	SES158	-1.55418	9.70796	11.2621
BLOCK00/SES006/SA006S11	SES226	-3.27049	7.99164	11.2621
BLOCK00/SES006/SA006S11	SES270	-0.973699	10.2884	11.2621
BLOCK00/SES006/SA006S11	SES275	-2.08851	9.17362	11.2621
BLOCK00/SES006/SA006S23	SES062	-2.44951	10.7942	13.2437
BLOCK00/SES006/SA006S23	SES105	-3.73765	9.50605	13.2437
BLOCK00/SES006/SA006S23	SES158	-1.45081	11.7929	13.2437
BLOCK00/SES006/SA006S23	SES275	-2.06546	11.1782	13.2437
BLOCK00/SES006/SA006S26	SES104	-3.47417	8.93359	12.4078
BLOCK00/SES006/SA006S26	SES158	-1.46601	10.9418	12.4078
BLOCK00/SES006/SA006S26	SES270	-0.589341	11.8184	12.4078
BLOCK00/SES006/SA006S26	SES275	-1.9215	10.4863	12.4078
BLOCK00/SES006/SA006S28	SES007	-2.70529	8.47736	11.1826
BLOCK00/SES006/SA006S28	SES105	-2.9349	8.24774	11.1826
BLOCK00/SES006/SA006S28	SES158	-1.14031	10.0423	11.1826
BLOCK00/SES006/SA006S28	SES275	-2.88771	8.29493	11.1826
BLOCK00/SES009/SA009S12	SES083	-2.62994	12.671	15.3009
BLOCK00/SES009/SA009S12	SES148	-2.77668	12.5243	15.3009
BLOCK00/SES009/SA009S12	SES177	-1.48916	13.8118	15.3009
BLOCK00/SES009/SA009S12	SES292	-1.34469	13.9563	15.3009
BLOCK00/SES009/SA009S15	SES007	-0.564132	15.4961	16.0602
BLOCK00/SES009/SA009S15	SES099	-3.96386	12.0964	16.0602
BLOCK00/SES009/SA009S15	SES148	-2.82301	13.2372	16.0602
BLOCK00/SES009/SA009S15	SES172	-1.31686	14.7434	16.0602
BLOCK00/SES009/SA009S24	SES146	-1.32961	14.6139	15.9435
BLOCK00/SES009/SA009S24	SES148	-3.04074	12.9028	15.9435
BLOCK00/SES009/SA009S24	SES177	-0.825278	15.1182	15.9435
BLOCK00/SES009/SA009S24	SES292	-1.38333	14.5602	15.9435
BLOCK00/SES009/SA009S26	SES083	-2.48919	12.4257	14.9149
BLOCK00/SES009/SA009S26	SES101	-2.37033	12.5445	14.9149
BLOCK00/SES009/SA009S26	SES120	-1.77379	13.1411	14.9149
BLOCK00/SES009/SA009S26	SES177	-1.19307	13.7218	14.9149
BLOCK00/SES009/SA009S29	SES083	-1.84515	13.8798	15.725
BLOCK00/SES009/SA009S29	SES101	-2.0756	13.6494	15.725
BLOCK00/SES009/SA009S29	SES177	-1.28323	14.4417	15.725
BLOCK00/SES009/SA009S29	SES292	-1.11804	14.6069	15.725
BLOCK01/SES011/SA011S10	SES019	-1.29865	13.2287	14.5273
BLOCK01/SES011/SA011S10	SES042	0.267883	14.7952	14.5273
BLOCK01/SES011/SA011S10	SES082	-1.68102	12.8463	14.5273
BLOCK01/SES011/SA011S10	SES206	-1.6271	12.9002	14.5273
BLOCK01/SES011/SA011S11	SES019	-1.9537	11.6045	13.5582
BLOCK01/SES011/SA011S11	SES042	-1.00852	12.5496	13.5582
BLOCK01/SES011/SA011S11	SES082	-1.70622	11.8519	13.5582
BLOCK01/SES011/SA011S11	SES206	-1.9459	11.6123	13.5582
BLOCK01/SES011/SA011S22	SES019	-0.997515	12.0275	13.025
BLOCK01/SES011/SA011S22	SES042	-0.125731	12.8992	13.025
BLOCK01/SES011/SA011S22	SES082	-1.00776	12.0172	13.025
BLOCK01/SES011/SA011S22	SES206	-1.61072	11.4143	13.025
BLOCK01/SES011/SA011S24	SES019	-1.52528	12.3986	13.9239
BLOCK01/SES011/SA011S24	SES042	0.0801573	14.004	13.9239
BLOCK01/SES011/SA011S24	SES104	-1.60408	12.3198	13.9239
BLOCK01/SES011/SA011S24	SES206	-1.33797	12.5859	13.9239
BLOCK01/SES011/SA011S27	SES082	0.00172806	13.7166	13.7149
BLOCK01/SES011/SA011S27	SES087	-1.67952	12.0354	13.7149
BLOCK01/SES011/SA011S27	SES125	-1.36911	12.3458	13.7149
BLOCK01/SES011/SA011S27	SES206	-1.20471	12.5102	13.7149
BLOCK01/SES012/SA012S11	SES007	-1.05664	15.3714	16.4281
BLOCK01/SES012/SA012S11	SES082	-1.9533	14.4748	16.4281
BLOCK01/SES012/SA012S11	SES083	-1.91119	14.5169	16.4281
BLOCK01/SES012/SA012S11	SES206	-1.80778	14.6203	16.4281
BLOCK01/SES012/SA012S14	SES082	-1.06	14.5837	15.6437
BLOCK01/SES012/SA012S14	SES087	-2.01739	13.6263	15.6437
BLOCK01/SES012/SA012S14	SES206	-1.09068	14.553	15.6437
BLOCK01/SES012/SA012S14	SES292	-1.66557	13.9781	15.6437
BLOCK01/SES012/SA012S24	SES082	-0.0975351	14.5787	14.6762
BLOCK01/SES012/SA012S24	SES087	-1.55433	13.1219	14.6762
BLOCK01/SES012/SA012S24	SES120	-1.95396	12.7223	14.6762
BLOCK01/SES012/SA012S24	SES206	-1.15368	13.5226	14.6762
BLOCK01/SES012/SA012S26	SES019	-4.01623	11.9749	15.9911
BLOCK01/SES012/SA012S26	SES082	-2.16942	13.8217	15.9911
BLOCK01/SES012/SA012S26	SES206	-0.542207	15.4489	15.9911
BLOCK01/SES012/SA012S26	SES292	-1.36045	14.6307	15.9911
BLOCK01/SES012/SA012S29	SES062	-1.70142	14.5645	16.2659
BLOCK01/SES012/SA012S29	SES082	-1.22697	15.0389	16.2659
BLOCK01/SES012/SA012S29	SES083	-2.72393	13.542	16.2659
BLOCK01/SES012/SA012S29	SES206	-1.26338	15.0025	16.2659
BLOCK01/SES013/SA013S16	SES062	-2.54072	10.8917	13.4324
BLOCK01/SES013/SA013S16	SES106	-1.04188	12.3906	13.4324
BLOCK01/SES013/SA013S16	SES206	-1.21824	12.2142	13.4324
BLOCK01/SES013/SA013S16	SES226	-1.08253	12.3499	13.4324
BLOCK01/SES013/SA013S17	SES062	-2.11638	13.0555	15.1719
BLOCK01/SES013/SA013S17	SES106	-1.74371	13.4282	15.1719
BLOCK01/SES013/SA013S17	SES206	-0.345471	14.8264	15.1719
BLOCK01/SES013/SA013S17	SES226	-0.588433	14.5835	15.1719
BLOCK01/SES013/SA013S23	SES104	-1.51564	12.6423	14.158
BLOCK01/SES013/SA013S23	SES106	-0.8585	13.2995	14.158
BLOCK01/SES013/SA013S23	SES206	-1.1249	13.0331	14.158
BLOCK01/SES013/SA013S23	SES270	-0.454757	13.7032	14.158
BLOCK01/SES013/SA013S25	SES042	-1.41361	13.7028	15.1164
BLOCK01/SES013/SA013S25	SES104	-0.990707	14.1257	15.1164
BLOCK01/SES013/SA013S25	SES106	-0.761091	14.3553	15.1164
BLOCK01/SES013/SA013S25	SES206	-0.803525	14.3129	15.1164
BLOCK01/SES013/SA013S29	SES062	-2.86693	11.4132	14.2802
BLOCK01/SES013/SA013S29	SES104	-2.3219	11.9583	14.2802
BLOCK01/SES013/SA013S29	SES106	-1.5091	12.771	14.2802
BLOCK01/SES013/SA013S29	SES206	-1.57634	12.7038	14.2802
BLOCK02/SES021/SA021S13	SES016	-2.81072	12.952	15.7627
BLOCK02/SES021/SA021S13	SES029	-1.74321	14.0195	15.7627
BLOCK02/SES021/SA021S13	SES087	-2.15336	13.6094	15.7627
BLOCK02/SES021/SA021S13	SES206	-1.68696	14.0758	15.7627
BLOCK02/SES021/SA021S15	SES087	-1.0499	15.9959	17.0458
BLOCK02/SES021/SA021S15	SES125	-1.20649	15.8393	17.0458
BLOCK02/SES021/SA021S15	SES206	-1.06458	15.9812	17.0458
BLOCK02/SES021/SA021S15	SES226	-2.40697	14.6388	17.0458
BLOCK02/SES021/SA021S23	SES062	-3.16045	10.5456	13.7061
BLOCK02/SES021/SA021S23	SES087	-1.10155	12.6045	13.7061
BLOCK02/SES021/SA021S23	SES206	-1.06856	12.6375	13.7061
BLOCK02/SES021/SA021S23	SES226	-1.02011	12.686	13.7061
BLOCK02/SES021/SA021S27	SES002	-0.789809	14.8901	15.6799
BLOCK02/SES021/SA021S27	SES016	-3.76307	11.9168	15.6799
BLOCK02/SES021/SA021S27	SES019	-1.43776	14.2422	15.6799
BLOCK02/SES021/SA021S27	SES062	-1.99656	13.6833	15.6799
BLOCK02/SES021/SA021S29	SES087	-1.54102	14.1818	15.7229
BLOCK02/SES021/SA021S29	SES125	-0.503711	15.2191	15.7229
BLOCK02/SES021/SA021S29	SES206	-0.675905	15.047	15.7229
BLOCK02/SES021/SA021S29	SES226	-2.08633	13.6365	15.7229
BLOCK04/SES043/SA043S09	SES083	-1.26864	12.046	13.3147
BLOCK04/SES043/SA043S09	SES101	-1.07276	12.2419	13.3147
BLOCK04/SES043/SA043S09	SES144	-0.57821	12.7365	13.3147
BLOCK04/SES043/SA043S09	SES172	-1.60721	11.7075	13.3147
BLOCK04/SES043/SA043S11	SES083	-0.625463	14.4167	15.0422
BLOCK04/SES043/SA043S11	SES101	-0.930835	14.1113	15.0422
BLOCK04/SES043/SA043S11	SES144	-0.255911	14.7862	15.0422
BLOCK04/SES043/SA043S11	SES172	-1.32926	13.7129	15.0422
BLOCK04/SES043/SA043S23	SES083	-1.10244	13.7418	14.8442
BLOCK04/SES043/SA043S23	SES144	-0.15231	14.6919	14.8442
BLOCK04/SES043/SA043S23	SES177	-0.933793	13.9104	14.8442
BLOCK04/SES043/SA043S23	SES275	-0.947973	13.8962	14.8442
BLOCK04/SES043/SA043S26	SES083	-1.80646	11.9493	13.7558
BLOCK04/SES043/SA043S26	SES101	-1.45261	12.3031	13.7558
BLOCK04/SES043/SA043S26	SES144	-0.129348	13.6264	13.7558
BLOCK04/SES043/SA043S26	SES177	-1.69189	12.0639	13.7558
BLOCK04/SES043/SA043S28	SES016	-1.81378	13.2821	15.0959
BLOCK04/SES043/SA043S28	SES083	-0.855116	14.2408	15.0959
BLOCK04/SES043/SA043S28	SES101	-0.455777	14.6401	15.0959
BLOCK04/SES043/SA043S28	SES144	-0.815487	14.2804	15.0959
BLOCK04/SES044/SA044S10	SES127	-3.67357	7.00829	10.6819
BLOCK04/SES044/SA044S10	SES144	-0.0984173	10.5834	10.6819
BLOCK04/SES044/SA044S10	SES147	-2.2094	8.47246	10.6819
BLOCK04/SES044/SA044S10	SES148	-2.83059	7.85127	10.6819
BLOCK04/SES044/SA044S11	SES101	-1.18162	11.5515	12.7331
BLOCK04/SES044/SA044S11	SES144	-0.076952	12.6562	12.7331
BLOCK04/SES044/SA044S11	SES147	-2.29643	10.4367	12.7331
BLOCK04/SES044/SA044S11	SES177	-1.97858	10.7545	12.7331
BLOCK04/SES044/SA044S24	SES007	-2.36197	10.9509	13.3129
BLOCK04/SES044/SA044S24	SES101	-1.2544	12.0585	13.3129
BLOCK04/SES044/SA044S24	SES147	-2.40975	10.9032	13.3129
BLOCK04/SES044/SA044S24	SES177	-1.83712	11.4758	13.3129
BLOCK04/SES044/SA044S26	SES007	-1.59093	12.2419	13.8328
BLOCK04/SES044/SA044S26	SES016	-0.953093	12.8797	13.8328
BLOCK04/SES044/SA044S26	SES101	-1.12998	12.7028	13.8328
BLOCK04/SES044/SA044S26	SES147	-1.37377	12.459	13.8328
BLOCK04/SES044/SA044S29	SES007	-2.2098	11.754	13.9638
BLOCK04/SES044/SA044S29	SES101	-0.306885	13.657	13.9638
BLOCK04/SES044/SA044S29	SES147	-1.76719	12.1967	13.9638
BLOCK04/SES044/SA044S29	SES177	-1.80803	12.1558	13.9638
BLOCK04/SES046/SA046S13	SES101	-0.409296	13.1939	13.6032
BLOCK04/SES046/SA046S13	SES144	-0.831474	12.7718	13.6032
BLOCK04/SES046/SA046S13	SES147	-1.79376	11.8095	13.6032
BLOCK04/SES046/SA046S13	SES177	-1.62129	11.9819	13.6032
BLOCK04/SES046/SA046S15	SES048	-0.44808	14.8403	15.2884
BLOCK04/SES046/SA046S15	SES083	-0.82856	14.4598	15.2884
BLOCK04/SES046/SA046S15	SES120	-2.53433	12.7541	15.2884
BLOCK04/SES046/SA046S15	SES148	-1.86657	13.4218	15.2884
BLOCK04/SES046/SA046S22	SES101	-0.570616	13.0711	13.6417
BLOCK04/SES046/SA046S22	SES144	-0.93908	12.7026	13.6417
BLOCK04/SES046/SA046S22	SES147	-2.27149	11.3702	13.6417
BLOCK04/SES046/SA046S22	SES172	-1.16678	12.4749	13.6417
BLOCK04/SES046/SA046S25	SES083	-1.24081	12.2916	13.5324
BLOCK04/SES046/SA046S25	SES127	-1.40127	12.1311	13.5324
BLOCK04/SES046/SA046S25	SES144	-1.68613	11.8463	13.5324
BLOCK04/SES046/SA046S25	SES148	-1.71687	11.8155	13.5324
BLOCK04/SES046/SA046S28	SES007	-2.14351	11.5461	13.6897
BLOCK04/SES046/SA046S28	SES105	-2.55412	11.1355	13.6897
BLOCK04/SES046/SA046S28	SES147	-1.09457	12.5951	13.6897
BLOCK04/SES046/SA046S28	SES148	-1.46195	12.2277	13.6897
BLOCK04/SES049/SA049S16	SES104	-2.17395	10.303	12.477
BLOCK04/SES049/SA049S16	SES106	-1.58381	10.8932	12.477
BLOCK04/SES049/SA049S16	SES120	-1.50492	10.9721	12.477
BLOCK04/SES049/SA049S16	SES206	-1.22101	11.256	12.477
BLOCK04/SES049/SA049S18	SES099	-0.830983	11.7142	12.5452
BLOCK04/SES049/SA049S18	SES104	-2.27626	10.2689	12.5452
BLOCK04/SES049/SA049S18	SES125	-2.62323	9.92197	12.5452
BLOCK04/SES049/SA049S18	SES206	-2.02259	10.5226	12.5452
BLOCK04/SES049/SA049S25	SES087	-0.731647	12.3978	13.1294
BLOCK04/SES049/SA049S25	SES104	-0.423053	12.7064	13.1294
BLOCK04/SES049/SA049S25	SES125	-1.15772	11.9717	13.1294
BLOCK04/SES049/SA049S25	SES206	-0.801903	12.3275	13.1294
BLOCK04/SES049/SA049S27	SES099	-0.351631	13.0407	13.3923
BLOCK04/SES049/SA049S27	SES104	-0.557441	12.8349	13.3923
BLOCK04/SES049/SA049S27	SES125	-1.76293	11.6294	13.3923
BLOCK04/SES049/SA049S27	SES206	-1.64816	11.7441	13.3923
BLOCK04/SES049/SA049S29	SES099	-0.24243	14.3275	14.57
BLOCK04/SES049/SA049S29	SES104	-0.466982	14.103	14.57
BLOCK04/SES049/SA049S29	SES125	-1.01102	13.5589	14.57
BLOCK04/SES049/SA049S29	SES206	-0.63121	13.9387	14.57
BLOCK06/SES063/SA063S09	SES068	-1.68696	13.8897	15.5767
BLOCK06/SES063/SA063S09	SES083	-0.856157	14.7205	15.5767
BLOCK06/SES063/SA063S09	SES177	-1.30312	14.2736	15.5767
BLOCK06/SES063/SA063S09	SES187	-1.61101	13.9657	15.5767
BLOCK06/SES063/SA063S10	SES068	-2.10548	12.6306	14.7361
BLOCK06/SES063/SA063S10	SES083	-1.3985	13.3376	14.7361
BLOCK06/SES063/SA063S10	SES172	-1.40085	13.3352	14.7361
BLOCK06/SES063/SA063S10	SES187	-1.94757	12.7885	14.7361
BLOCK06/SES063/SA063S20	SES068	-1.60158	12.8634	14.465
BLOCK06/SES063/SA063S20	SES083	-1.32026	13.1447	14.465
BLOCK06/SES063/SA063S20	SES172	-0.887531	13.5774	14.465
BLOCK06/SES063/SA063S20	SES187	-1.11031	13.3546	14.465
BLOCK06/SES063/SA063S24	SES029	-2.08773	13.0024	15.0901
BLOCK06/SES063/SA063S24	SES083	-0.679968	14.4101	15.0901
BLOCK06/SES063/SA063S24	SES177	-1.18332	13.9068	15.0901
BLOCK06/SES063/SA063S24	SES189	-0.904233	14.1859	15.0901
BLOCK06/SES063/SA063S27	SES083	-0.640366	13.926	14.5664
BLOCK06/SES063/SA063S27	SES172	-1.61219	12.9542	14.5664
BLOCK06/SES063/SA063S27	SES187	-1.1747	13.3917	14.5664
BLOCK06/SES063/SA063S27	SES292	-2.01749	12.5489	14.5664
BLOCK06/SES067/SA067S12	SES083	-2.33492	13.0303	15.3653
BLOCK06/SES067/SA067S12	SES172	-1.94508	13.4202	15.3653
BLOCK06/SES067/SA067S12	SES202	-1.00269	14.3626	15.3653
BLOCK06/SES067/SA067S12	SES292	-2.12942	13.2358	15.3653
BLOCK06/SES067/SA067S14	SES085	-1.48625	14.6839	16.1701
BLOCK06/SES067/SA067S14	SES177	-2.09882	14.0713	16.1701
BLOCK06/SES067/SA067S14	SES183	-0.658707	15.5114	16.1701
BLOCK06/SES067/SA067S14	SES202	-1.01132	15.1588	16.1701
BLOCK06/SES067/SA067S21	SES144	-1.00385	13.9202	14.9241
BLOCK06/SES067/SA067S21	SES177	-1.11824	13.8058	14.9241
BLOCK06/SES067/SA067S21	SES183	-0.0673361	14.8567	14.9241
BLOCK06/SES067/SA067S21	SES189	-0.781484	14.1426	14.9241
BLOCK06/SES067/SA067S25	SES085	-0.621416	14.5968	15.2182
BLOCK06/SES067/SA067S25	SES177	-1.15839	14.0598	15.2182
BLOCK06/SES067/SA067S25	SES183	-0.493438	14.7248	15.2182
BLOCK06/SES067/SA067S25	SES202	-1.72434	13.4939	15.2182
BLOCK06/SES067/SA067S29	SES085	-1.46211	13.6459	15.108
BLOCK06/SES067/SA067S29	SES177	-1.52438	13.5837	15.108
BLOCK06/SES067/SA067S29	SES183	0.177108	15.2852	15.108
BLOCK06/SES067/SA067S29	SES202	-0.688765	14.4193	15.108
BLOCK06/SES069/SA069S12	SES029	-2.01467	13.1855	15.2002
BLOCK06/SES069/SA069S12	SES082	0.198485	15.3987	15.2002
BLOCK06/SES069/SA069S12	SES087	-0.739156	14.461	15.2002
BLOCK06/SES069/SA069S12	SES206	-0.540214	14.66	15.2002
BLOCK06/SES069/SA069S13	SES029	-2.63832	12.6483	15.2866
BLOCK06/SES069/SA069S13	SES087	-0.760698	14.5259	15.2866
BLOCK06/SES069/SA069S13	SES206	-0.993777	14.2929	15.2866
BLOCK06/SES069/SA069S13	SES226	-0.135688	15.1509	15.2866
BLOCK06/SES069/SA069S23	SES029	-0.871488	15.8931	16.7646
BLOCK06/SES069/SA069S23	SES087	-0.385687	16.3789	16.7646
BLOCK06/SES069/SA069S23	SES206	-1.25767	15.507	16.7646
BLOCK06/SES069/SA069S23	SES226	0.0339031	16.7985	16.7646
BLOCK06/SES069/SA069S25	SES087	-0.497122	15.321	15.8181
BLOCK06/SES069/SA069S25	SES206	-2.47861	13.3395	15.8181
BLOCK06/SES069/SA069S25	SES226	-0.725655	15.0925	15.8181
BLOCK06/SES069/SA069S25	SES270	-1.3026	14.5155	15.8181
BLOCK06/SES069/SA069S27	SES087	-1.55365	14.2495	15.8031
BLOCK06/SES069/SA069S27	SES206	-0.549373	15.2537	15.8031
BLOCK06/SES069/SA069S27	SES226	-0.0899801	15.7131	15.8031
BLOCK06/SES069/SA069S27	SES270	-0.80894	14.9942	15.8031
BLOCK08/SES081/SA081S11	SES060	-1.93386	12.0594	13.9932
BLOCK08/SES081/SA081S11	SES062	-1.63529	12.358	13.9932
BLOCK08/SES081/SA081S11	SES117	-3.02505	10.9682	13.9932
BLOCK08/SES081/SA081S11	SES162	-2.46031	11.5329	13.9932
BLOCK08/SES081/SA081S13	SES016	-1.08546	14.5163	15.6017
BLOCK08/SES081/SA081S13	SES060	-0.356344	15.2454	15.6017
BLOCK08/SES081/SA081S13	SES068	-0.635027	14.9667	15.6017
BLOCK08/SES081/SA081S13	SES129	-2.1467	13.455	15.6017
BLOCK08/SES081/SA081S24	SES060	-0.969574	13.8077	14.7773
BLOCK08/SES081/SA081S24	SES068	-0.932984	13.8443	14.7773
BLOCK08/SES081/SA081S24	SES117	-2.21896	12.5583	14.7773
BLOCK08/SES081/SA081S24	SES275	-2.0741	12.7032	14.7773
BLOCK08/SES081/SA081S27	SES007	-1.51024	12.1864	13.6967
BLOCK08/SES081/SA081S27	SES060	-1.71437	11.9823	13.6967
BLOCK08/SES081/SA081S27	SES117	-1.22028	12.4764	13.6967
BLOCK08/SES081/SA081S27	SES275	-2.04338	11.6533	13.6967
BLOCK08/SES081/SA081S29	SES007	-1.15711	13.7667	14.9238
BLOCK08/SES081/SA081S29	SES060	-1.49337	13.4304	14.9238
BLOCK08/SES081/SA081S29	SES117	-1.59491	13.3289	14.9238
BLOCK08/SES081/SA081S29	SES275	-1.80736	13.1164	14.9238
BLOCK08/SES086/SA086S11	SES029	-3.67249	9.24007	12.9126
BLOCK08/SES086/SA086S11	SES082	-1.74557	11.167	12.9126
BLOCK08/SES086/SA086S11	SES087	-0.275186	12.6374	12.9126
BLOCK08/SES086/SA086S11	SES206	-1.92041	10.9921	12.9126
BLOCK08/SES086/SA086S12	SES029	-2.24736	11.9902	14.2376
BLOCK08/SES086/SA086S12	SES082	-1.63602	12.6015	14.2376
BLOCK08/SES086/SA086S12	SES087	0.462941	14.7005	14.2376
BLOCK08/SES086/SA086S12	SES206	-1.08611	13.1515	14.2376
BLOCK08/SES086/SA086S20	SES029	-3.00351	12.1115	15.115
BLOCK08/SES086/SA086S20	SES082	-2.35942	12.7556	15.115
BLOCK08/SES086/SA086S20	SES087	0.358076	15.4731	15.115
BLOCK08/SES086/SA086S20	SES206	-0.706456	14.4086	15.115
BLOCK08/SES086/SA086S24	SES087	-0.170079	13.9666	14.1367
BLOCK08/SES086/SA086S24	SES104	-2.15627	11.9804	14.1367
BLOCK08/SES086/SA086S24	SES120	-2.24679	11.8899	14.1367
BLOCK08/SES086/SA086S24	SES206	-0.100986	14.0357	14.1367
BLOCK08/SES086/SA086S28	SES029	-1.91176	12.901	14.8128
BLOCK08/SES086/SA086S28	SES082	-1.61652	13.1962	14.8128
BLOCK08/SES086/SA086S28	SES087	-0.19616	14.6166	14.8128
BLOCK08/SES086/SA086S28	SES206	-0.728772	14.084	14.8128
BLOCK08/SES089/SA089S13	SES087	-1.21808	12.3535	13.5716
BLOCK08/SES089/SA089S13	SES206	-1.61111	11.9605	13.5716
BLOCK08/SES089/SA089S13	SES226	-0.968958	12.6026	13.5716
BLOCK08/SES089/SA089S13	SES270	-2.22454	11.3471	13.5716
BLOCK08/SES089/SA089S14	SES062	-2.03398	12.3436	14.3776
BLOCK08/SES089/SA089S14	SES087	-0.577883	13.7997	14.3776
BLOCK08/SES089/SA089S14	SES206	-1.48971	12.8879	14.3776
BLOCK08/SES089/SA089S14	SES226	-1.47144	12.9061	14.3776
BLOCK08/SES089/SA089S23	SES087	-0.891603	11.3496	12.2412
BLOCK08/SES089/SA089S23	SES206	-1.32781	10.9134	12.2412
BLOCK08/SES089/SA089S23	SES226	-0.895839	11.3454	12.2412
BLOCK08/SES089/SA089S23	SES270	-2.18146	10.0598	12.2412
BLOCK08/SES089/SA089S25	SES062	-2.36326	12.0818	14.4451
BLOCK08/SES089/SA089S25	SES087	-0.762104	13.683	14.4451
BLOCK08/SES089/SA089S25	SES206	-2.17698	12.2681	14.4451
BLOCK08/SES089/SA089S25	SES226	-0.579485	13.8656	14.4451
BLOCK08/SES089/SA089S28	SES062	-1.37496	12.7229	14.0979
BLOCK08/SES089/SA089S28	SES087	-0.145653	13.9522	14.0979
BLOCK08/SES089/SA089S28	SES206	-0.919132	13.1788	14.0979
BLOCK08/SES089/SA089S28	SES226	-0.211861	13.886	14.0979
BLOCK09/SES097/SA097S11	SES099	0.585982	13.8204	13.2344
BLOCK09/SES097/SA097S11	SES125	-1.15243	12.082	13.2344
BLOCK09/SES097/SA097S11	SES206	-0.688321	12.5461	13.2344
BLOCK09/SES097/SA097S11	SES226	0.18585	13.4203	13.2344
BLOCK09/SES097/SA097S14	SES062	-1.5866	11.8397	13.4263
BLOCK09/SES097/SA097S14	SES099	-0.628036	12.7983	13.4263
BLOCK09/SES097/SA097S14	SES104	-1.75592	11.6704	13.4263
BLOCK09/SES097/SA097S14	SES206	-1.47715	11.9492	13.4263
BLOCK09/SES097/SA097S22	SES099	1.16208	14.4413	13.2792
BLOCK09/SES097/SA097S22	SES206	-1.18189	12.0973	13.2792
BLOCK09/SES097/SA097S22	SES226	-1.45584	11.8233	13.2792
BLOCK09/SES097/SA097S22	SES270	0.214856	13.494	13.2792
BLOCK09/SES097/SA097S26	SES099	0.309608	14.1134	13.8038
BLOCK09/SES097/SA097S26	SES120	-1.43288	12.3709	13.8038
BLOCK09/SES097/SA097S26	SES206	-0.975229	12.8286	13.8038
BLOCK09/SES097/SA097S26	SES226	-2.07564	11.7281	13.8038
BLOCK09/SES097/SA097S28	SES099	-0.230787	13.4238	13.6546
BLOCK09/SES097/SA097S28	SES120	-1.33077	12.3238	13.6546
BLOCK09/SES097/SA097S28	SES206	-1.6923	11.9623	13.6546
BLOCK09/SES097/SA097S28	SES226	-2.72979	10.9248	13.6546
BLOCK09/SES098/SA098S11	SES127	-1.91563	11.5004	13.416
BLOCK09/SES098/SA098S11	SES144	-1.6595	11.7565	13.416
BLOCK09/SES098/SA098S11	SES147	-1.25502	12.161	13.416
BLOCK09/SES098/SA098S11	SES148	-3.45028	9.96572	13.416
BLOCK09/SES098/SA098S12	SES127	-2.88119	9.29519	12.1764
BLOCK09/SES098/SA098S12	SES144	-2.14438	10.032	12.1764
BLOCK09/SES098/SA098S12	SES147	-1.63206	10.5443	12.1764
BLOCK09/SES098/SA098S12	SES189	-1.9504	10.226	12.1764
BLOCK09/SES098/SA098S20	SES127	-2.88985	10.0836	12.9735
BLOCK09/SES098/SA098S20	SES147	-1.94792	11.0255	12.9735
BLOCK09/SES098/SA098S20	SES148	-3.13417	9.83929	12.9735
BLOCK09/SES098/SA098S20	SES292	-1.45358	11.5199	12.9735
BLOCK09/SES098/SA098S23	SES127	-1.88289	12.026	13.9089
BLOCK09/SES098/SA098S23	SES147	-1.7724	12.1365	13.9089
BLOCK09/SES098/SA098S23	SES187	-1.3681	12.5408	13.9089
BLOCK09/SES098/SA098S23	SES292	-1.45576	12.4531	13.9089
BLOCK09/SES098/SA098S27	SES127	-3.3848	9.13136	12.5162
BLOCK09/SES098/SA098S27	SES147	-2.42546	10.0907	12.5162
BLOCK09/SES098/SA098S27	SES148	-3.4985	9.01765	12.5162
BLOCK09/SES098/SA098S27	SES292	-1.47446	11.0417	12.5162
BLOCK10/SES102/SA102S13	SES101	-0.884986	11.8771	12.7621
BLOCK10/SES102/SA102S13	SES105	-1.37899	11.3831	12.7621
BLOCK10/SES102/SA102S13	SES120	-2.28103	10.4811	12.7621
BLOCK10/SES102/SA102S13	SES158	-3.43869	9.32343	12.7621
BLOCK10/SES102/SA102S14	SES007	-1.15127	14.32	15.4712
BLOCK10/SES102/SA102S14	SES101	-0.568528	14.9027	15.4712
BLOCK10/SES102/SA102S14	SES105	-0.446283	15.025	15.4712
BLOCK10/SES102/SA102S14	SES147	-3.8986	11.5727	15.4712
BLOCK10/SES102/SA102S22	SES007	-2.10824	12.7819	14.8901
BLOCK10/SES102/SA102S22	SES101	-0.822059	14.0681	14.8901
BLOCK10/SES102/SA102S22	SES105	-0.905931	13.9842	14.8901
BLOCK10/SES102/SA102S22	SES158	-2.67431	12.2158	14.8901
BLOCK10/SES102/SA102S25	SES007	-1.01842	14.0214	15.0398
BLOCK10/SES102/SA102S25	SES101	-0.386052	14.6537	15.0398
BLOCK10/SES102/SA102S25	SES105	-0.973733	14.066	15.0398
BLOCK10/SES102/SA102S25	SES147	-3.50518	11.5346	15.0398
BLOCK10/SES102/SA102S27	SES007	-1.43679	12.9614	14.3982
BLOCK10/SES102/SA102S27	SES101	-0.26119	14.137	14.3982
BLOCK10/SES102/SA102S27	SES105	-1.24299	13.1552	14.3982
BLOCK10/SES102/SA102S27	SES147	-2.84318	11.555	14.3982
BLOCK10/SES103/SA103S14	SES105	-2.29965	9.93134	12.231
BLOCK10/SES103/SA103S14	SES106	-1.01439	11.2166	12.231
BLOCK10/SES103/SA103S14	SES120	-2.24297	9.98802	12.231
BLOCK10/SES103/SA103S14	SES206	-2.77391	9.45708	12.231
BLOCK10/SES103/SA103S15	SES099	-1.14058	10.1001	11.2406
BLOCK10/SES103/SA103S15	SES101	-3.22347	8.01718	11.2406
BLOCK10/SES103/SA103S15	SES104	-1.87216	9.36849	11.2406
BLOCK10/SES103/SA103S15	SES125	-1.42227	9.81838	11.2406
BLOCK10/SES103/SA103S24	SES104	-1.62166	12.3165	13.9381
BLOCK10/SES103/SA103S24	SES125	-1.64835	12.2898	13.9381
BLOCK10/SES103/SA103S24	SES148	-3.04714	10.891	13.9381
BLOCK10/SES103/SA103S24	SES158	-1.28449	12.6537	13.9381
BLOCK10/SES103/SA103S26	SES104	-1.86731	9.85645	11.7238
BLOCK10/SES103/SA103S26	SES106	-0.791373	10.9324	11.7238
BLOCK10/SES103/SA103S26	SES125	-1.65493	10.0688	11.7238
BLOCK10/SES103/SA103S26	SES148	-4.32825	7.39551	11.7238
BLOCK10/SES103/SA103S28	SES104	-2.2301	8.75911	10.9892
BLOCK10/SES103/SA103S28	SES106	-0.967894	10.0213	10.9892
BLOCK10/SES103/SA103S28	SES125	-2.2063	8.78292	10.9892
BLOCK10/SES103/SA103S28	SES206	-2.88742	8.1018	10.9892
BLOCK12/SES121/SA121S12	SES042	-3.309	7.46046	10.7695
BLOCK12/SES121/SA121S12	SES087	-1.51118	9.25828	10.7695
BLOCK12/SES121/SA121S12	SES105	-1.45019	9.31927	10.7695
BLOCK12/SES121/SA121S12	SES206	-2.16715	8.60231	10.7695
BLOCK12/SES121/SA121S14	SES007	-2.4773	8.30763	10.7849
BLOCK12/SES121/SA121S14	SES105	-2.13795	8.64697	10.7849
BLOCK12/SES121/SA121S14	SES106	-1.73434	9.05059	10.7849
BLOCK12/SES121/SA121S14	SES206	-2.35994	8.42499	10.7849
BLOCK12/SES121/SA121S23	SES105	-1.54792	9.60059	11.1485
BLOCK12/SES121/SA121S23	SES106	-0.841595	10.3069	11.1485
BLOCK12/SES121/SA121S23	SES120	-1.96033	9.18818	11.1485
BLOCK12/SES121/SA121S23	SES206	-0.874394	10.2741	11.1485
BLOCK12/SES121/SA121S25	SES007	-1.53551	7.37529	8.9108
BLOCK12/SES121/SA121S25	SES105	-1.71539	7.1954	8.9108
BLOCK12/SES121/SA121S25	SES106	-1.03813	7.87267	8.9108
BLOCK12/SES121/SA121S25	SES206	-2.2861	6.6247	8.9108
BLOCK12/SES121/SA121S27	SES087	-0.901588	10.4166	11.3181
BLOCK12/SES121/SA121S27	SES105	-3.37758	7.94056	11.3181
BLOCK12/SES121/SA121S27	SES120	-1.05185	10.2663	11.3181
BLOCK12/SES121/SA121S27	SES206	-1.64441	9.67374	11.3181
BLOCK12/SES124/SA124S16	SES042	-0.587784	12.4528	13.0406
BLOCK12/SES124/SA124S16	SES082	-1.58558	11.455	13.0406
BLOCK12/SES124/SA124S16	SES183	-1.95958	11.081	13.0406
BLOCK12/SES124/SA124S16	SES206	-1.78172	11.2589	13.0406
BLOCK12/SES124/SA124S17	SES105	-2.55812	8.92673	11.4848
BLOCK12/SES124/SA124S17	SES149	-3.24256	8.24228	11.4848
BLOCK12/SES124/SA124S17	SES158	-2.63034	8.8545	11.4848
BLOCK12/SES124/SA124S17	SES275	-1.46334	10.0215	11.4848
BLOCK12/SES124/SA124S23	SES105	-2.83845	11.9875	14.826
BLOCK12/SES124/SA124S23	SES125	-0.294915	14.5311	14.826
BLOCK12/SES124/SA124S23	SES129	-2.65203	12.174	14.826
BLOCK12/SES124/SA124S23	SES158	-0.642536	14.1835	14.826
BLOCK12/SES124/SA124S26	SES105	-3.49071	10.3099	13.8006
BLOCK12/SES124/SA124S26	SES125	-1.44191	12.3587	13.8006
BLOCK12/SES124/SA124S26	SES129	-2.86399	10.9366	13.8006
BLOCK12/SES124/SA124S26	SES158	-1.33508	12.4655	13.8006
BLOCK12/SES124/SA124S28	SES104	-1.10479	12.5412	13.646
BLOCK12/SES124/SA124S28	SES106	-0.595304	13.0507	13.646
BLOCK12/SES124/SA124S28	SES125	0.139288	13.7853	13.646
BLOCK12/SES124/SA124S28	SES275	-2.0633	11.5827	13.646
BLOCK12/SES126/SA126S13	SES007	-1.7035	11.503	13.2065
BLOCK12/SES126/SA126S13	SES162	-1.86821	11.3383	13.2065
BLOCK12/SES126/SA126S13	SES177	-1.41127	11.7952	13.2065
BLOCK12/SES126/SA126S13	SES180	-1.81513	11.3914	13.2065
BLOCK12/SES126/SA126S14	SES144	-1.08222	13.7457	14.8279
BLOCK12/SES126/SA126S14	SES148	-1.85672	12.9712	14.8279
BLOCK12/SES126/SA126S14	SES177	-0.916747	13.9111	14.8279
BLOCK12/SES126/SA126S14	SES180	-2.11589	12.712	14.8279
BLOCK12/SES126/SA126S20	SES007	-1.23894	12.7721	14.011
BLOCK12/SES126/SA126S20	SES162	-1.60871	12.4023	14.011
BLOCK12/SES126/SA126S20	SES172	-2.27989	11.7311	14.011
BLOCK12/SES126/SA126S20	SES180	-1.61218	12.3988	14.011
BLOCK12/SES126/SA126S24	SES120	-0.769662	14.2937	15.0634
BLOCK12/SES126/SA126S24	SES162	-1.9642	13.0992	15.0634
BLOCK12/SES126/SA126S24	SES177	-1.12287	13.9405	15.0634
BLOCK12/SES126/SA126S24	SES180	-1.31738	13.746	15.0634
BLOCK12/SES126/SA126S26	SES120	-0.437559	13.7179	14.1554
BLOCK12/SES126/SA126S26	SES177	-1.25252	12.9029	14.1554
BLOCK12/SES126/SA126S26	SES180	-2.10843	12.047	14.1554
BLOCK12/SES126/SA126S26	SES202	-2.24322	11.9122	14.1554
BLOCK12/SES128/SA128S10	SES087	-1.91071	12.135	14.0457
BLOCK12/SES128/SA128S10	SES206	-1.50855	12.5371	14.0457
BLOCK12/SES128/SA128S10	SES226	-0.71676	13.3289	14.0457
BLOCK12/SES128/SA128S10	SES270	-0.297346	13.7483	14.0457
BLOCK12/SES128/SA128S12	SES120	-1.01318	12.6611	13.6743
BLOCK12/SES128/SA128S12	SES158	-1.91803	11.7563	13.6743
BLOCK12/SES128/SA128S12	SES206	-1.27976	12.3945	13.6743
BLOCK12/SES128/SA128S12	SES226	-1.85844	11.8159	13.6743
BLOCK12/SES128/SA128S21	SES106	-2.40376	10.3903	12.794
BLOCK12/SES128/SA128S21	SES120	-2.16648	10.6275	12.794
BLOCK12/SES128/SA128S21	SES206	-1.88206	10.912	12.794
BLOCK12/SES128/SA128S21	SES226	-1.35901	11.435	12.794
BLOCK12/SES128/SA128S24	SES087	-1.60251	11.8953	13.4978
BLOCK12/SES128/SA128S24	SES120	-1.12158	12.3762	13.4978
BLOCK12/SES128/SA128S24	SES206	-1.14227	12.3555	13.4978
BLOCK12/SES128/SA128S24	SES226	-1.72091	11.7768	13.4978
BLOCK12/SES128/SA128S27	SES099	-0.778992	13.9922	14.7712
BLOCK12/SES128/SA128S27	SES120	-1.16614	13.6051	14.7712
BLOCK12/SES128/SA128S27	SES206	-1.24697	13.5242	14.7712
BLOCK12/SES128/SA128S27	SES226	-1.33691	13.4343	14.7712
BLOCK13/SES130/SA130S13	SES143	-0.407772	13.2828	13.6906
BLOCK13/SES130/SA130S13	SES144	0.264907	13.9555	13.6906
BLOCK13/SES130/SA130S13	SES146	-0.96822	12.7224	13.6906
BLOCK13/SES130/SA130S13	SES275	-1.84664	11.8439	13.6906
BLOCK13/SES130/SA130S15	SES143	-1.84831	13.4729	15.3212
BLOCK13/SES130/SA130S15	SES144	-0.722753	14.5985	15.3212
BLOCK13/SES130/SA130S15	SES146	-1.05231	14.2689	15.3212
BLOCK13/SES130/SA130S15	SES275	-1.63246	13.6888	15.3212
BLOCK13/SES130/SA130S23	SES127	-2.22591	11.3675	13.5934
BLOCK13/SES130/SA130S23	SES144	-1.84415	11.7493	13.5934
BLOCK13/SES130/SA130S23	SES146	-0.91437	12.6791	13.5934
BLOCK13/SES130/SA130S23	SES162	-1.43848	12.155	13.5934
BLOCK13/SES130/SA130S25	SES127	-0.844849	14.2929	15.1378
BLOCK13/SES130/SA130S25	SES144	-0.575126	14.5626	15.1378
BLOCK13/SES130/SA130S25	SES146	-0.563991	14.5738	15.1378
BLOCK13/SES130/SA130S25	SES275	-0.681584	14.4562	15.1378
BLOCK13/SES130/SA130S28	SES127	-1.10269	13.3285	14.4312
BLOCK13/SES130/SA130S28	SES144	-1.39884	13.0324	14.4312
BLOCK13/SES130/SA130S28	SES146	-0.964732	13.4665	14.4312
BLOCK13/SES130/SA130S28	SES275	-0.887746	13.5435	14.4312
BLOCK13/SES131/SA131S13	SES002	-2.07675	9.45403	11.5308
BLOCK13/SES131/SA131S13	SES007	-2.47286	9.05792	11.5308
BLOCK13/SES131/SA131S13	SES099	-2.09528	9.4355	11.5308
BLOCK13/SES131/SA131S13	SES105	-2.39831	9.13247	11.5308
BLOCK13/SES131/SA131S14	SES104	-0.877192	12.5732	13.4504
BLOCK13/SES131/SA131S14	SES106	-1.71318	11.7372	13.4504
BLOCK13/SES131/SA131S14	SES125	-1.50269	11.9477	13.4504
BLOCK13/SES131/SA131S14	SES148	-1.84243	11.6079	13.4504
BLOCK13/SES131/SA131S20	SES104	-2.20023	8.69892	10.8991
BLOCK13/SES131/SA131S20	SES106	-1.57223	9.32692	10.8991
BLOCK13/SES131/SA131S20	SES125	-2.77133	8.12782	10.8991
BLOCK13/SES131/SA131S20	SES148	-2.22151	8.67763	10.8991
BLOCK13/SES131/SA131S22	SES099	-1.72548	11.0794	12.8049
BLOCK13/SES131/SA131S22	SES104	-1.79282	11.0121	12.8049
BLOCK13/SES131/SA131S22	SES125	-2.30031	10.5046	12.8049
BLOCK13/SES131/SA131S22	SES206	-2.60748	10.1975	12.8049
BLOCK13/SES131/SA131S29	SES087	-1.72331	10.2212	11.9445
BLOCK13/SES131/SA131S29	SES104	-2.85471	9.08983	11.9445
BLOCK13/SES131/SA131S29	SES125	-2.90301	9.04153	11.9445
BLOCK13/SES131/SA131S29	SES206	-2.49031	9.45422	11.9445
BLOCK13/SES132/SA132S11	SES083	-2.27408	12.627	14.9011
BLOCK13/SES132/SA132S11	SES120	-0.360216	14.5409	14.9011
BLOCK13/SES132/SA132S11	SES127	-1.69415	13.2069	14.9011
BLOCK13/SES132/SA132S11	SES275	-1.68622	13.2149	14.9011
BLOCK13/SES132/SA132S12	SES083	-2.26403	12.8858	15.1498
BLOCK13/SES132/SA132S12	SES143	-1.36558	13.7843	15.1498
BLOCK13/SES132/SA132S12	SES144	-1.53482	13.615	15.1498
BLOCK13/SES132/SA132S12	SES148	-1.30957	13.8403	15.1498
BLOCK13/SES132/SA132S22	SES062	-0.766064	14.1028	14.8689
BLOCK13/SES132/SA132S22	SES083	-1.49256	13.3763	14.8689
BLOCK13/SES132/SA132S22	SES127	-1.26119	13.6077	14.8689
BLOCK13/SES132/SA132S22	SES275	-1.03035	13.8385	14.8689
BLOCK13/SES132/SA132S24	SES007	-1.46293	14.2569	15.7198
BLOCK13/SES132/SA132S24	SES083	-2.15567	13.5641	15.7198
BLOCK13/SES132/SA132S24	SES127	-2.09425	13.6255	15.7198
BLOCK13/SES132/SA132S24	SES275	-1.20777	14.512	15.7198
BLOCK13/SES132/SA132S27	SES083	-1.96083	12.5041	14.4649
BLOCK13/SES132/SA132S27	SES120	-0.0389662	14.426	14.4649
BLOCK13/SES132/SA132S27	SES127	-2.0214	12.4435	14.4649
BLOCK13/SES132/SA132S27	SES275	-1.88536	12.5796	14.4649
BLOCK14/SES141/SA141S09	SES143	-1.35959	13.1648	14.5244
BLOCK14/SES141/SA141S09	SES144	-0.755846	13.7685	14.5244
BLOCK14/SES141/SA141S09	SES162	-1.44221	13.0822	14.5244
BLOCK14/SES141/SA141S09	SES180	-1.35764	13.1667	14.5244
BLOCK14/SES141/SA141S15	SES127	-1.26503	13.0656	14.3307
BLOCK14/SES141/SA141S15	SES144	-1.54966	12.781	14.3307
BLOCK14/SES141/SA141S15	SES162	-1.71406	12.6166	14.3307
BLOCK14/SES141/SA141S15	SES180	-1.64189	12.6888	14.3307
BLOCK14/SES141/SA141S24	SES127	-1.0465	13.6019	14.6484
BLOCK14/SES141/SA141S24	SES144	-1.7559	12.8925	14.6484
BLOCK14/SES141/SA141S24	SES162	-1.49905	13.1493	14.6484
BLOCK14/SES141/SA141S24	SES183	-1.76333	12.885	14.6484
BLOCK14/SES141/SA141S26	SES142	-0.974416	13.4016	14.376
BLOCK14/SES141/SA141S26	SES144	-1.43242	12.9436	14.376
BLOCK14/SES141/SA141S26	SES172	-1.08195	13.2941	14.376
BLOCK14/SES141/SA141S26	SES180	-1.55232	12.8237	14.376
BLOCK14/SES141/SA141S29	SES127	-0.732377	13.8813	14.6136
BLOCK14/SES141/SA141S29	SES142	-0.55309	14.0606	14.6136
BLOCK14/SES141/SA141S29	SES144	-1.14575	13.4679	14.6136
BLOCK14/SES141/SA141S29	SES180	-0.903036	13.7106	14.6136
BLOCK15/SES157/SA157S08	SES083	-1.73419	13.0098	14.744
BLOCK15/SES157/SA157S08	SES127	-1.33799	13.406	14.744
BLOCK15/SES157/SA157S08	SES148	-2.0172	12.7268	14.744
BLOCK15/SES157/SA157S08	SES292	-2.36502	12.379	14.744
BLOCK15/SES157/SA157S11	SES083	-2.0401	12.7748	14.8149
BLOCK15/SES157/SA157S11	SES127	-1.38866	13.4263	14.8149
BLOCK15/SES157/SA157S11	SES148	-2.28837	12.5266	14.8149
BLOCK15/SES157/SA157S11	SES292	-2.08531	12.7296	14.8149
BLOCK15/SES157/SA157S21	SES127	-1.03975	14.1808	15.2205
BLOCK15/SES157/SA157S21	SES148	-0.695268	14.5253	15.2205
BLOCK15/SES157/SA157S21	SES158	-4.77656	10.444	15.2205
BLOCK15/SES157/SA157S21	SES292	-1.59836	13.6222	15.2205
BLOCK15/SES157/SA157S24	SES127	-1.13246	14.2044	15.3369
BLOCK15/SES157/SA157S24	SES148	-1.95104	13.3858	15.3369
BLOCK15/SES157/SA157S24	SES183	-2.12047	13.2164	15.3369
BLOCK15/SES157/SA157S24	SES292	-2.3088	13.0281	15.3369
BLOCK15/SES157/SA157S26	SES007	-0.841919	14.3539	15.1959
BLOCK15/SES157/SA157S26	SES127	-0.882787	14.3131	15.1959
BLOCK15/SES157/SA157S26	SES147	-2.19807	12.9978	15.1959
BLOCK15/SES157/SA157S26	SES148	-1.48001	13.7159	15.1959
BLOCK16/SES161/SA161S10	SES007	-1.87015	10.5723	12.4425
BLOCK16/SES161/SA161S10	SES105	-1.50957	10.9329	12.4425
BLOCK16/SES161/SA161S10	SES158	-1.69686	10.7456	12.4425
BLOCK16/SES161/SA161S10	SES275	-0.940799	11.5017	12.4425
BLOCK16/SES161/SA161S12	SES007	-1.87915	10.8351	12.7142
BLOCK16/SES161/SA161S12	SES105	-2.73662	9.97761	12.7142
BLOCK16/SES161/SA161S12	SES158	-1.41863	11.2956	12.7142
BLOCK16/SES161/SA161S12	SES275	-1.25579	11.4584	12.7142
BLOCK16/SES161/SA161S20	SES007	-1.88164	9.82806	11.7097
BLOCK16/SES161/SA161S20	SES105	-2.05774	9.65196	11.7097
BLOCK16/SES161/SA161S20	SES158	-1.77227	9.93744	11.7097
BLOCK16/SES161/SA161S20	SES275	-1.70401	10.0057	11.7097
BLOCK16/SES161/SA161S23	SES007	-2.5811	10.0494	12.6305
BLOCK16/SES161/SA161S23	SES105	-1.50895	11.1216	12.6305
BLOCK16/SES161/SA161S23	SES148	-2.01896	10.6116	12.6305
BLOCK16/SES161/SA161S23	SES158	-2.00976	10.6208	12.6305
BLOCK16/SES161/SA161S28	SES007	-2.77734	10.3865	13.1638
BLOCK16/SES161/SA161S28	SES105	-2.85093	10.3129	13.1638
BLOCK16/SES161/SA161S28	SES158	-1.24837	11.9154	13.1638
BLOCK16/SES161/SA161S28	SES206	-1.36056	11.8033	13.1638
BLOCK16/SES164/SA164S11	SES104	-1.47743	12.5002	13.9777
BLOCK16/SES164/SA164S11	SES125	-0.654636	13.323	13.9777
BLOCK16/SES164/SA164S11	SES158	-0.543041	13.4346	13.9777
BLOCK16/SES164/SA164S11	SES206	-1.82497	12.1527	13.9777
BLOCK16/SES164/SA164S13	SES099	-0.990641	11.6278	12.6184
BLOCK16/SES164/SA164S13	SES104	-1.44187	11.1765	12.6184
BLOCK16/SES164/SA164S13	SES125	-1.76176	10.8566	12.6184
BLOCK16/SES164/SA164S13	SES206	-1.43783	11.1806	12.6184
BLOCK16/SES164/SA164S24	SES002	-0.26111	13.0211	13.2822
BLOCK16/SES164/SA164S24	SES099	-1.30583	11.9763	13.2822
BLOCK16/SES164/SA164S24	SES125	-2.2569	11.0253	13.2822
BLOCK16/SES164/SA164S24	SES226	-0.496456	12.7857	13.2822
BLOCK16/SES164/SA164S27	SES087	-1.10468	11.9982	13.1029
BLOCK16/SES164/SA164S27	SES125	-1.68755	11.4154	13.1029
BLOCK16/SES164/SA164S27	SES206	-2.00618	11.0967	13.1029
BLOCK16/SES164/SA164S27	SES226	-1.1909	11.912	13.1029
BLOCK16/SES164/SA164S29	SES002	0.0613394	12.969	12.9077
BLOCK16/SES164/SA164S29	SES019	-1.71539	11.1923	12.9077
BLOCK16/SES164/SA164S29	SES125	-1.28321	11.6244	12.9077
BLOCK16/SES164/SA164S29	SES226	-1.86668	11.041	12.9077
BLOCK16/SES169/SA169S13	SES117	-1.32392	12.4699	13.7938
BLOCK16/SES169/SA169S13	SES144	-1.14955	12.6443	13.7938
BLOCK16/SES169/SA169S13	SES146	-1.14548	12.6483	13.7938
BLOCK16/SES169/SA169S13	SES162	-0.755893	13.0379	13.7938
BLOCK16/SES169/SA169S14	SES144	-1.70176	13.4413	15.143
BLOCK16/SES169/SA169S14	SES148	-2.28696	12.8561	15.143
BLOCK16/SES169/SA169S14	SES177	-1.43428	13.7088	15.143
BLOCK16/SES169/SA169S14	SES180	-1.97689	13.1662	15.143
BLOCK16/SES169/SA169S24	SES117	-1.30153	11.8539	13.1554
BLOCK16/SES169/SA169S24	SES144	-0.467085	12.6883	13.1554
BLOCK16/SES169/SA169S24	SES146	-0.893675	12.2617	13.1554
BLOCK16/SES169/SA169S24	SES162	-0.574083	12.5813	13.1554
BLOCK16/SES169/SA169S27	SES127	-1.13149	12.7415	13.873
BLOCK16/SES169/SA169S27	SES129	-1.54907	12.3239	13.873
BLOCK16/SES169/SA169S27	SES144	-1.43851	12.4345	13.873
BLOCK16/SES169/SA169S27	SES146	-0.463858	13.4091	13.873
BLOCK16/SES169/SA169S29	SES144	-0.914783	13.8483	14.763
BLOCK16/SES169/SA169S29	SES162	-0.130219	14.6328	14.763
BLOCK16/SES169/SA169S29	SES177	-1.93735	12.8257	14.763
BLOCK16/SES169/SA169S29	SES180	-1.34324	13.4198	14.763
BLOCK17/SES171/SA171S12	SES083	-1.54977	12.0557	13.6055
BLOCK17/SES171/SA171S12	SES148	-2.158	11.4475	13.6055
BLOCK17/SES171/SA171S12	SES172	-1.33176	12.2737	13.6055
BLOCK17/SES171/SA171S12	SES292	-2.04088	11.5646	13.6055
BLOCK17/SES171/SA171S15	SES148	-2.06025	10.9365	12.9968
BLOCK17/SES171/SA171S15	SES177	-0.956131	12.0407	12.9968
BLOCK17/SES171/SA171S15	SES180	-2.66499	10.3318	12.9968
BLOCK17/SES171/SA171S15	SES292	-2.07397	10.9228	12.9968
BLOCK17/SES171/SA171S22	SES007	-1.78357	13.0426	14.8262
BLOCK17/SES171/SA171S22	SES148	-1.85686	12.9693	14.8262
BLOCK17/SES171/SA171S22	SES177	-0.746225	14.08	14.8262
BLOCK17/SES171/SA171S22	SES180	-2.67196	12.1542	14.8262
BLOCK17/SES171/SA171S25	SES101	-1.85488	11.3253	13.1802
BLOCK17/SES171/SA171S25	SES120	-2.82247	10.3577	13.1802
BLOCK17/SES171/SA171S25	SES177	-1.18209	11.9981	13.1802
BLOCK17/SES171/SA171S25	SES180	-2.50147	10.6787	13.1802
BLOCK17/SES171/SA171S27	SES177	-0.849953	12.7853	13.6352
BLOCK17/SES171/SA171S27	SES180	-2.48475	11.1505	13.6352
BLOCK17/SES171/SA171S27	SES189	-1.27499	12.3602	13.6352
BLOCK17/SES171/SA171S27	SES292	-1.87636	11.7589	13.6352
BLOCK17/SES173/SA173S13	SES162	-3.29103	10.4472	13.7382
BLOCK17/SES173/SA173S13	SES177	-1.77569	11.9625	13.7382
BLOCK17/SES173/SA173S13	SES180	-2.78157	10.9566	13.7382
BLOCK17/SES173/SA173S13	SES292	-0.668793	13.0694	13.7382
BLOCK17/SES173/SA173S14	SES007	-2.06759	10.7654	12.833
BLOCK17/SES173/SA173S14	SES162	-3.18094	9.65204	12.833
BLOCK17/SES173/SA173S14	SES177	-1.36617	11.4668	12.833
BLOCK17/SES173/SA173S14	SES180	-3.07683	9.75616	12.833
BLOCK17/SES173/SA173S24	SES144	-2.56291	10.2848	12.8477
BLOCK17/SES173/SA173S24	SES162	-3.12106	9.7266	12.8477
BLOCK17/SES173/SA173S24	SES177	-1.32889	11.5188	12.8477
BLOCK17/SES173/SA173S24	SES180	-3.11167	9.736	12.8477
BLOCK17/SES173/SA173S27	SES162	-3.66196	10.185	13.847
BLOCK17/SES173/SA173S27	SES177	-1.91084	11.9361	13.847
BLOCK17/SES173/SA173S27	SES180	-2.05796	11.789	13.847
BLOCK17/SES173/SA173S27	SES292	-0.328331	13.5186	13.847
BLOCK17/SES173/SA173S29	SES162	-2.46251	11.3364	13.7989
BLOCK17/SES173/SA173S29	SES175	-1.46476	12.3341	13.7989
BLOCK17/SES173/SA173S29	SES177	-1.14068	12.6582	13.7989
BLOCK17/SES173/SA173S29	SES292	-1.8291	11.9698	13.7989
BLOCK18/SES182/SA182S10	SES144	-1.81628	11.8175	13.6338
BLOCK18/SES182/SA182S10	SES177	-1.40713	12.2267	13.6338
BLOCK18/SES182/SA182S10	SES180	-2.6841	10.9497	13.6338
BLOCK18/SES182/SA182S10	SES275	-0.306978	13.3268	13.6338
BLOCK18/SES182/SA182S12	SES144	-0.710844	13.3489	14.0597
BLOCK18/SES182/SA182S12	SES177	-1.12056	12.9391	14.0597
BLOCK18/SES182/SA182S12	SES180	-1.3141	12.7456	14.0597
BLOCK18/SES182/SA182S12	SES275	-0.826467	13.2332	14.0597
BLOCK18/SES182/SA182S21	SES117	-1.55828	11.8194	13.3777
BLOCK18/SES182/SA182S21	SES144	-1.48734	11.8903	13.3777
BLOCK18/SES182/SA182S21	SES162	-1.21182	12.1658	13.3777
BLOCK18/SES182/SA182S21	SES180	-2.30854	11.0691	13.3777
BLOCK18/SES182/SA182S23	SES117	-1.18558	12.2291	13.4147
BLOCK18/SES182/SA182S23	SES144	-1.80571	11.609	13.4147
BLOCK18/SES182/SA182S23	SES180	-2.27822	11.1364	13.4147
BLOCK18/SES182/SA182S23	SES275	-0.554179	12.8605	13.4147
BLOCK18/SES182/SA182S25	SES007	0.146329	13.9963	13.85
BLOCK18/SES182/SA182S25	SES162	-1.00453	12.8455	13.85
BLOCK18/SES182/SA182S25	SES177	-1.15951	12.6905	13.85
BLOCK18/SES182/SA182S25	SES180	-1.82413	12.0259	13.85
BLOCK18/SES184/SA184S12	SES177	-1.58282	12.3719	13.9547
BLOCK18/SES184/SA184S12	SES180	-1.43745	12.5173	13.9547
BLOCK18/SES184/SA184S12	SES189	-1.94475	12.01	13.9547
BLOCK18/SES184/SA184S12	SES292	-1.79981	12.1549	13.9547
BLOCK18/SES184/SA184S13	SES101	-1.51668	12.5655	14.0822
BLOCK18/SES184/SA184S13	SES177	-1.99535	12.0868	14.0822
BLOCK18/SES184/SA184S13	SES180	-2.01669	12.0655	14.0822
BLOCK18/SES184/SA184S13	SES292	-2.26394	11.8183	14.0822
BLOCK18/SES184/SA184S22	SES177	-1.73247	13.8135	15.546
BLOCK18/SES184/SA184S22	SES180	-1.76952	13.7765	15.546
BLOCK18/SES184/SA184S22	SES189	-2.86367	12.6823	15.546
BLOCK18/SES184/SA184S22	SES292	-2.29677	13.2492	15.546
BLOCK18/SES184/SA184S25	SES101	-0.945986	14.8736	15.8196
BLOCK18/SES184/SA184S25	SES177	-2.60562	13.214	15.8196
BLOCK18/SES184/SA184S25	SES180	-1.81814	14.0014	15.8196
BLOCK18/SES184/SA184S25	SES292	-1.71368	14.1059	15.8196
BLOCK18/SES184/SA184S27	SES083	-1.19125	12.7104	13.9017
BLOCK18/SES184/SA184S27	SES177	-1.29556	12.6061	13.9017
BLOCK18/SES184/SA184S27	SES202	-1.75003	12.1516	13.9017
BLOCK18/SES184/SA184S27	SES292	-1.97335	11.9283	13.9017
BLOCK20/SES204/SA204S12	SES062	-1.02057	14.1801	15.2007
BLOCK20/SES204/SA204S12	SES083	-2.39054	12.8101	15.2007
BLOCK20/SES204/SA204S12	SES206	-1.73268	13.468	15.2007
BLOCK20/SES204/SA204S12	SES226	-2.77381	12.4269	15.2007
BLOCK20/SES204/SA204S14	SES068	-1.45065	15.0521	16.5027
BLOCK20/SES204/SA204S14	SES087	-0.154276	16.3485	16.5027
BLOCK20/SES204/SA204S14	SES206	-1.86586	14.6369	16.5027
BLOCK20/SES204/SA204S14	SES226	-2.65817	13.8446	16.5027
BLOCK20/SES204/SA204S22	SES068	-1.63391	14.0339	15.6679
BLOCK20/SES204/SA204S22	SES082	-2.86172	12.8061	15.6679
BLOCK20/SES204/SA204S22	SES083	-3.38135	12.2865	15.6679
BLOCK20/SES204/SA204S22	SES206	-2.2293	13.4386	15.6679
BLOCK20/SES204/SA204S25	SES062	-1.18565	14.3062	15.4918
BLOCK20/SES204/SA204S25	SES083	-2.75783	12.734	15.4918
BLOCK20/SES204/SA204S25	SES206	-1.1873	14.3045	15.4918
BLOCK20/SES204/SA204S25	SES226	-2.39028	13.1015	15.4918
BLOCK20/SES204/SA204S27	SES068	-1.3244	13.471	14.7954
BLOCK20/SES204/SA204S27	SES082	-2.67728	12.1181	14.7954
BLOCK20/SES204/SA204S27	SES087	-0.920126	13.8753	14.7954
BLOCK20/SES204/SA204S27	SES206	-1.58031	13.2151	14.7954
BLOCK20/SES207/SA207S10	SES127	-1.59847	12.06	13.6585
BLOCK20/SES207/SA207S10	SES183	-1.84141	11.8171	13.6585
BLOCK20/SES207/SA207S10	SES189	-1.66027	11.9982	13.6585
BLOCK20/SES207/SA207S10	SES292	-1.73129	11.9272	13.6585
BLOCK20/SES207/SA207S11	SES127	-1.90702	11.4187	13.3257
BLOCK20/SES207/SA207S11	SES183	-1.39116	11.9345	13.3257
BLOCK20/SES207/SA207S11	SES187	-1.71377	11.6119	13.3257
BLOCK20/SES207/SA207S11	SES292	-1.11864	12.2071	13.3257
BLOCK20/SES207/SA207S25	SES068	-1.57787	12.1183	13.6962
BLOCK20/SES207/SA207S25	SES083	-2.01194	11.6843	13.6962
BLOCK20/SES207/SA207S25	SES127	-1.14789	12.5483	13.6962
BLOCK20/SES207/SA207S25	SES187	-1.47682	12.2194	13.6962
BLOCK20/SES207/SA207S27	SES127	-1.82694	10.5995	12.4264
BLOCK20/SES207/SA207S27	SES183	-0.949821	11.4766	12.4264
BLOCK20/SES207/SA207S27	SES187	-1.44588	10.9806	12.4264
BLOCK20/SES207/SA207S27	SES292	-2.15878	10.2677	12.4264
BLOCK20/SES207/SA207S29	SES083	-2.13964	12.1777	14.3173
BLOCK20/SES207/SA207S29	SES085	-1.40868	12.9087	14.3173
BLOCK20/SES207/SA207S29	SES172	-1.3295	12.9878	14.3173
BLOCK20/SES207/SA207S29	SES189	-2.49705	11.8203	14.3173
BLOCK22/SES221/SA221S12	SES068	-0.993886	14.2438	15.2377
BLOCK22/SES221/SA221S12	SES143	-1.8398	13.3979	15.2377
BLOCK22/SES221/SA221S12	SES175	-0.836706	14.401	15.2377
BLOCK22/SES221/SA221S12	SES202	-1.31249	13.9252	15.2377
BLOCK22/SES221/SA221S15	SES085	-0.643966	12.8575	13.5015
BLOCK22/SES221/SA221S15	SES143	-2.02423	11.4772	13.5015
BLOCK22/SES221/SA221S15	SES175	-0.941778	12.5597	13.5015
BLOCK22/SES221/SA221S15	SES187	-1.83256	11.6689	13.5015
BLOCK22/SES221/SA221S23	SES068	-1.49854	12.8067	14.3052
BLOCK22/SES221/SA221S23	SES143	-1.82396	12.4813	14.3052
BLOCK22/SES221/SA221S23	SES175	-0.412496	13.8927	14.3052
BLOCK22/SES221/SA221S23	SES189	-1.01826	13.287	14.3052
BLOCK22/SES221/SA221S27	SES085	0.293087	14.9469	14.6539
BLOCK22/SES221/SA221S27	SES143	-1.35768	13.2962	14.6539
BLOCK22/SES221/SA221S27	SES175	-0.61767	14.0362	14.6539
BLOCK22/SES221/SA221S27	SES189	-0.551381	14.1025	14.6539
BLOCK22/SES221/SA221S29	SES085	-0.119255	12.3363	12.4555
BLOCK22/SES221/SA221S29	SES143	-0.89225	11.5633	12.4555
BLOCK22/SES221/SA221S29	SES175	-0.278673	12.1768	12.4555
BLOCK22/SES221/SA221S29	SES187	-1.44082	11.0147	12.4555
BLOCK22/SES223/SA223S11	SES143	-1.29828	10.7446	12.0428
BLOCK22/SES223/SA223S11	SES144	-2.93863	9.1042	12.0428
BLOCK22/SES223/SA223S11	SES175	-0.810313	11.2325	12.0428
BLOCK22/SES223/SA223S11	SES187	-1.9692	10.0736	12.0428
BLOCK22/SES223/SA223S13	SES068	-1.05066	11.1074	12.1581
BLOCK22/SES223/SA223S13	SES143	-2.35084	9.80723	12.1581
BLOCK22/SES223/SA223S13	SES146	-2.46869	9.68938	12.1581
BLOCK22/SES223/SA223S13	SES202	-1.90624	10.2518	12.1581
BLOCK22/SES223/SA223S22	SES143	-1.47588	11.219	12.6948
BLOCK22/SES223/SA223S22	SES144	-2.74639	9.94846	12.6948
BLOCK22/SES223/SA223S22	SES175	-1.32064	11.3742	12.6948
BLOCK22/SES223/SA223S22	SES187	-1.22922	11.4656	12.6948
BLOCK22/SES223/SA223S25	SES068	-1.45317	11.4792	12.9324
BLOCK22/SES223/SA223S25	SES143	-1.89628	11.0361	12.9324
BLOCK22/SES223/SA223S25	SES175	-0.791907	12.1404	12.9324
BLOCK22/SES223/SA223S25	SES187	-1.25063	11.6817	12.9324
BLOCK22/SES223/SA223S27	SES143	-1.33951	10.8657	12.2053
BLOCK22/SES223/SA223S27	SES146	-1.75082	10.4544	12.2053
BLOCK22/SES223/SA223S27	SES187	-2.21388	9.99138	12.2053
BLOCK22/SES223/SA223S27	SES292	-1.00066	11.2046	12.2053
BLOCK27/SES273/SA273S12	SES099	-0.523292	15.8782	16.4015
BLOCK27/SES273/SA273S12	SES104	-0.936853	15.4646	16.4015
BLOCK27/SES273/SA273S12	SES125	-1.67763	14.7238	16.4015
BLOCK27/SES273/SA273S12	SES206	-0.486122	15.9154	16.4015
BLOCK27/SES273/SA273S13	SES099	-0.855652	16.0164	16.8721
BLOCK27/SES273/SA273S13	SES104	-1.14334	15.7287	16.8721
BLOCK27/SES273/SA273S13	SES206	-1.46076	15.4113	16.8721
BLOCK27/SES273/SA273S13	SES292	-1.60609	15.266	16.8721
BLOCK27/SES273/SA273S21	SES099	-0.333572	15.7608	16.0944
BLOCK27/SES273/SA273S21	SES148	-2.95498	13.1394	16.0944
BLOCK27/SES273/SA273S21	SES149	-1.53426	14.5601	16.0944
BLOCK27/SES273/SA273S21	SES177	-1.98493	14.1094	16.0944
BLOCK27/SES273/SA273S25	SES104	-1.40464	14.2593	15.6639
BLOCK27/SES273/SA273S25	SES125	-1.6392	14.0247	15.6639
BLOCK27/SES273/SA273S25	SES158	-0.746722	14.9172	15.6639
BLOCK27/SES273/SA273S25	SES206	-0.729048	14.9349	15.6639
BLOCK27/SES273/SA273S27	SES099	-0.329857	15.3886	15.7185
BLOCK27/SES273/SA273S27	SES104	-1.30395	14.4145	15.7185
BLOCK27/SES273/SA273S27	SES149	-1.34543	14.3731	15.7185
BLOCK27/SES273/SA273S27	SES275	-1.5471	14.1714	15.7185
BLOCK27/SES274/SA274S10	SES105	-2.13432	13.0036	15.1379
BLOCK27/SES274/SA274S10	SES125	-2.8476	12.2903	15.1379
BLOCK27/SES274/SA274S10	SES129	-1.05571	14.0822	15.1379
BLOCK27/SES274/SA274S10	SES158	-3.59954	11.5384	15.1379
BLOCK27/SES274/SA274S11	SES105	-1.57821	14.2223	15.8005
BLOCK27/SES274/SA274S11	SES149	-2.66915	13.1314	15.8005
BLOCK27/SES274/SA274S11	SES158	-2.79015	13.0104	15.8005
BLOCK27/SES274/SA274S11	SES275	-1.01487	14.7856	15.8005
BLOCK27/SES274/SA274S21	SES105	-1.71181	13.1378	14.8496
BLOCK27/SES274/SA274S21	SES129	-0.504208	14.3454	14.8496
BLOCK27/SES274/SA274S21	SES149	-1.21585	13.6337	14.8496
BLOCK27/SES274/SA274S21	SES158	-4.30944	10.5401	14.8496
BLOCK27/SES274/SA274S24	SES105	-1.76057	14.3732	16.1338
BLOCK27/SES274/SA274S24	SES129	-0.69866	15.4351	16.1338
BLOCK27/SES274/SA274S24	SES149	-1.9648	14.169	16.1338
BLOCK27/SES274/SA274S24	SES158	-4.24379	11.89	16.1338
BLOCK27/SES274/SA274S29	SES105	-2.02308	12.8342	14.8573
BLOCK27/SES274/SA274S29	SES106	-3.22786	11.6294	14.8573
BLOCK27/SES274/SA274S29	SES120	-1.39468	13.4626	14.8573
BLOCK27/SES274/SA274S29	SES275	-1.15342	13.7039	14.8573
BLOCK27/SES276/SA276S16	SES148	-2.22448	12.0741	14.2986
BLOCK27/SES276/SA276S16	SES172	-1.62658	12.672	14.2986
BLOCK27/SES276/SA276S16	SES180	-2.82816	11.4704	14.2986
BLOCK27/SES276/SA276S16	SES292	-1.65692	12.6416	14.2986
BLOCK27/SES276/SA276S17	SES101	-1.12492	13.7724	14.8973
BLOCK27/SES276/SA276S17	SES177	-1.81323	13.0841	14.8973
BLOCK27/SES276/SA276S17	SES180	-1.72438	13.1729	14.8973
BLOCK27/SES276/SA276S17	SES292	-1.82433	13.073	14.8973
BLOCK27/SES276/SA276S24	SES101	-0.810355	14.6656	15.4759
BLOCK27/SES276/SA276S24	SES177	-1.21228	14.2637	15.4759
BLOCK27/SES276/SA276S24	SES180	-1.77248	13.7035	15.4759
BLOCK27/SES276/SA276S24	SES292	-2.91169	12.5642	15.4759
BLOCK27/SES276/SA276S26	SES101	-2.23414	13.8531	16.0872
BLOCK27/SES276/SA276S26	SES177	-1.06613	15.0211	16.0872
BLOCK27/SES276/SA276S26	SES180	-0.41367	15.6735	16.0872
BLOCK27/SES276/SA276S26	SES292	-0.403722	15.6835	16.0872
BLOCK27/SES276/SA276S28	SES101	-1.13741	14.05	15.1875
BLOCK27/SES276/SA276S28	SES177	-1.74079	13.4467	15.1875
BLOCK27/SES276/SA276S28	SES180	-0.49394	14.6935	15.1875
BLOCK27/SES276/SA276S28	SES292	-1.35187	13.8356	15.1875
BLOCK27/SES277/SA277S12	SES101	-0.766549	11.9493	12.7158
BLOCK27/SES277/SA277S12	SES177	-2.06134	10.6545	12.7158
BLOCK27/SES277/SA277S12	SES180	-2.65993	10.0559	12.7158
BLOCK27/SES277/SA277S12	SES292	-2.49685	10.219	12.7158
BLOCK27/SES277/SA277S14	SES177	-1.11187	11.0602	12.1721
BLOCK27/SES277/SA277S14	SES180	-2.65998	9.51209	12.1721
BLOCK27/SES277/SA277S14	SES189	-0.523716	11.6484	12.1721
BLOCK27/SES277/SA277S14	SES292	-2.44796	9.72411	12.1721
BLOCK27/SES277/SA277S21	SES177	-0.868708	13.0517	13.9204
BLOCK27/SES277/SA277S21	SES180	-2.20946	11.711	13.9204
BLOCK27/SES277/SA277S21	SES189	-0.702356	13.2181	13.9204
BLOCK27/SES277/SA277S21	SES292	-2.29893	11.6215	13.9204
BLOCK27/SES277/SA277S24	SES144	-1.65888	10.5593	12.2181
BLOCK27/SES277/SA277S24	SES177	-1.08788	11.1303	12.2181
BLOCK27/SES277/SA277S24	SES180	-2.85944	9.35869	12.2181
BLOCK27/SES277/SA277S24	SES189	-1.02393	11.1942	12.2181
BLOCK27/SES277/SA277S29	SES177	-1.15736	13.6888	14.8462
BLOCK27/SES277/SA277S29	SES180	-2.10679	12.7394	14.8462
BLOCK27/SES277/SA277S29	SES202	-1.54031	13.3059	14.8462
BLOCK27/SES277/SA277S29	SES292	-2.50186	12.3443	14.8462
BLOCK27/SES279/SA279S09	SES120	-1.95202	13.0203	14.9723
BLOCK27/SES279/SA279S09	SES146	-2.36108	12.6112	14.9723
BLOCK27/SES279/SA279S09	SES206	-1.85828	13.114	14.9723
BLOCK27/SES279/SA279S09	SES226	-2.92506	12.0472	14.9723
BLOCK27/SES279/SA279S10	SES099	-0.292841	14.6041	14.897
BLOCK27/SES279/SA279S10	SES206	-0.875385	14.0216	14.897
BLOCK27/SES279/SA279S10	SES226	-2.16896	12.728	14.897
BLOCK27/SES279/SA279S10	SES292	-0.300897	14.5961	14.897
BLOCK27/SES279/SA279S20	SES099	-1.98784	12.9009	14.8887
BLOCK27/SES279/SA279S20	SES206	-0.439379	14.4494	14.8887
BLOCK27/SES279/SA279S20	SES226	-2.29252	12.5962	14.8887
BLOCK27/SES279/SA279S20	SES292	-0.403343	14.4854	14.8887
BLOCK27/SES279/SA279S26	SES099	-0.857793	14.083	14.9408
BLOCK27/SES279/SA279S26	SES206	-0.692529	14.2483	14.9408
BLOCK27/SES279/SA279S26	SES226	-2.72741	12.2134	14.9408
BLOCK27/SES279/SA279S26	SES292	-0.670791	14.2701	14.9408
BLOCK27/SES279/SA279S28	SES099	-1.22368	15.4225	16.6462
BLOCK27/SES279/SA279S28	SES120	-1.2485	15.3977	16.6462
BLOCK27/SES279/SA279S28	SES177	-2.04776	14.5985	16.6462
BLOCK27/SES279/SA279S28	SES206	-1.52604	15.1202	16.6462
BLOCK29/SES290/SA290S12	SES162	-0.881178	13.851	14.7321
BLOCK29/SES290/SA290S12	SES177	-0.947659	13.7845	14.7321
BLOCK29/SES290/SA290S12	SES180	-1.98952	12.7426	14.7321
BLOCK29/SES290/SA290S12	SES292	-1.87204	12.8601	14.7321
BLOCK29/SES290/SA290S13	SES007	-1.53068	13.1498	14.6804
BLOCK29/SES290/SA290S13	SES162	-2.55874	12.1217	14.6804
BLOCK29/SES290/SA290S13	SES177	-0.758212	13.9222	14.6804
BLOCK29/SES290/SA290S13	SES180	-1.47788	13.2026	14.6804
BLOCK29/SES290/SA290S22	SES177	-0.922713	13.1143	14.037
BLOCK29/SES290/SA290S22	SES180	-1.74489	12.2921	14.037
BLOCK29/SES290/SA290S22	SES202	-1.70514	12.3319	14.037
BLOCK29/SES290/SA290S22	SES292	-1.39515	12.6419	14.037
BLOCK29/SES290/SA290S25	SES162	-1.48816	13.5298	15.0179
BLOCK29/SES290/SA290S25	SES177	-1.35542	13.6625	15.0179
BLOCK29/SES290/SA290S25	SES180	-1.57579	13.4421	15.0179
BLOCK29/SES290/SA290S25	SES292	-1.34588	13.672	15.0179
BLOCK29/SES290/SA290S29	SES177	-0.624951	13.8649	14.4898
BLOCK29/SES290/SA290S29	SES180	-1.01044	13.4794	14.4898
BLOCK29/SES290/SA290S29	SES275	-1.45874	13.0311	14.4898
BLOCK29/SES290/SA290S29	SES292	-1.1164	13.3734	14.4898
BLOCK29/SES291/SA291S11	SES105	-2.95826	10.1381	13.0964
BLOCK29/SES291/SA291S11	SES125	-0.876915	12.2195	13.0964
BLOCK29/SES291/SA291S11	SES158	-0.877344	12.2191	13.0964
BLOCK29/SES291/SA291S11	SES275	-2.38561	10.7108	13.0964
BLOCK29/SES291/SA291S12	SES158	0.349543	13.8267	13.4771
BLOCK29/SES291/SA291S12	SES226	-1.87342	11.6037	13.4771
BLOCK29/SES291/SA291S12	SES270	1.06935	14.5465	13.4771
BLOCK29/SES291/SA291S12	SES275	-3.67798	9.79916	13.4771
BLOCK29/SES291/SA291S22	SES082	-0.518094	13.4334	13.9515
BLOCK29/SES291/SA291S22	SES158	-0.868773	13.0827	13.9515
BLOCK29/SES291/SA291S22	SES259	-1.63468	12.3168	13.9515
BLOCK29/SES291/SA291S22	SES275	-2.75673	11.1948	13.9515
BLOCK29/SES291/SA291S24	SES104	-0.0550947	15.3515	15.4066
BLOCK29/SES291/SA291S24	SES125	-0.676812	14.7298	15.4066
BLOCK29/SES291/SA291S24	SES158	-0.428697	14.9779	15.4066
BLOCK29/SES291/SA291S24	SES275	-3.00506	12.4016	15.4066
BLOCK29/SES291/SA291S27	SES158	0.378139	15.0407	14.6625
BLOCK29/SES291/SA291S27	SES172	-3.49224	11.1703	14.6625
BLOCK29/SES291/SA291S27	SES275	-3.2812	11.3813	14.6625
BLOCK29/SES291/SA291S27	SES292	-1.59771	13.0648	14.6625
